#
# There is insufficient memory for the Java Runtime Environment to continue.
# Native memory allocation (malloc) failed to allocate 2788656 bytes for Chunk::new
# Possible reasons:
#   The system is out of physical RAM or swap space
#   The process is running with CompressedOops enabled, and the Java Heap may be blocking the growth of the native heap
# Possible solutions:
#   Reduce memory load on the system
#   Increase physical memory or swap space
#   Check if swap backing store is full
#   Decrease Java heap size (-Xmx/-Xms)
#   Decrease number of Java threads
#   Decrease Java thread stack sizes (-Xss)
#   Set larger code cache with -XX:ReservedCodeCacheSize=
#   JVM is running with Zero Based Compressed Oops mode in which the Java heap is
#     placed in the first 32GB address space. The Java Heap base address is the
#     maximum limit for the native heap growth. Please use -XX:HeapBaseMinAddress
#     to set the Java Heap base and to place the Java Heap above 32GB virtual address.
# This output file may be truncated or incomplete.
#
#  Out of Memory Error (arena.cpp:189), pid=35660, tid=8692
#
# JRE version: Java(TM) SE Runtime Environment (17.0.12+8) (build 17.0.12+8-LTS-286)
# Java VM: Java HotSpot(TM) 64-Bit Server VM (17.0.12+8-LTS-286, mixed mode, sharing, tiered, compressed oops, compressed class ptrs, g1 gc, windows-amd64)
# No core dump will be written. Minidumps are not enabled by default on client versions of Windows
#

---------------  S U M M A R Y ------------

Command Line: --add-opens=java.base/java.lang=ALL-UNNAMED --add-opens=java.base/java.lang.invoke=ALL-UNNAMED --add-opens=java.base/java.util=ALL-UNNAMED --add-opens=java.prefs/java.util.prefs=ALL-UNNAMED --add-exports=jdk.compiler/com.sun.tools.javac.api=ALL-UNNAMED --add-exports=jdk.compiler/com.sun.tools.javac.util=ALL-UNNAMED --add-opens=java.base/java.util=ALL-UNNAMED --add-opens=java.prefs/java.util.prefs=ALL-UNNAMED --add-opens=java.base/java.nio.charset=ALL-UNNAMED --add-opens=java.base/java.net=ALL-UNNAMED --add-opens=java.base/java.util.concurrent=ALL-UNNAMED --add-opens=java.base/java.util.concurrent.atomic=ALL-UNNAMED --add-opens=java.xml/javax.xml.namespace=ALL-UNNAMED -XX:MaxMetaspaceSize=1024m -Xmx4096m -Dfile.encoding=windows-1252 -Duser.country=IN -Duser.language=en -Duser.variant -javaagent:C:\Users\VK\.gradle\wrapper\dists\gradle-9.0.0-bin\d6wjpkvcgsg3oed0qlfss3wgl\gradle-9.0.0\lib\agents\gradle-instrumentation-agent-9.0.0.jar org.gradle.launcher.daemon.bootstrap.GradleDaemon 9.0.0

Host: 11th Gen Intel(R) Core(TM) i5-11320H @ 3.20GHz, 8 cores, 15G,  Windows 11 , 64 bit Build 26100 (10.0.26100.7019)
Time: Tue Nov  4 16:19:09 2025 India Standard Time elapsed time: 46.379245 seconds (0d 0h 0m 46s)

---------------  T H R E A D  ---------------

Current thread (0x0000017ee0d666a0):  JavaThread "C2 CompilerThread2" daemon [_thread_in_native, id=8692, stack(0x0000000be1100000,0x0000000be1200000)]


Current CompileTask:
C2:  46379 19322       4       org.gradle.api.internal.artifacts.ivyservice.resolveengine.graph.builder.DependencyGraphBuilder::resolveEdges (47 bytes)

Stack: [0x0000000be1100000,0x0000000be1200000]
Native frames: (J=compiled Java code, j=interpreted, Vv=VM code, C=native code)
V  [jvm.dll+0x67a04a]
V  [jvm.dll+0x7da4ed]
V  [jvm.dll+0x7dbe33]
V  [jvm.dll+0x7dc4a3]
V  [jvm.dll+0x24508f]
V  [jvm.dll+0xab773]
V  [jvm.dll+0xabd3c]
V  [jvm.dll+0x361b9f]
V  [jvm.dll+0x1ba64a]
V  [jvm.dll+0x216997]
V  [jvm.dll+0x215c6f]
V  [jvm.dll+0x1a2960]
V  [jvm.dll+0x22610b]
V  [jvm.dll+0x2242ab]
V  [jvm.dll+0x79075c]
V  [jvm.dll+0x78abea]
V  [jvm.dll+0x678f35]
C  [ucrtbase.dll+0x37b0]
C  [KERNEL32.DLL+0x2e8d7]
C  [ntdll.dll+0x8c53c]


---------------  P R O C E S S  ---------------

Threads class SMR info:
_java_thread_list=0x0000017ee05b2580, length=147, elements={
0x0000017ef75054c0, 0x0000017e9a4469a0, 0x0000017e9a447fe0, 0x0000017e9a459040,
0x0000017e9a45ba20, 0x0000017e9a45ce60, 0x0000017e9a45ea40, 0x0000017e9a4665a0,
0x0000017e9a46cf10, 0x0000017e9a476040, 0x0000017effd01670, 0x0000017e9a652310,
0x0000017ed5610b10, 0x0000017ed558b890, 0x0000017ed558bf50, 0x0000017ed5d31220,
0x0000017ed5dd7010, 0x0000017ed5e58930, 0x0000017ed60aa3f0, 0x0000017ed60ab830,
0x0000017ed60a9ee0, 0x0000017ed60aae10, 0x0000017ed60aa900, 0x0000017ed60abd40,
0x0000017ed60ab320, 0x0000017ed60ac250, 0x0000017ed60a8aa0, 0x0000017ed60a8fb0,
0x0000017ed60a94c0, 0x0000017ed6310a90, 0x0000017ed63128f0, 0x0000017ed6310fa0,
0x0000017ed6312e00, 0x0000017ed6310580, 0x0000017ed6313310, 0x0000017ed6313820,
0x0000017ed63119c0, 0x0000017ed6311ed0, 0x0000017ed63114b0, 0x0000017ed63123e0,
0x0000017ed6310070, 0x0000017ed63174e0, 0x0000017ed6313d30, 0x0000017ed6315680,
0x0000017ed63179f0, 0x0000017ed63160a0, 0x0000017ed6316ac0, 0x0000017ed6315b90,
0x0000017ed6314240, 0x0000017ed6315170, 0x0000017ed6314750, 0x0000017ed6316fd0,
0x0000017ed6314c60, 0x0000017ed63165b0, 0x0000017ed74b05d0, 0x0000017ed74ae770,
0x0000017ed74b0ae0, 0x0000017ed74b1500, 0x0000017ed74aec80, 0x0000017ed74af190,
0x0000017ed74af6a0, 0x0000017ed74afbb0, 0x0000017ed74b0ff0, 0x0000017ed74b1a10,
0x0000017ed74b5be0, 0x0000017ed74b51c0, 0x0000017ed74b3d80, 0x0000017ed74b4290,
0x0000017ed74b4cb0, 0x0000017ed74b47a0, 0x0000017ed74b2430, 0x0000017ed74b2940,
0x0000017ed74b3870, 0x0000017ed6555900, 0x0000017ed65549d0, 0x0000017ed6555e10,
0x0000017ed6556320, 0x0000017ed65553f0, 0x0000017ed6558180, 0x0000017ed6556830,
0x0000017ed6557250, 0x0000017ed6556d40, 0x0000017ed6557760, 0x0000017ed6557c70,
0x0000017ed6558690, 0x0000017ed6554ee0, 0x0000017ed655b420, 0x0000017ed655a4f0,
0x0000017ed655b930, 0x0000017ed655c350, 0x0000017ed6558ba0, 0x0000017ed655be40,
0x0000017ed65590b0, 0x0000017ed6559fe0, 0x0000017ed655aa00, 0x0000017ed655af10,
0x0000017ed65595c0, 0x0000017ed6559ad0, 0x0000017ed9e5b950, 0x0000017ed9e5be60,
0x0000017ed9e5c880, 0x0000017ed9e5cd90, 0x0000017ed9e5c370, 0x0000017ed9e5af30,
0x0000017ed9e5d7b0, 0x0000017ed9e5dcc0, 0x0000017ed9e5e1d0, 0x0000017ed9e5aa20,
0x0000017ed9e5e6e0, 0x0000017ed9e5ebf0, 0x0000017ed9e5b440, 0x0000017ed9e61e90,
0x0000017ed9e61470, 0x0000017ed9e60f60, 0x0000017ed9e61980, 0x0000017ed9e60a50,
0x0000017ed9e5f100, 0x0000017ed9e5f610, 0x0000017ed9e60540, 0x0000017ed9e5fb20,
0x0000017ed9e60030, 0x0000017ed9e623a0, 0x0000017ed8c72ec0, 0x0000017ed8c71570,
0x0000017ed8c71a80, 0x0000017ed8c733d0, 0x0000017ed8c738e0, 0x0000017ed8c73df0,
0x0000017ed8c729b0, 0x0000017ed8c74810, 0x0000017ed8c71f90, 0x0000017ed8c74300,
0x0000017ed8c71060, 0x0000017ed8c75c50, 0x0000017ed8c74d20, 0x0000017ed8c76670,
0x0000017ed8c76b80, 0x0000017ed8c784d0, 0x0000017ed8c775a0, 0x0000017ed74b3360,
0x0000017eda7386d0, 0x0000017eda73aa40, 0x0000017eda73e700, 0x0000017eda73f120,
0x0000017eda73d7d0, 0x0000017ed81ceae0, 0x0000017ee0d666a0
}

Java Threads: ( => current thread )
  0x0000017ef75054c0 JavaThread "main" [_thread_blocked, id=4160, stack(0x0000000bd6c00000,0x0000000bd6d00000)]
  0x0000017e9a4469a0 JavaThread "Reference Handler" daemon [_thread_blocked, id=31812, stack(0x0000000bd7300000,0x0000000bd7400000)]
  0x0000017e9a447fe0 JavaThread "Finalizer" daemon [_thread_blocked, id=6244, stack(0x0000000bd7400000,0x0000000bd7500000)]
  0x0000017e9a459040 JavaThread "Signal Dispatcher" daemon [_thread_blocked, id=9520, stack(0x0000000bd7500000,0x0000000bd7600000)]
  0x0000017e9a45ba20 JavaThread "Attach Listener" daemon [_thread_blocked, id=25720, stack(0x0000000bd7600000,0x0000000bd7700000)]
  0x0000017e9a45ce60 JavaThread "Service Thread" daemon [_thread_blocked, id=25020, stack(0x0000000bd7700000,0x0000000bd7800000)]
  0x0000017e9a45ea40 JavaThread "Monitor Deflation Thread" daemon [_thread_blocked, id=34540, stack(0x0000000bd7800000,0x0000000bd7900000)]
  0x0000017e9a4665a0 JavaThread "C2 CompilerThread0" daemon [_thread_in_native, id=22616, stack(0x0000000bd7900000,0x0000000bd7a00000)]
  0x0000017e9a46cf10 JavaThread "C1 CompilerThread0" daemon [_thread_blocked, id=8556, stack(0x0000000bd7a00000,0x0000000bd7b00000)]
  0x0000017e9a476040 JavaThread "Sweeper thread" daemon [_thread_blocked, id=32792, stack(0x0000000bd7b00000,0x0000000bd7c00000)]
  0x0000017effd01670 JavaThread "Common-Cleaner" daemon [_thread_blocked, id=31048, stack(0x0000000bd7c00000,0x0000000bd7d00000)]
  0x0000017e9a652310 JavaThread "Notification Thread" daemon [_thread_blocked, id=29692, stack(0x0000000bd7d00000,0x0000000bd7e00000)]
  0x0000017ed5610b10 JavaThread "Daemon health stats" [_thread_blocked, id=22712, stack(0x0000000bd8600000,0x0000000bd8700000)]
  0x0000017ed558b890 JavaThread "Incoming local TCP Connector on port 59812" [_thread_in_native, id=3964, stack(0x0000000bd7f00000,0x0000000bd8000000)]
  0x0000017ed558bf50 JavaThread "Daemon periodic checks" [_thread_blocked, id=34504, stack(0x0000000bd8700000,0x0000000bd8800000)]
  0x0000017ed5d31220 JavaThread "Daemon" [_thread_blocked, id=7944, stack(0x0000000bd8800000,0x0000000bd8900000)]
  0x0000017ed5dd7010 JavaThread "Handler for socket connection from /127.0.0.1:59812 to /127.0.0.1:59813" [_thread_in_native, id=34664, stack(0x0000000bd8900000,0x0000000bd8a00000)]
  0x0000017ed5e58930 JavaThread "Cancel handler" [_thread_blocked, id=5976, stack(0x0000000bd8a00000,0x0000000bd8b00000)]
  0x0000017ed60aa3f0 JavaThread "Daemon worker" [_thread_in_Java, id=3548, stack(0x0000000bd8b00000,0x0000000bd8c00000)]
  0x0000017ed60ab830 JavaThread "Asynchronous log dispatcher for DefaultDaemonConnection: socket connection from /127.0.0.1:59812 to /127.0.0.1:59813" [_thread_blocked, id=27500, stack(0x0000000bd8c00000,0x0000000bd8d00000)]
  0x0000017ed60a9ee0 JavaThread "Stdin handler" [_thread_blocked, id=14220, stack(0x0000000bd8d00000,0x0000000bd8e00000)]
  0x0000017ed60aae10 JavaThread "Daemon client event forwarder" [_thread_blocked, id=24468, stack(0x0000000bd8e00000,0x0000000bd8f00000)]
  0x0000017ed60aa900 JavaThread "Cache worker for journal cache (C:\Users\VK\.gradle\caches\journal-1)" [_thread_blocked, id=29532, stack(0x0000000bd8f00000,0x0000000bd9000000)]
  0x0000017ed60abd40 JavaThread "File lock request listener" [_thread_in_native, id=4652, stack(0x0000000bd9000000,0x0000000bd9100000)]
  0x0000017ed60ab320 JavaThread "Cache worker for file hash cache (C:\Users\VK\.gradle\caches\9.0.0\fileHashes)" [_thread_blocked, id=11244, stack(0x0000000bd9200000,0x0000000bd9300000)]
  0x0000017ed60ac250 JavaThread "Cache worker for file hash cache (D:\Sanchari\android\.gradle\9.0.0\fileHashes)" [_thread_blocked, id=4104, stack(0x0000000bd9500000,0x0000000bd9600000)]
  0x0000017ed60a8aa0 JavaThread "Cache worker for Build Output Cleanup Cache (D:\Sanchari\android\.gradle\buildOutputCleanup)" [_thread_blocked, id=7344, stack(0x0000000bd9600000,0x0000000bd9700000)]
  0x0000017ed60a8fb0 JavaThread "File watcher server" daemon [_thread_in_native, id=24336, stack(0x0000000bd9700000,0x0000000bd9800000)]
  0x0000017ed60a94c0 JavaThread "File watcher consumer" daemon [_thread_blocked, id=2436, stack(0x0000000bd9800000,0x0000000bd9900000)]
  0x0000017ed6310a90 JavaThread "Cache worker for checksums cache (D:\Sanchari\android\.gradle\9.0.0\checksums)" [_thread_blocked, id=2632, stack(0x0000000bd9100000,0x0000000bd9200000)]
  0x0000017ed63128f0 JavaThread "Cache worker for file content cache (C:\Users\VK\.gradle\caches\9.0.0\fileContent)" [_thread_blocked, id=26472, stack(0x0000000bd9900000,0x0000000bd9a00000)]
  0x0000017ed6310fa0 JavaThread "Cache worker for cache directory md-supplier (C:\Users\VK\.gradle\caches\9.0.0\md-supplier)" [_thread_blocked, id=21948, stack(0x0000000bd9e00000,0x0000000bd9f00000)]
  0x0000017ed6312e00 JavaThread "Cache worker for cache directory md-rule (C:\Users\VK\.gradle\caches\9.0.0\md-rule)" [_thread_blocked, id=27160, stack(0x0000000bd9f00000,0x0000000bda000000)]
  0x0000017ed6310580 JavaThread "jar transforms" [_thread_blocked, id=22732, stack(0x0000000bda000000,0x0000000bda100000)]
  0x0000017ed6313310 JavaThread "Cache worker for Build Output Cleanup Cache (D:\Sanchari\node_modules\@react-native\gradle-plugin\.gradle\buildOutputCleanup)" [_thread_blocked, id=7176, stack(0x0000000bda200000,0x0000000bda300000)]
  0x0000017ed6313820 JavaThread "Unconstrained build operations" [_thread_blocked, id=29140, stack(0x0000000bda300000,0x0000000bda400000)]
  0x0000017ed63119c0 JavaThread "Unconstrained build operations Thread 2" [_thread_blocked, id=30824, stack(0x0000000bda400000,0x0000000bda500000)]
  0x0000017ed6311ed0 JavaThread "Unconstrained build operations Thread 3" [_thread_blocked, id=15372, stack(0x0000000bda500000,0x0000000bda600000)]
  0x0000017ed63114b0 JavaThread "Unconstrained build operations Thread 4" [_thread_blocked, id=24844, stack(0x0000000bda600000,0x0000000bda700000)]
  0x0000017ed63123e0 JavaThread "Unconstrained build operations Thread 5" [_thread_blocked, id=13876, stack(0x0000000bda700000,0x0000000bda800000)]
  0x0000017ed6310070 JavaThread "Unconstrained build operations Thread 6" [_thread_blocked, id=27300, stack(0x0000000bda800000,0x0000000bda900000)]
  0x0000017ed63174e0 JavaThread "Unconstrained build operations Thread 7" [_thread_blocked, id=21624, stack(0x0000000bda100000,0x0000000bda200000)]
  0x0000017ed6313d30 JavaThread "Unconstrained build operations Thread 8" [_thread_blocked, id=33976, stack(0x0000000bda900000,0x0000000bdaa00000)]
  0x0000017ed6315680 JavaThread "Unconstrained build operations Thread 9" [_thread_blocked, id=35636, stack(0x0000000bdaa00000,0x0000000bdab00000)]
  0x0000017ed63179f0 JavaThread "Unconstrained build operations Thread 10" [_thread_blocked, id=30056, stack(0x0000000bdab00000,0x0000000bdac00000)]
  0x0000017ed63160a0 JavaThread "Unconstrained build operations Thread 11" [_thread_blocked, id=28456, stack(0x0000000bdac00000,0x0000000bdad00000)]
  0x0000017ed6316ac0 JavaThread "Unconstrained build operations Thread 12" [_thread_blocked, id=32632, stack(0x0000000bdad00000,0x0000000bdae00000)]
  0x0000017ed6315b90 JavaThread "Unconstrained build operations Thread 13" [_thread_blocked, id=13628, stack(0x0000000bdae00000,0x0000000bdaf00000)]
  0x0000017ed6314240 JavaThread "Unconstrained build operations Thread 14" [_thread_blocked, id=1968, stack(0x0000000bdaf00000,0x0000000bdb000000)]
  0x0000017ed6315170 JavaThread "Unconstrained build operations Thread 15" [_thread_blocked, id=28848, stack(0x0000000bdb000000,0x0000000bdb100000)]
  0x0000017ed6314750 JavaThread "Unconstrained build operations Thread 16" [_thread_blocked, id=10844, stack(0x0000000bdb100000,0x0000000bdb200000)]
  0x0000017ed6316fd0 JavaThread "Unconstrained build operations Thread 17" [_thread_blocked, id=34312, stack(0x0000000bdb200000,0x0000000bdb300000)]
  0x0000017ed6314c60 JavaThread "Unconstrained build operations Thread 18" [_thread_blocked, id=32856, stack(0x0000000bdb300000,0x0000000bdb400000)]
  0x0000017ed63165b0 JavaThread "Unconstrained build operations Thread 19" [_thread_blocked, id=28776, stack(0x0000000bdb400000,0x0000000bdb500000)]
  0x0000017ed74b05d0 JavaThread "Unconstrained build operations Thread 20" [_thread_blocked, id=31212, stack(0x0000000bdb500000,0x0000000bdb600000)]
  0x0000017ed74ae770 JavaThread "Unconstrained build operations Thread 21" [_thread_blocked, id=27004, stack(0x0000000bdb600000,0x0000000bdb700000)]
  0x0000017ed74b0ae0 JavaThread "Unconstrained build operations Thread 22" [_thread_blocked, id=12520, stack(0x0000000bdb700000,0x0000000bdb800000)]
  0x0000017ed74b1500 JavaThread "Unconstrained build operations Thread 23" [_thread_blocked, id=3516, stack(0x0000000bdb800000,0x0000000bdb900000)]
  0x0000017ed74aec80 JavaThread "Unconstrained build operations Thread 24" [_thread_blocked, id=8144, stack(0x0000000bdb900000,0x0000000bdba00000)]
  0x0000017ed74af190 JavaThread "Unconstrained build operations Thread 25" [_thread_blocked, id=34236, stack(0x0000000bdba00000,0x0000000bdbb00000)]
  0x0000017ed74af6a0 JavaThread "Unconstrained build operations Thread 26" [_thread_blocked, id=12900, stack(0x0000000bdbb00000,0x0000000bdbc00000)]
  0x0000017ed74afbb0 JavaThread "Unconstrained build operations Thread 27" [_thread_blocked, id=30228, stack(0x0000000bdbc00000,0x0000000bdbd00000)]
  0x0000017ed74b0ff0 JavaThread "build event listener" [_thread_blocked, id=32028, stack(0x0000000bdbd00000,0x0000000bdbe00000)]
  0x0000017ed74b1a10 JavaThread "Memory manager" [_thread_blocked, id=29020, stack(0x0000000bd9d00000,0x0000000bd9e00000)]
  0x0000017ed74b5be0 JavaThread "ForkJoinPool.commonPool-worker-1" daemon [_thread_blocked, id=8528, stack(0x0000000bdc000000,0x0000000bdc100000)]
  0x0000017ed74b51c0 JavaThread "ForkJoinPool.commonPool-worker-2" daemon [_thread_blocked, id=27244, stack(0x0000000bdc100000,0x0000000bdc200000)]
  0x0000017ed74b3d80 JavaThread "ForkJoinPool.commonPool-worker-4" daemon [_thread_blocked, id=33360, stack(0x0000000bdc200000,0x0000000bdc300000)]
  0x0000017ed74b4290 JavaThread "ForkJoinPool.commonPool-worker-3" daemon [_thread_blocked, id=8512, stack(0x0000000bdc300000,0x0000000bdc400000)]
  0x0000017ed74b4cb0 JavaThread "ForkJoinPool.commonPool-worker-5" daemon [_thread_blocked, id=5844, stack(0x0000000bdc400000,0x0000000bdc500000)]
  0x0000017ed74b47a0 JavaThread "ForkJoinPool.commonPool-worker-6" daemon [_thread_blocked, id=3496, stack(0x0000000bdc500000,0x0000000bdc600000)]
  0x0000017ed74b2430 JavaThread "ForkJoinPool.commonPool-worker-7" daemon [_thread_blocked, id=10824, stack(0x0000000bdc600000,0x0000000bdc700000)]
  0x0000017ed74b2940 JavaThread "included builds" [_thread_blocked, id=34752, stack(0x0000000bdc700000,0x0000000bdc800000)]
  0x0000017ed74b3870 JavaThread "Execution worker" [_thread_blocked, id=32824, stack(0x0000000bdc800000,0x0000000bdc900000)]
  0x0000017ed6555900 JavaThread "Execution worker Thread 2" [_thread_blocked, id=33628, stack(0x0000000bdc900000,0x0000000bdca00000)]
  0x0000017ed65549d0 JavaThread "Execution worker Thread 3" [_thread_blocked, id=28984, stack(0x0000000bdca00000,0x0000000bdcb00000)]
  0x0000017ed6555e10 JavaThread "Execution worker Thread 4" [_thread_blocked, id=35164, stack(0x0000000bdcb00000,0x0000000bdcc00000)]
  0x0000017ed6556320 JavaThread "Execution worker Thread 5" [_thread_blocked, id=17896, stack(0x0000000bdcc00000,0x0000000bdcd00000)]
  0x0000017ed65553f0 JavaThread "Execution worker Thread 6" [_thread_blocked, id=19324, stack(0x0000000bdcd00000,0x0000000bdce00000)]
  0x0000017ed6558180 JavaThread "Execution worker Thread 7" [_thread_blocked, id=412, stack(0x0000000bdce00000,0x0000000bdcf00000)]
  0x0000017ed6556830 JavaThread "Cache worker for execution history cache (D:\Sanchari\node_modules\@react-native\gradle-plugin\.gradle\9.0.0\executionHistory)" [_thread_blocked, id=31144, stack(0x0000000bdcf00000,0x0000000bdd000000)]
  0x0000017ed6557250 JavaThread "Unconstrained build operations Thread 28" [_thread_blocked, id=26888, stack(0x0000000bdbe00000,0x0000000bdbf00000)]
  0x0000017ed6556d40 JavaThread "Unconstrained build operations Thread 29" [_thread_blocked, id=2980, stack(0x0000000bdbf00000,0x0000000bdc000000)]
  0x0000017ed6557760 JavaThread "Unconstrained build operations Thread 30" [_thread_blocked, id=34820, stack(0x0000000bdd000000,0x0000000bdd100000)]
  0x0000017ed6557c70 JavaThread "Unconstrained build operations Thread 31" [_thread_blocked, id=34740, stack(0x0000000bdd100000,0x0000000bdd200000)]
  0x0000017ed6558690 JavaThread "Unconstrained build operations Thread 32" [_thread_blocked, id=14624, stack(0x0000000bdd200000,0x0000000bdd300000)]
  0x0000017ed6554ee0 JavaThread "Unconstrained build operations Thread 33" [_thread_blocked, id=19016, stack(0x0000000bdd300000,0x0000000bdd400000)]
  0x0000017ed655b420 JavaThread "Unconstrained build operations Thread 34" [_thread_blocked, id=23528, stack(0x0000000bdd400000,0x0000000bdd500000)]
  0x0000017ed655a4f0 JavaThread "Unconstrained build operations Thread 35" [_thread_blocked, id=35396, stack(0x0000000bdd500000,0x0000000bdd600000)]
  0x0000017ed655b930 JavaThread "Unconstrained build operations Thread 36" [_thread_blocked, id=29916, stack(0x0000000bdd600000,0x0000000bdd700000)]
  0x0000017ed655c350 JavaThread "Unconstrained build operations Thread 37" [_thread_blocked, id=24132, stack(0x0000000bdd700000,0x0000000bdd800000)]
  0x0000017ed6558ba0 JavaThread "Unconstrained build operations Thread 38" [_thread_blocked, id=23580, stack(0x0000000bdd800000,0x0000000bdd900000)]
  0x0000017ed655be40 JavaThread "Unconstrained build operations Thread 39" [_thread_blocked, id=31616, stack(0x0000000bdd900000,0x0000000bdda00000)]
  0x0000017ed65590b0 JavaThread "Unconstrained build operations Thread 40" [_thread_blocked, id=2244, stack(0x0000000bdda00000,0x0000000bddb00000)]
  0x0000017ed6559fe0 JavaThread "Unconstrained build operations Thread 41" [_thread_blocked, id=27368, stack(0x0000000bddb00000,0x0000000bddc00000)]
  0x0000017ed655aa00 JavaThread "Unconstrained build operations Thread 42" [_thread_blocked, id=19060, stack(0x0000000bddc00000,0x0000000bddd00000)]
  0x0000017ed655af10 JavaThread "Unconstrained build operations Thread 43" [_thread_blocked, id=31104, stack(0x0000000bddd00000,0x0000000bdde00000)]
  0x0000017ed65595c0 JavaThread "Unconstrained build operations Thread 44" [_thread_blocked, id=23244, stack(0x0000000bdde00000,0x0000000bddf00000)]
  0x0000017ed6559ad0 JavaThread "Unconstrained build operations Thread 45" [_thread_blocked, id=14636, stack(0x0000000bddf00000,0x0000000bde000000)]
  0x0000017ed9e5b950 JavaThread "Unconstrained build operations Thread 46" [_thread_blocked, id=10916, stack(0x0000000bde000000,0x0000000bde100000)]
  0x0000017ed9e5be60 JavaThread "Unconstrained build operations Thread 47" [_thread_blocked, id=34996, stack(0x0000000bde100000,0x0000000bde200000)]
  0x0000017ed9e5c880 JavaThread "Unconstrained build operations Thread 48" [_thread_blocked, id=35408, stack(0x0000000bde200000,0x0000000bde300000)]
  0x0000017ed9e5cd90 JavaThread "Unconstrained build operations Thread 49" [_thread_blocked, id=32820, stack(0x0000000bde300000,0x0000000bde400000)]
  0x0000017ed9e5c370 JavaThread "Unconstrained build operations Thread 50" [_thread_blocked, id=8456, stack(0x0000000bde400000,0x0000000bde500000)]
  0x0000017ed9e5af30 JavaThread "Unconstrained build operations Thread 51" [_thread_blocked, id=26968, stack(0x0000000bde500000,0x0000000bde600000)]
  0x0000017ed9e5d7b0 JavaThread "Unconstrained build operations Thread 52" [_thread_blocked, id=5496, stack(0x0000000bde600000,0x0000000bde700000)]
  0x0000017ed9e5dcc0 JavaThread "Unconstrained build operations Thread 53" [_thread_blocked, id=35656, stack(0x0000000bde700000,0x0000000bde800000)]
  0x0000017ed9e5e1d0 JavaThread "Unconstrained build operations Thread 54" [_thread_blocked, id=22116, stack(0x0000000bde800000,0x0000000bde900000)]
  0x0000017ed9e5aa20 JavaThread "Unconstrained build operations Thread 55" [_thread_blocked, id=23472, stack(0x0000000bde900000,0x0000000bdea00000)]
  0x0000017ed9e5e6e0 JavaThread "Unconstrained build operations Thread 56" [_thread_blocked, id=5872, stack(0x0000000bdea00000,0x0000000bdeb00000)]
  0x0000017ed9e5ebf0 JavaThread "Unconstrained build operations Thread 57" [_thread_blocked, id=35320, stack(0x0000000bdeb00000,0x0000000bdec00000)]
  0x0000017ed9e5b440 JavaThread "Unconstrained build operations Thread 58" [_thread_blocked, id=1480, stack(0x0000000bdec00000,0x0000000bded00000)]
  0x0000017ed9e61e90 JavaThread "Unconstrained build operations Thread 59" [_thread_blocked, id=19508, stack(0x0000000bded00000,0x0000000bdee00000)]
  0x0000017ed9e61470 JavaThread "Unconstrained build operations Thread 60" [_thread_blocked, id=12876, stack(0x0000000bdee00000,0x0000000bdef00000)]
  0x0000017ed9e60f60 JavaThread "Unconstrained build operations Thread 61" [_thread_blocked, id=28936, stack(0x0000000bdef00000,0x0000000bdf000000)]
  0x0000017ed9e61980 JavaThread "Unconstrained build operations Thread 62" [_thread_blocked, id=31448, stack(0x0000000bdf000000,0x0000000bdf100000)]
  0x0000017ed9e60a50 JavaThread "Unconstrained build operations Thread 63" [_thread_blocked, id=27196, stack(0x0000000bdf100000,0x0000000bdf200000)]
  0x0000017ed9e5f100 JavaThread "Unconstrained build operations Thread 64" [_thread_blocked, id=28556, stack(0x0000000bdf300000,0x0000000bdf400000)]
  0x0000017ed9e5f610 JavaThread "Unconstrained build operations Thread 65" [_thread_blocked, id=31484, stack(0x0000000bdf400000,0x0000000bdf500000)]
  0x0000017ed9e60540 JavaThread "Unconstrained build operations Thread 66" [_thread_blocked, id=3536, stack(0x0000000bdf500000,0x0000000bdf600000)]
  0x0000017ed9e5fb20 JavaThread "Unconstrained build operations Thread 67" [_thread_blocked, id=31004, stack(0x0000000bdf600000,0x0000000bdf700000)]
  0x0000017ed9e60030 JavaThread "Unconstrained build operations Thread 68" [_thread_blocked, id=19872, stack(0x0000000bdf700000,0x0000000bdf800000)]
  0x0000017ed9e623a0 JavaThread "Unconstrained build operations Thread 69" [_thread_blocked, id=9888, stack(0x0000000bdf800000,0x0000000bdf900000)]
  0x0000017ed8c72ec0 JavaThread "Unconstrained build operations Thread 70" [_thread_blocked, id=1700, stack(0x0000000bdf900000,0x0000000bdfa00000)]
  0x0000017ed8c71570 JavaThread "Unconstrained build operations Thread 71" [_thread_blocked, id=27408, stack(0x0000000bdfa00000,0x0000000bdfb00000)]
  0x0000017ed8c71a80 JavaThread "Unconstrained build operations Thread 72" [_thread_blocked, id=34388, stack(0x0000000bdfb00000,0x0000000bdfc00000)]
  0x0000017ed8c733d0 JavaThread "Unconstrained build operations Thread 73" [_thread_blocked, id=28856, stack(0x0000000bdfc00000,0x0000000bdfd00000)]
  0x0000017ed8c738e0 JavaThread "Unconstrained build operations Thread 74" [_thread_blocked, id=32152, stack(0x0000000bdfd00000,0x0000000bdfe00000)]
  0x0000017ed8c73df0 JavaThread "Unconstrained build operations Thread 75" [_thread_blocked, id=1640, stack(0x0000000bdfe00000,0x0000000bdff00000)]
  0x0000017ed8c729b0 JavaThread "Unconstrained build operations Thread 76" [_thread_blocked, id=17656, stack(0x0000000bdff00000,0x0000000be0000000)]
  0x0000017ed8c74810 JavaThread "Unconstrained build operations Thread 77" [_thread_blocked, id=35532, stack(0x0000000be0000000,0x0000000be0100000)]
  0x0000017ed8c71f90 JavaThread "jar transforms Thread 2" [_thread_blocked, id=10724, stack(0x0000000bdf200000,0x0000000bdf300000)]
  0x0000017ed8c74300 JavaThread "jar transforms Thread 3" [_thread_blocked, id=7032, stack(0x0000000be0100000,0x0000000be0200000)]
  0x0000017ed8c71060 JavaThread "Unconstrained build operations Thread 78" [_thread_blocked, id=4592, stack(0x0000000be0300000,0x0000000be0400000)]
  0x0000017ed8c75c50 JavaThread "Unconstrained build operations Thread 79" [_thread_blocked, id=27480, stack(0x0000000be0400000,0x0000000be0500000)]
  0x0000017ed8c74d20 JavaThread "Unconstrained build operations Thread 80" [_thread_blocked, id=12580, stack(0x0000000be0500000,0x0000000be0600000)]
  0x0000017ed8c76670 JavaThread "jar transforms Thread 4" [_thread_blocked, id=35104, stack(0x0000000be0700000,0x0000000be0800000)]
  0x0000017ed8c76b80 JavaThread "jar transforms Thread 5" [_thread_blocked, id=17680, stack(0x0000000be0600000,0x0000000be0700000)]
  0x0000017ed8c784d0 JavaThread "jar transforms Thread 6" [_thread_blocked, id=10300, stack(0x0000000be0800000,0x0000000be0900000)]
  0x0000017ed8c775a0 JavaThread "build event listener" [_thread_blocked, id=34552, stack(0x0000000be0900000,0x0000000be0a00000)]
  0x0000017ed74b3360 JavaThread "Problems report writer" [_thread_blocked, id=6880, stack(0x0000000be0b00000,0x0000000be0c00000)]
  0x0000017eda7386d0 JavaThread "jar transforms Thread 7" [_thread_blocked, id=2984, stack(0x0000000be0c00000,0x0000000be0d00000)]
  0x0000017eda73aa40 JavaThread "jar transforms Thread 8" [_thread_blocked, id=13584, stack(0x0000000be0d00000,0x0000000be0e00000)]
  0x0000017eda73e700 JavaThread "Exec process" [_thread_blocked, id=35664, stack(0x0000000be0e00000,0x0000000be0f00000)]
  0x0000017eda73f120 JavaThread "Exec process Thread 2" [_thread_blocked, id=9880, stack(0x0000000be0f00000,0x0000000be1000000)]
  0x0000017eda73d7d0 JavaThread "Exec process Thread 3" [_thread_blocked, id=31300, stack(0x0000000be1000000,0x0000000be1100000)]
  0x0000017ed81ceae0 JavaThread "C2 CompilerThread1" daemon [_thread_in_native, id=33816, stack(0x0000000bd6a00000,0x0000000bd6b00000)]
=>0x0000017ee0d666a0 JavaThread "C2 CompilerThread2" daemon [_thread_in_native, id=8692, stack(0x0000000be1100000,0x0000000be1200000)]

Other Threads:
  0x0000017effd0ebd0 VMThread "VM Thread" [stack: 0x0000000bd7200000,0x0000000bd7300000] [id=35832]
  0x0000017ef7506250 WatcherThread [stack: 0x0000000bd7e00000,0x0000000bd7f00000] [id=31580]
  0x0000017ef7574c80 GCTaskThread "GC Thread#0" [stack: 0x0000000bd6d00000,0x0000000bd6e00000] [id=17324]
  0x0000017e9a768fd0 GCTaskThread "GC Thread#1" [stack: 0x0000000bd8100000,0x0000000bd8200000] [id=1928]
  0x0000017ed447a480 GCTaskThread "GC Thread#2" [stack: 0x0000000bd8200000,0x0000000bd8300000] [id=8460]
  0x0000017ed448dcd0 GCTaskThread "GC Thread#3" [stack: 0x0000000bd8300000,0x0000000bd8400000] [id=22460]
  0x0000017ed448df90 GCTaskThread "GC Thread#4" [stack: 0x0000000bd8400000,0x0000000bd8500000] [id=11412]
  0x0000017ed448e250 GCTaskThread "GC Thread#5" [stack: 0x0000000bd8500000,0x0000000bd8600000] [id=24008]
  0x0000017ed5cc1cd0 GCTaskThread "GC Thread#6" [stack: 0x0000000bd8000000,0x0000000bd8100000] [id=29428]
  0x0000017ed68b11d0 GCTaskThread "GC Thread#7" [stack: 0x0000000bd9300000,0x0000000bd9400000] [id=23628]
  0x0000017ef7585ae0 ConcurrentGCThread "G1 Main Marker" [stack: 0x0000000bd6e00000,0x0000000bd6f00000] [id=32748]
  0x0000017ef7587f80 ConcurrentGCThread "G1 Conc#0" [stack: 0x0000000bd6f00000,0x0000000bd7000000] [id=34596]
  0x0000017ed68b0f10 ConcurrentGCThread "G1 Conc#1" [stack: 0x0000000bd9400000,0x0000000bd9500000] [id=25216]
  0x0000017ef75bf630 ConcurrentGCThread "G1 Refine#0" [stack: 0x0000000bd7000000,0x0000000bd7100000] [id=31820]
  0x0000017ed6267f10 ConcurrentGCThread "G1 Refine#1" [stack: 0x0000000bd9a00000,0x0000000bd9b00000] [id=35648]
  0x0000017ed62684f0 ConcurrentGCThread "G1 Refine#2" [stack: 0x0000000bd9b00000,0x0000000bd9c00000] [id=16016]
  0x0000017ed6267350 ConcurrentGCThread "G1 Refine#3" [stack: 0x0000000bd9c00000,0x0000000bd9d00000] [id=31808]
  0x0000017ef75c0980 ConcurrentGCThread "G1 Service" [stack: 0x0000000bd7100000,0x0000000bd7200000] [id=27404]

Threads with active compile tasks:
C2 CompilerThread0    46471 19608       4       org.gradle.api.internal.artifacts.ivyservice.resolveengine.graph.builder.EdgeState::computeExclusions (36 bytes)
C2 CompilerThread1    46471 19560       4       org.gradle.api.internal.artifacts.ivyservice.ivyresolve.CachingModuleComponentRepository$LocateInCacheRepositoryAccess::estimateMetadataFetchingCost (191 bytes)
C2 CompilerThread2    46471 19322       4       org.gradle.api.internal.artifacts.ivyservice.resolveengine.graph.builder.DependencyGraphBuilder::resolveEdges (47 bytes)

VM state: not at safepoint (normal execution)

VM Mutex/Monitor currently owned by a thread: None

Heap address: 0x0000000700000000, size: 4096 MB, Compressed Oops mode: Zero based, Oop shift amount: 3

CDS archive(s) mapped at: [0x0000017e9b000000-0x0000017e9bbd0000-0x0000017e9bbd0000), size 12386304, SharedBaseAddress: 0x0000017e9b000000, ArchiveRelocationMode: 1.
Compressed class space mapped at: 0x0000017e9c000000-0x0000017ed0000000, reserved size: 872415232
Narrow klass base: 0x0000017e9b000000, Narrow klass shift: 0, Narrow klass range: 0x100000000

GC Precious Log:
 CPUs: 8 total, 8 available
 Memory: 16167M
 Large Page Support: Disabled
 NUMA Support: Disabled
 Compressed Oops: Enabled (Zero based)
 Heap Region Size: 2M
 Heap Min Capacity: 8M
 Heap Initial Capacity: 254M
 Heap Max Capacity: 4G
 Pre-touch: Disabled
 Parallel Workers: 8
 Concurrent Workers: 2
 Concurrent Refinement Workers: 8
 Periodic GC: Disabled

Heap:
 garbage-first heap   total 468992K, used 287522K [0x0000000700000000, 0x0000000800000000)
  region size 2048K, 11 young (22528K), 5 survivors (10240K)
 Metaspace       used 119089K, committed 121408K, reserved 983040K
  class space    used 16659K, committed 17792K, reserved 851968K

Heap Regions: E=young(eden), S=young(survivor), O=old, HS=humongous(starts), HC=humongous(continues), CS=collection set, F=free, OA=open archive, CA=closed archive, TAMS=top-at-mark-start (previous, next)
|   0|0x0000000700000000, 0x0000000700200000, 0x0000000700200000|100%|HS|  |TAMS 0x0000000700200000, 0x0000000700000000| Complete 
|   1|0x0000000700200000, 0x0000000700400000, 0x0000000700400000|100%|HC|  |TAMS 0x0000000700400000, 0x0000000700200000| Complete 
|   2|0x0000000700400000, 0x0000000700600000, 0x0000000700600000|100%| O|  |TAMS 0x0000000700600000, 0x0000000700400000| Untracked 
|   3|0x0000000700600000, 0x0000000700800000, 0x0000000700800000|100%| O|  |TAMS 0x0000000700800000, 0x0000000700600000| Untracked 
|   4|0x0000000700800000, 0x0000000700a00000, 0x0000000700a00000|100%| O|  |TAMS 0x0000000700a00000, 0x0000000700800000| Untracked 
|   5|0x0000000700a00000, 0x0000000700c00000, 0x0000000700c00000|100%| O|  |TAMS 0x0000000700c00000, 0x0000000700a00000| Untracked 
|   6|0x0000000700c00000, 0x0000000700e00000, 0x0000000700e00000|100%| O|  |TAMS 0x0000000700e00000, 0x0000000700c00000| Untracked 
|   7|0x0000000700e00000, 0x0000000701000000, 0x0000000701000000|100%| O|  |TAMS 0x0000000701000000, 0x0000000700e00000| Untracked 
|   8|0x0000000701000000, 0x0000000701200000, 0x0000000701200000|100%| O|  |TAMS 0x0000000701200000, 0x0000000701000000| Untracked 
|   9|0x0000000701200000, 0x0000000701400000, 0x0000000701400000|100%| O|  |TAMS 0x0000000701400000, 0x0000000701200000| Untracked 
|  10|0x0000000701400000, 0x0000000701600000, 0x0000000701600000|100%| O|  |TAMS 0x0000000701600000, 0x0000000701400000| Untracked 
|  11|0x0000000701600000, 0x0000000701800000, 0x0000000701800000|100%| O|  |TAMS 0x0000000701800000, 0x0000000701600000| Untracked 
|  12|0x0000000701800000, 0x0000000701a00000, 0x0000000701a00000|100%| O|  |TAMS 0x0000000701a00000, 0x0000000701800000| Untracked 
|  13|0x0000000701a00000, 0x0000000701c00000, 0x0000000701c00000|100%| O|  |TAMS 0x0000000701c00000, 0x0000000701a00000| Untracked 
|  14|0x0000000701c00000, 0x0000000701e00000, 0x0000000701e00000|100%| O|  |TAMS 0x0000000701e00000, 0x0000000701c00000| Untracked 
|  15|0x0000000701e00000, 0x0000000702000000, 0x0000000702000000|100%| O|  |TAMS 0x0000000702000000, 0x0000000701e00000| Untracked 
|  16|0x0000000702000000, 0x0000000702200000, 0x0000000702200000|100%| O|  |TAMS 0x0000000702200000, 0x0000000702000000| Untracked 
|  17|0x0000000702200000, 0x0000000702400000, 0x0000000702400000|100%| O|  |TAMS 0x0000000702400000, 0x0000000702200000| Untracked 
|  18|0x0000000702400000, 0x0000000702600000, 0x0000000702600000|100%| O|  |TAMS 0x0000000702600000, 0x0000000702400000| Untracked 
|  19|0x0000000702600000, 0x0000000702800000, 0x0000000702800000|100%| O|  |TAMS 0x0000000702800000, 0x0000000702600000| Untracked 
|  20|0x0000000702800000, 0x0000000702a00000, 0x0000000702a00000|100%| O|  |TAMS 0x0000000702a00000, 0x0000000702800000| Untracked 
|  21|0x0000000702a00000, 0x0000000702c00000, 0x0000000702c00000|100%|HS|  |TAMS 0x0000000702c00000, 0x0000000702a00000| Complete 
|  22|0x0000000702c00000, 0x0000000702e00000, 0x0000000702e00000|100%|HC|  |TAMS 0x0000000702e00000, 0x0000000702c00000| Complete 
|  23|0x0000000702e00000, 0x0000000703000000, 0x0000000703000000|100%| O|  |TAMS 0x0000000703000000, 0x0000000702e00000| Untracked 
|  24|0x0000000703000000, 0x0000000703200000, 0x0000000703200000|100%|HS|  |TAMS 0x0000000703200000, 0x0000000703000000| Complete 
|  25|0x0000000703200000, 0x0000000703400000, 0x0000000703400000|100%|HC|  |TAMS 0x0000000703400000, 0x0000000703200000| Complete 
|  26|0x0000000703400000, 0x0000000703600000, 0x0000000703600000|100%| O|  |TAMS 0x0000000703600000, 0x0000000703400000| Untracked 
|  27|0x0000000703600000, 0x0000000703800000, 0x0000000703800000|100%| O|  |TAMS 0x0000000703800000, 0x0000000703600000| Untracked 
|  28|0x0000000703800000, 0x0000000703a00000, 0x0000000703a00000|100%| O|  |TAMS 0x0000000703a00000, 0x0000000703800000| Untracked 
|  29|0x0000000703a00000, 0x0000000703c00000, 0x0000000703c00000|100%| O|  |TAMS 0x0000000703c00000, 0x0000000703a00000| Untracked 
|  30|0x0000000703c00000, 0x0000000703e00000, 0x0000000703e00000|100%| O|  |TAMS 0x0000000703e00000, 0x0000000703c00000| Untracked 
|  31|0x0000000703e00000, 0x0000000704000000, 0x0000000704000000|100%| O|  |TAMS 0x0000000704000000, 0x0000000703e00000| Untracked 
|  32|0x0000000704000000, 0x0000000704200000, 0x0000000704200000|100%| O|  |TAMS 0x0000000704200000, 0x0000000704000000| Untracked 
|  33|0x0000000704200000, 0x0000000704400000, 0x0000000704400000|100%| O|  |TAMS 0x0000000704400000, 0x0000000704200000| Untracked 
|  34|0x0000000704400000, 0x0000000704600000, 0x0000000704600000|100%| O|  |TAMS 0x0000000704600000, 0x0000000704400000| Untracked 
|  35|0x0000000704600000, 0x0000000704800000, 0x0000000704800000|100%| O|  |TAMS 0x0000000704800000, 0x0000000704600000| Untracked 
|  36|0x0000000704800000, 0x0000000704a00000, 0x0000000704a00000|100%| O|  |TAMS 0x0000000704a00000, 0x0000000704800000| Complete 
|  37|0x0000000704a00000, 0x0000000704c00000, 0x0000000704c00000|100%| O|  |TAMS 0x0000000704c00000, 0x0000000704a00000| Untracked 
|  38|0x0000000704c00000, 0x0000000704e00000, 0x0000000704e00000|100%| O|  |TAMS 0x0000000704e00000, 0x0000000704c00000| Untracked 
|  39|0x0000000704e00000, 0x0000000705000000, 0x0000000705000000|100%| O|  |TAMS 0x0000000705000000, 0x0000000704e00000| Untracked 
|  40|0x0000000705000000, 0x0000000705200000, 0x0000000705200000|100%| O|  |TAMS 0x0000000705200000, 0x0000000705000000| Untracked 
|  41|0x0000000705200000, 0x0000000705400000, 0x0000000705400000|100%| O|  |TAMS 0x0000000705400000, 0x0000000705200000| Untracked 
|  42|0x0000000705400000, 0x0000000705600000, 0x0000000705600000|100%| O|  |TAMS 0x0000000705600000, 0x0000000705400000| Untracked 
|  43|0x0000000705600000, 0x0000000705800000, 0x0000000705800000|100%| O|  |TAMS 0x0000000705800000, 0x0000000705600000| Complete 
|  44|0x0000000705800000, 0x0000000705a00000, 0x0000000705a00000|100%| O|  |TAMS 0x0000000705a00000, 0x0000000705800000| Complete 
|  45|0x0000000705a00000, 0x0000000705c00000, 0x0000000705c00000|100%| O|  |TAMS 0x0000000705c00000, 0x0000000705a00000| Untracked 
|  46|0x0000000705c00000, 0x0000000705e00000, 0x0000000705e00000|100%|HS|  |TAMS 0x0000000705e00000, 0x0000000705c00000| Complete 
|  47|0x0000000705e00000, 0x0000000706000000, 0x0000000706000000|100%|HC|  |TAMS 0x0000000706000000, 0x0000000705e00000| Complete 
|  48|0x0000000706000000, 0x0000000706200000, 0x0000000706200000|100%| O|  |TAMS 0x0000000706200000, 0x0000000706000000| Untracked 
|  49|0x0000000706200000, 0x0000000706400000, 0x0000000706400000|100%| O|  |TAMS 0x0000000706400000, 0x0000000706200000| Untracked 
|  50|0x0000000706400000, 0x0000000706600000, 0x0000000706600000|100%| O|  |TAMS 0x0000000706600000, 0x0000000706400000| Untracked 
|  51|0x0000000706600000, 0x0000000706800000, 0x0000000706800000|100%| O|  |TAMS 0x0000000706800000, 0x0000000706600000| Untracked 
|  52|0x0000000706800000, 0x0000000706a00000, 0x0000000706a00000|100%| O|  |TAMS 0x0000000706a00000, 0x0000000706800000| Untracked 
|  53|0x0000000706a00000, 0x0000000706c00000, 0x0000000706c00000|100%| O|  |TAMS 0x0000000706c00000, 0x0000000706a00000| Untracked 
|  54|0x0000000706c00000, 0x0000000706e00000, 0x0000000706e00000|100%| O|  |TAMS 0x0000000706e00000, 0x0000000706c00000| Untracked 
|  55|0x0000000706e00000, 0x0000000707000000, 0x0000000707000000|100%| O|  |TAMS 0x0000000707000000, 0x0000000706e00000| Untracked 
|  56|0x0000000707000000, 0x0000000707200000, 0x0000000707200000|100%| O|  |TAMS 0x0000000707200000, 0x0000000707000000| Untracked 
|  57|0x0000000707200000, 0x0000000707400000, 0x0000000707400000|100%| O|  |TAMS 0x0000000707400000, 0x0000000707200000| Untracked 
|  58|0x0000000707400000, 0x0000000707600000, 0x0000000707600000|100%| O|  |TAMS 0x0000000707600000, 0x0000000707400000| Untracked 
|  59|0x0000000707600000, 0x0000000707800000, 0x0000000707800000|100%| O|  |TAMS 0x0000000707800000, 0x0000000707600000| Untracked 
|  60|0x0000000707800000, 0x0000000707a00000, 0x0000000707a00000|100%| O|  |TAMS 0x0000000707a00000, 0x0000000707800000| Untracked 
|  61|0x0000000707a00000, 0x0000000707c00000, 0x0000000707c00000|100%|HS|  |TAMS 0x0000000707c00000, 0x0000000707a00000| Complete 
|  62|0x0000000707c00000, 0x0000000707e00000, 0x0000000707e00000|100%| O|  |TAMS 0x0000000707e00000, 0x0000000707c00000| Untracked 
|  63|0x0000000707e00000, 0x0000000708000000, 0x0000000708000000|100%| O|  |TAMS 0x0000000708000000, 0x0000000707e00000| Untracked 
|  64|0x0000000708000000, 0x0000000708200000, 0x0000000708200000|100%| O|  |TAMS 0x0000000708200000, 0x0000000708000000| Untracked 
|  65|0x0000000708200000, 0x0000000708400000, 0x0000000708400000|100%| O|  |TAMS 0x0000000708400000, 0x0000000708200000| Untracked 
|  66|0x0000000708400000, 0x0000000708600000, 0x0000000708600000|100%| O|  |TAMS 0x0000000708600000, 0x0000000708400000| Untracked 
|  67|0x0000000708600000, 0x0000000708800000, 0x0000000708800000|100%| O|  |TAMS 0x0000000708800000, 0x0000000708600000| Untracked 
|  68|0x0000000708800000, 0x0000000708a00000, 0x0000000708a00000|100%| O|  |TAMS 0x0000000708a00000, 0x0000000708800000| Untracked 
|  69|0x0000000708a00000, 0x0000000708c00000, 0x0000000708c00000|100%| O|  |TAMS 0x0000000708c00000, 0x0000000708a00000| Untracked 
|  70|0x0000000708c00000, 0x0000000708e00000, 0x0000000708e00000|100%| O|  |TAMS 0x0000000708e00000, 0x0000000708c00000| Untracked 
|  71|0x0000000708e00000, 0x0000000709000000, 0x0000000709000000|100%| O|  |TAMS 0x0000000709000000, 0x0000000708e00000| Untracked 
|  72|0x0000000709000000, 0x0000000709200000, 0x0000000709200000|100%| O|  |TAMS 0x0000000709200000, 0x0000000709000000| Untracked 
|  73|0x0000000709200000, 0x0000000709400000, 0x0000000709400000|100%| O|  |TAMS 0x0000000709400000, 0x0000000709200000| Untracked 
|  74|0x0000000709400000, 0x0000000709600000, 0x0000000709600000|100%| O|  |TAMS 0x0000000709600000, 0x0000000709400000| Untracked 
|  75|0x0000000709600000, 0x0000000709800000, 0x0000000709800000|100%| O|  |TAMS 0x0000000709800000, 0x0000000709600000| Untracked 
|  76|0x0000000709800000, 0x0000000709a00000, 0x0000000709a00000|100%| O|  |TAMS 0x0000000709a00000, 0x0000000709800000| Untracked 
|  77|0x0000000709a00000, 0x0000000709c00000, 0x0000000709c00000|100%| O|  |TAMS 0x0000000709c00000, 0x0000000709a00000| Untracked 
|  78|0x0000000709c00000, 0x0000000709e00000, 0x0000000709e00000|100%| O|  |TAMS 0x0000000709e00000, 0x0000000709c00000| Untracked 
|  79|0x0000000709e00000, 0x000000070a000000, 0x000000070a000000|100%| O|  |TAMS 0x000000070a000000, 0x0000000709e00000| Complete 
|  80|0x000000070a000000, 0x000000070a200000, 0x000000070a200000|100%| O|  |TAMS 0x000000070a200000, 0x000000070a000000| Complete 
|  81|0x000000070a200000, 0x000000070a400000, 0x000000070a400000|100%| O|  |TAMS 0x000000070a400000, 0x000000070a200000| Untracked 
|  82|0x000000070a400000, 0x000000070a600000, 0x000000070a600000|100%| O|  |TAMS 0x000000070a600000, 0x000000070a400000| Untracked 
|  83|0x000000070a600000, 0x000000070a800000, 0x000000070a800000|100%| O|  |TAMS 0x000000070a800000, 0x000000070a600000| Untracked 
|  84|0x000000070a800000, 0x000000070aa00000, 0x000000070aa00000|100%| O|  |TAMS 0x000000070aa00000, 0x000000070a800000| Untracked 
|  85|0x000000070aa00000, 0x000000070ac00000, 0x000000070ac00000|100%| O|  |TAMS 0x000000070ac00000, 0x000000070aa00000| Untracked 
|  86|0x000000070ac00000, 0x000000070ae00000, 0x000000070ae00000|100%| O|  |TAMS 0x000000070ae00000, 0x000000070ac00000| Untracked 
|  87|0x000000070ae00000, 0x000000070b000000, 0x000000070b000000|100%| O|  |TAMS 0x000000070b000000, 0x000000070ae00000| Untracked 
|  88|0x000000070b000000, 0x000000070b200000, 0x000000070b200000|100%| O|  |TAMS 0x000000070b200000, 0x000000070b000000| Untracked 
|  89|0x000000070b200000, 0x000000070b400000, 0x000000070b400000|100%| O|  |TAMS 0x000000070b400000, 0x000000070b200000| Untracked 
|  90|0x000000070b400000, 0x000000070b600000, 0x000000070b600000|100%| O|  |TAMS 0x000000070b600000, 0x000000070b400000| Untracked 
|  91|0x000000070b600000, 0x000000070b800000, 0x000000070b800000|100%| O|  |TAMS 0x000000070b800000, 0x000000070b600000| Untracked 
|  92|0x000000070b800000, 0x000000070ba00000, 0x000000070ba00000|100%| O|  |TAMS 0x000000070ba00000, 0x000000070b800000| Untracked 
|  93|0x000000070ba00000, 0x000000070bc00000, 0x000000070bc00000|100%| O|  |TAMS 0x000000070bc00000, 0x000000070ba00000| Untracked 
|  94|0x000000070bc00000, 0x000000070be00000, 0x000000070be00000|100%| O|  |TAMS 0x000000070be00000, 0x000000070bc00000| Untracked 
|  95|0x000000070be00000, 0x000000070c000000, 0x000000070c000000|100%| O|  |TAMS 0x000000070c000000, 0x000000070be00000| Untracked 
|  96|0x000000070c000000, 0x000000070c200000, 0x000000070c200000|100%| O|  |TAMS 0x000000070c200000, 0x000000070c000000| Untracked 
|  97|0x000000070c200000, 0x000000070c400000, 0x000000070c400000|100%| O|  |TAMS 0x000000070c400000, 0x000000070c200000| Untracked 
|  98|0x000000070c400000, 0x000000070c600000, 0x000000070c600000|100%| O|  |TAMS 0x000000070c600000, 0x000000070c400000| Untracked 
|  99|0x000000070c600000, 0x000000070c800000, 0x000000070c800000|100%| O|  |TAMS 0x000000070c800000, 0x000000070c600000| Untracked 
| 100|0x000000070c800000, 0x000000070ca00000, 0x000000070ca00000|100%| O|  |TAMS 0x000000070ca00000, 0x000000070c800000| Untracked 
| 101|0x000000070ca00000, 0x000000070cc00000, 0x000000070cc00000|100%| O|  |TAMS 0x000000070cc00000, 0x000000070ca00000| Untracked 
| 102|0x000000070cc00000, 0x000000070ce00000, 0x000000070ce00000|100%|HS|  |TAMS 0x000000070ce00000, 0x000000070cc00000| Complete 
| 103|0x000000070ce00000, 0x000000070d000000, 0x000000070d000000|100%| O|  |TAMS 0x000000070d000000, 0x000000070ce00000| Untracked 
| 104|0x000000070d000000, 0x000000070d200000, 0x000000070d200000|100%| O|  |TAMS 0x000000070d200000, 0x000000070d000000| Untracked 
| 105|0x000000070d200000, 0x000000070d400000, 0x000000070d400000|100%| O|  |TAMS 0x000000070d400000, 0x000000070d200000| Untracked 
| 106|0x000000070d400000, 0x000000070d600000, 0x000000070d600000|100%| O|  |TAMS 0x000000070d600000, 0x000000070d400000| Untracked 
| 107|0x000000070d600000, 0x000000070d800000, 0x000000070d800000|100%| O|  |TAMS 0x000000070d800000, 0x000000070d600000| Untracked 
| 108|0x000000070d800000, 0x000000070da00000, 0x000000070da00000|100%| O|  |TAMS 0x000000070da00000, 0x000000070d800000| Untracked 
| 109|0x000000070da00000, 0x000000070dc00000, 0x000000070dc00000|100%| O|  |TAMS 0x000000070dc00000, 0x000000070da00000| Untracked 
| 110|0x000000070dc00000, 0x000000070de00000, 0x000000070de00000|100%| O|  |TAMS 0x000000070de00000, 0x000000070dc00000| Untracked 
| 111|0x000000070de00000, 0x000000070e000000, 0x000000070e000000|100%| O|  |TAMS 0x000000070e000000, 0x000000070de00000| Untracked 
| 112|0x000000070e000000, 0x000000070e200000, 0x000000070e200000|100%| O|  |TAMS 0x000000070e200000, 0x000000070e000000| Untracked 
| 113|0x000000070e200000, 0x000000070e400000, 0x000000070e400000|100%| O|  |TAMS 0x000000070e400000, 0x000000070e200000| Untracked 
| 114|0x000000070e400000, 0x000000070e600000, 0x000000070e600000|100%| O|  |TAMS 0x000000070e600000, 0x000000070e400000| Untracked 
| 115|0x000000070e600000, 0x000000070e800000, 0x000000070e800000|100%| O|  |TAMS 0x000000070e800000, 0x000000070e600000| Untracked 
| 116|0x000000070e800000, 0x000000070ea00000, 0x000000070ea00000|100%| O|  |TAMS 0x000000070ea00000, 0x000000070e800000| Untracked 
| 117|0x000000070ea00000, 0x000000070ec00000, 0x000000070ec00000|100%| O|  |TAMS 0x000000070ec00000, 0x000000070ea00000| Untracked 
| 118|0x000000070ec00000, 0x000000070ee00000, 0x000000070ee00000|100%| O|  |TAMS 0x000000070ed92000, 0x000000070ec00000| Untracked 
| 119|0x000000070ee00000, 0x000000070f000000, 0x000000070f000000|100%| O|  |TAMS 0x000000070ee00000, 0x000000070ee00000| Untracked 
| 120|0x000000070f000000, 0x000000070f200000, 0x000000070f200000|100%| O|  |TAMS 0x000000070f000000, 0x000000070f000000| Untracked 
| 121|0x000000070f200000, 0x000000070f400000, 0x000000070f400000|100%| O|  |TAMS 0x000000070f200000, 0x000000070f200000| Untracked 
| 122|0x000000070f400000, 0x000000070f600000, 0x000000070f600000|100%| O|  |TAMS 0x000000070f400000, 0x000000070f400000| Untracked 
| 123|0x000000070f600000, 0x000000070f800000, 0x000000070f800000|100%| O|  |TAMS 0x000000070f600000, 0x000000070f600000| Untracked 
| 124|0x000000070f800000, 0x000000070fa00000, 0x000000070fa00000|100%| O|  |TAMS 0x000000070f800000, 0x000000070f800000| Untracked 
| 125|0x000000070fa00000, 0x000000070fc00000, 0x000000070fc00000|100%| O|  |TAMS 0x000000070fa00000, 0x000000070fa00000| Untracked 
| 126|0x000000070fc00000, 0x000000070fe00000, 0x000000070fe00000|100%| O|  |TAMS 0x000000070fc00000, 0x000000070fc00000| Untracked 
| 127|0x000000070fe00000, 0x0000000710000000, 0x0000000710000000|100%| O|  |TAMS 0x000000070fe00000, 0x000000070fe00000| Untracked 
| 128|0x0000000710000000, 0x0000000710200000, 0x0000000710200000|100%| O|  |TAMS 0x0000000710000000, 0x0000000710000000| Untracked 
| 129|0x0000000710200000, 0x0000000710400000, 0x0000000710400000|100%| O|  |TAMS 0x0000000710200000, 0x0000000710200000| Untracked 
| 130|0x0000000710400000, 0x0000000710535e00, 0x0000000710600000| 60%| O|  |TAMS 0x0000000710400000, 0x0000000710400000| Untracked 
| 131|0x0000000710600000, 0x0000000710600000, 0x0000000710800000|  0%| F|  |TAMS 0x0000000710600000, 0x0000000710600000| Untracked 
| 132|0x0000000710800000, 0x0000000710800000, 0x0000000710a00000|  0%| F|  |TAMS 0x0000000710800000, 0x0000000710800000| Untracked 
| 133|0x0000000710a00000, 0x0000000710a00000, 0x0000000710c00000|  0%| F|  |TAMS 0x0000000710a00000, 0x0000000710a00000| Untracked 
| 134|0x0000000710c00000, 0x0000000710c00000, 0x0000000710e00000|  0%| F|  |TAMS 0x0000000710c00000, 0x0000000710c00000| Untracked 
| 135|0x0000000710e00000, 0x0000000710e00000, 0x0000000711000000|  0%| F|  |TAMS 0x0000000710e00000, 0x0000000710e00000| Untracked 
| 136|0x0000000711000000, 0x0000000711000000, 0x0000000711200000|  0%| F|  |TAMS 0x0000000711000000, 0x0000000711000000| Untracked 
| 137|0x0000000711200000, 0x0000000711200000, 0x0000000711400000|  0%| F|  |TAMS 0x0000000711200000, 0x0000000711200000| Untracked 
| 138|0x0000000711400000, 0x0000000711400000, 0x0000000711600000|  0%| F|  |TAMS 0x0000000711400000, 0x0000000711400000| Untracked 
| 139|0x0000000711600000, 0x0000000711600000, 0x0000000711800000|  0%| F|  |TAMS 0x0000000711600000, 0x0000000711600000| Untracked 
| 140|0x0000000711800000, 0x0000000711800000, 0x0000000711a00000|  0%| F|  |TAMS 0x0000000711800000, 0x0000000711800000| Untracked 
| 141|0x0000000711a00000, 0x0000000711a00000, 0x0000000711c00000|  0%| F|  |TAMS 0x0000000711a00000, 0x0000000711a00000| Untracked 
| 142|0x0000000711c00000, 0x0000000711c00000, 0x0000000711e00000|  0%| F|  |TAMS 0x0000000711c00000, 0x0000000711c00000| Untracked 
| 143|0x0000000711e00000, 0x0000000711e00000, 0x0000000712000000|  0%| F|  |TAMS 0x0000000711e00000, 0x0000000711e00000| Untracked 
| 144|0x0000000712000000, 0x0000000712000000, 0x0000000712200000|  0%| F|  |TAMS 0x0000000712000000, 0x0000000712000000| Untracked 
| 145|0x0000000712200000, 0x0000000712200000, 0x0000000712400000|  0%| F|  |TAMS 0x0000000712200000, 0x0000000712200000| Untracked 
| 146|0x0000000712400000, 0x0000000712400000, 0x0000000712600000|  0%| F|  |TAMS 0x0000000712400000, 0x0000000712400000| Untracked 
| 147|0x0000000712600000, 0x0000000712600000, 0x0000000712800000|  0%| F|  |TAMS 0x0000000712600000, 0x0000000712600000| Untracked 
| 148|0x0000000712800000, 0x0000000712800000, 0x0000000712a00000|  0%| F|  |TAMS 0x0000000712800000, 0x0000000712800000| Untracked 
| 149|0x0000000712a00000, 0x0000000712a00000, 0x0000000712c00000|  0%| F|  |TAMS 0x0000000712a00000, 0x0000000712a00000| Untracked 
| 150|0x0000000712c00000, 0x0000000712c00000, 0x0000000712e00000|  0%| F|  |TAMS 0x0000000712c00000, 0x0000000712c00000| Untracked 
| 151|0x0000000712e00000, 0x0000000712e00000, 0x0000000713000000|  0%| F|  |TAMS 0x0000000712e00000, 0x0000000712e00000| Untracked 
| 152|0x0000000713000000, 0x0000000713000000, 0x0000000713200000|  0%| F|  |TAMS 0x0000000713000000, 0x0000000713000000| Untracked 
| 153|0x0000000713200000, 0x0000000713200000, 0x0000000713400000|  0%| F|  |TAMS 0x0000000713200000, 0x0000000713200000| Untracked 
| 154|0x0000000713400000, 0x0000000713400000, 0x0000000713600000|  0%| F|  |TAMS 0x0000000713400000, 0x0000000713400000| Untracked 
| 155|0x0000000713600000, 0x0000000713600000, 0x0000000713800000|  0%| F|  |TAMS 0x0000000713600000, 0x0000000713600000| Untracked 
| 156|0x0000000713800000, 0x0000000713800000, 0x0000000713a00000|  0%| F|  |TAMS 0x0000000713800000, 0x0000000713800000| Untracked 
| 157|0x0000000713a00000, 0x0000000713a00000, 0x0000000713c00000|  0%| F|  |TAMS 0x0000000713a00000, 0x0000000713a00000| Untracked 
| 158|0x0000000713c00000, 0x0000000713c00000, 0x0000000713e00000|  0%| F|  |TAMS 0x0000000713c00000, 0x0000000713c00000| Untracked 
| 159|0x0000000713e00000, 0x0000000713e00000, 0x0000000714000000|  0%| F|  |TAMS 0x0000000713e00000, 0x0000000713e00000| Untracked 
| 160|0x0000000714000000, 0x0000000714000000, 0x0000000714200000|  0%| F|  |TAMS 0x0000000714000000, 0x0000000714000000| Untracked 
| 161|0x0000000714200000, 0x0000000714200000, 0x0000000714400000|  0%| F|  |TAMS 0x0000000714200000, 0x0000000714200000| Untracked 
| 162|0x0000000714400000, 0x0000000714400000, 0x0000000714600000|  0%| F|  |TAMS 0x0000000714400000, 0x0000000714400000| Untracked 
| 163|0x0000000714600000, 0x0000000714600000, 0x0000000714800000|  0%| F|  |TAMS 0x0000000714600000, 0x0000000714600000| Untracked 
| 164|0x0000000714800000, 0x0000000714800000, 0x0000000714a00000|  0%| F|  |TAMS 0x0000000714800000, 0x0000000714800000| Untracked 
| 165|0x0000000714a00000, 0x0000000714a00000, 0x0000000714c00000|  0%| F|  |TAMS 0x0000000714a00000, 0x0000000714a00000| Untracked 
| 166|0x0000000714c00000, 0x0000000714c00000, 0x0000000714e00000|  0%| F|  |TAMS 0x0000000714c00000, 0x0000000714c00000| Untracked 
| 167|0x0000000714e00000, 0x0000000714e00000, 0x0000000715000000|  0%| F|  |TAMS 0x0000000714e00000, 0x0000000714e00000| Untracked 
| 168|0x0000000715000000, 0x0000000715000000, 0x0000000715200000|  0%| F|  |TAMS 0x0000000715000000, 0x0000000715000000| Untracked 
| 169|0x0000000715200000, 0x0000000715200000, 0x0000000715400000|  0%| F|  |TAMS 0x0000000715200000, 0x0000000715200000| Untracked 
| 170|0x0000000715400000, 0x0000000715400000, 0x0000000715600000|  0%| F|  |TAMS 0x0000000715400000, 0x0000000715400000| Untracked 
| 171|0x0000000715600000, 0x0000000715600000, 0x0000000715800000|  0%| F|  |TAMS 0x0000000715600000, 0x0000000715600000| Untracked 
| 172|0x0000000715800000, 0x0000000715800000, 0x0000000715a00000|  0%| F|  |TAMS 0x0000000715800000, 0x0000000715800000| Untracked 
| 173|0x0000000715a00000, 0x0000000715a00000, 0x0000000715c00000|  0%| F|  |TAMS 0x0000000715a00000, 0x0000000715a00000| Untracked 
| 174|0x0000000715c00000, 0x0000000715c00000, 0x0000000715e00000|  0%| F|  |TAMS 0x0000000715c00000, 0x0000000715c00000| Untracked 
| 175|0x0000000715e00000, 0x0000000715e00000, 0x0000000716000000|  0%| F|  |TAMS 0x0000000715e00000, 0x0000000715e00000| Untracked 
| 176|0x0000000716000000, 0x0000000716000000, 0x0000000716200000|  0%| F|  |TAMS 0x0000000716000000, 0x0000000716000000| Untracked 
| 177|0x0000000716200000, 0x0000000716392d50, 0x0000000716400000| 78%| S|CS|TAMS 0x0000000716200000, 0x0000000716200000| Complete 
| 178|0x0000000716400000, 0x0000000716600000, 0x0000000716600000|100%| S|CS|TAMS 0x0000000716400000, 0x0000000716400000| Complete 
| 179|0x0000000716600000, 0x0000000716800000, 0x0000000716800000|100%| S|CS|TAMS 0x0000000716600000, 0x0000000716600000| Complete 
| 180|0x0000000716800000, 0x0000000716a00000, 0x0000000716a00000|100%| S|CS|TAMS 0x0000000716800000, 0x0000000716800000| Complete 
| 181|0x0000000716a00000, 0x0000000716a00000, 0x0000000716c00000|  0%| F|  |TAMS 0x0000000716a00000, 0x0000000716a00000| Untracked 
| 182|0x0000000716c00000, 0x0000000716c00000, 0x0000000716e00000|  0%| F|  |TAMS 0x0000000716c00000, 0x0000000716c00000| Untracked 
| 183|0x0000000716e00000, 0x0000000716e00000, 0x0000000717000000|  0%| F|  |TAMS 0x0000000716e00000, 0x0000000716e00000| Untracked 
| 184|0x0000000717000000, 0x0000000717000000, 0x0000000717200000|  0%| F|  |TAMS 0x0000000717000000, 0x0000000717000000| Untracked 
| 185|0x0000000717200000, 0x0000000717200000, 0x0000000717400000|  0%| F|  |TAMS 0x0000000717200000, 0x0000000717200000| Untracked 
| 186|0x0000000717400000, 0x0000000717400000, 0x0000000717600000|  0%| F|  |TAMS 0x0000000717400000, 0x0000000717400000| Untracked 
| 187|0x0000000717600000, 0x0000000717600000, 0x0000000717800000|  0%| F|  |TAMS 0x0000000717600000, 0x0000000717600000| Untracked 
| 188|0x0000000717800000, 0x0000000717a00000, 0x0000000717a00000|100%| S|CS|TAMS 0x0000000717800000, 0x0000000717800000| Complete 
| 189|0x0000000717a00000, 0x0000000717a00000, 0x0000000717c00000|  0%| F|  |TAMS 0x0000000717a00000, 0x0000000717a00000| Untracked 
| 190|0x0000000717c00000, 0x0000000717c00000, 0x0000000717e00000|  0%| F|  |TAMS 0x0000000717c00000, 0x0000000717c00000| Untracked 
| 191|0x0000000717e00000, 0x0000000717e00000, 0x0000000718000000|  0%| F|  |TAMS 0x0000000717e00000, 0x0000000717e00000| Untracked 
| 192|0x0000000718000000, 0x0000000718000000, 0x0000000718200000|  0%| F|  |TAMS 0x0000000718000000, 0x0000000718000000| Untracked 
| 193|0x0000000718200000, 0x0000000718200000, 0x0000000718400000|  0%| F|  |TAMS 0x0000000718200000, 0x0000000718200000| Untracked 
| 194|0x0000000718400000, 0x0000000718400000, 0x0000000718600000|  0%| F|  |TAMS 0x0000000718400000, 0x0000000718400000| Untracked 
| 195|0x0000000718600000, 0x0000000718600000, 0x0000000718800000|  0%| F|  |TAMS 0x0000000718600000, 0x0000000718600000| Untracked 
| 196|0x0000000718800000, 0x0000000718800000, 0x0000000718a00000|  0%| F|  |TAMS 0x0000000718800000, 0x0000000718800000| Untracked 
| 197|0x0000000718a00000, 0x0000000718a00000, 0x0000000718c00000|  0%| F|  |TAMS 0x0000000718a00000, 0x0000000718a00000| Untracked 
| 198|0x0000000718c00000, 0x0000000718c00000, 0x0000000718e00000|  0%| F|  |TAMS 0x0000000718c00000, 0x0000000718c00000| Untracked 
| 199|0x0000000718e00000, 0x0000000718e00000, 0x0000000719000000|  0%| F|  |TAMS 0x0000000718e00000, 0x0000000718e00000| Untracked 
| 200|0x0000000719000000, 0x0000000719000000, 0x0000000719200000|  0%| F|  |TAMS 0x0000000719000000, 0x0000000719000000| Untracked 
| 201|0x0000000719200000, 0x0000000719200000, 0x0000000719400000|  0%| F|  |TAMS 0x0000000719200000, 0x0000000719200000| Untracked 
| 202|0x0000000719400000, 0x0000000719400000, 0x0000000719600000|  0%| F|  |TAMS 0x0000000719400000, 0x0000000719400000| Untracked 
| 203|0x0000000719600000, 0x0000000719600000, 0x0000000719800000|  0%| F|  |TAMS 0x0000000719600000, 0x0000000719600000| Untracked 
| 204|0x0000000719800000, 0x0000000719800000, 0x0000000719a00000|  0%| F|  |TAMS 0x0000000719800000, 0x0000000719800000| Untracked 
| 205|0x0000000719a00000, 0x0000000719a00000, 0x0000000719c00000|  0%| F|  |TAMS 0x0000000719a00000, 0x0000000719a00000| Untracked 
| 206|0x0000000719c00000, 0x0000000719c00000, 0x0000000719e00000|  0%| F|  |TAMS 0x0000000719c00000, 0x0000000719c00000| Untracked 
| 207|0x0000000719e00000, 0x0000000719e00000, 0x000000071a000000|  0%| F|  |TAMS 0x0000000719e00000, 0x0000000719e00000| Untracked 
| 208|0x000000071a000000, 0x000000071a000000, 0x000000071a200000|  0%| F|  |TAMS 0x000000071a000000, 0x000000071a000000| Untracked 
| 209|0x000000071a200000, 0x000000071a200000, 0x000000071a400000|  0%| F|  |TAMS 0x000000071a200000, 0x000000071a200000| Untracked 
| 210|0x000000071a400000, 0x000000071a400000, 0x000000071a600000|  0%| F|  |TAMS 0x000000071a400000, 0x000000071a400000| Untracked 
| 211|0x000000071a600000, 0x000000071a600000, 0x000000071a800000|  0%| F|  |TAMS 0x000000071a600000, 0x000000071a600000| Untracked 
| 212|0x000000071a800000, 0x000000071a800000, 0x000000071aa00000|  0%| F|  |TAMS 0x000000071a800000, 0x000000071a800000| Untracked 
| 213|0x000000071aa00000, 0x000000071aa00000, 0x000000071ac00000|  0%| F|  |TAMS 0x000000071aa00000, 0x000000071aa00000| Untracked 
| 214|0x000000071ac00000, 0x000000071ac00000, 0x000000071ae00000|  0%| F|  |TAMS 0x000000071ac00000, 0x000000071ac00000| Untracked 
| 215|0x000000071ae00000, 0x000000071ae00000, 0x000000071b000000|  0%| F|  |TAMS 0x000000071ae00000, 0x000000071ae00000| Untracked 
| 216|0x000000071b000000, 0x000000071b000000, 0x000000071b200000|  0%| F|  |TAMS 0x000000071b000000, 0x000000071b000000| Untracked 
| 217|0x000000071b200000, 0x000000071b200000, 0x000000071b400000|  0%| F|  |TAMS 0x000000071b200000, 0x000000071b200000| Untracked 
| 218|0x000000071b400000, 0x000000071b400000, 0x000000071b600000|  0%| F|  |TAMS 0x000000071b400000, 0x000000071b400000| Untracked 
| 219|0x000000071b600000, 0x000000071b600000, 0x000000071b800000|  0%| F|  |TAMS 0x000000071b600000, 0x000000071b600000| Untracked 
| 220|0x000000071b800000, 0x000000071b800000, 0x000000071ba00000|  0%| F|  |TAMS 0x000000071b800000, 0x000000071b800000| Untracked 
| 221|0x000000071ba00000, 0x000000071ba00000, 0x000000071bc00000|  0%| F|  |TAMS 0x000000071ba00000, 0x000000071ba00000| Untracked 
| 222|0x000000071bc00000, 0x000000071bc00000, 0x000000071be00000|  0%| F|  |TAMS 0x000000071bc00000, 0x000000071bc00000| Untracked 
| 223|0x000000071be00000, 0x000000071bf61970, 0x000000071c000000| 69%| E|  |TAMS 0x000000071be00000, 0x000000071be00000| Complete 
| 224|0x000000071c000000, 0x000000071c200000, 0x000000071c200000|100%| E|CS|TAMS 0x000000071c000000, 0x000000071c000000| Complete 
| 225|0x000000071c200000, 0x000000071c400000, 0x000000071c400000|100%| E|CS|TAMS 0x000000071c200000, 0x000000071c200000| Complete 
| 226|0x000000071c400000, 0x000000071c600000, 0x000000071c600000|100%| E|CS|TAMS 0x000000071c400000, 0x000000071c400000| Complete 
| 227|0x000000071c600000, 0x000000071c800000, 0x000000071c800000|100%| E|CS|TAMS 0x000000071c600000, 0x000000071c600000| Complete 
| 228|0x000000071c800000, 0x000000071ca00000, 0x000000071ca00000|100%| E|CS|TAMS 0x000000071c800000, 0x000000071c800000| Complete 

Card table byte_map: [0x0000017e8f000000,0x0000017e8f800000] _byte_map_base: 0x0000017e8b800000

Marking Bits (Prev, Next): (CMBitMap*) 0x0000017ef75751b0, (CMBitMap*) 0x0000017ef75751f0
 Prev Bits: [0x0000017e90000000, 0x0000017e94000000)
 Next Bits: [0x0000017e94000000, 0x0000017e98000000)

Polling page: 0x0000017ef55e0000

Metaspace:

Usage:
  Non-class:    100.03 MB used.
      Class:     16.27 MB used.
       Both:    116.30 MB used.

Virtual space:
  Non-class space:      128.00 MB reserved,     101.19 MB ( 79%) committed,  2 nodes.
      Class space:      832.00 MB reserved,      17.38 MB (  2%) committed,  1 nodes.
             Both:      960.00 MB reserved,     118.56 MB ( 12%) committed. 

Chunk freelists:
   Non-Class:  10.39 MB
       Class:  14.49 MB
        Both:  24.88 MB

MaxMetaspaceSize: 1.00 GB
CompressedClassSpaceSize: 832.00 MB
Initial GC threshold: 21.00 MB
Current GC threshold: 196.25 MB
CDS: on
MetaspaceReclaimPolicy: balanced
 - commit_granule_bytes: 65536.
 - commit_granule_words: 8192.
 - virtual_space_node_default_size: 8388608.
 - enlarge_chunks_in_place: 1.
 - new_chunks_are_fully_committed: 0.
 - uncommit_free_chunks: 1.
 - use_allocation_guard: 0.
 - handle_deallocations: 1.


Internal statistics:

num_allocs_failed_limit: 9.
num_arena_births: 3376.
num_arena_deaths: 0.
num_vsnodes_births: 3.
num_vsnodes_deaths: 0.
num_space_committed: 1897.
num_space_uncommitted: 0.
num_chunks_returned_to_freelist: 9.
num_chunks_taken_from_freelist: 9482.
num_chunk_merges: 9.
num_chunk_splits: 5776.
num_chunks_enlarged: 3215.
num_inconsistent_stats: 0.

CodeHeap 'non-profiled nmethods': size=120000Kb used=13319Kb max_used=13319Kb free=106680Kb
 bounds [0x0000017e87ad0000, 0x0000017e887e0000, 0x0000017e8f000000]
CodeHeap 'profiled nmethods': size=120000Kb used=31227Kb max_used=31227Kb free=88772Kb
 bounds [0x0000017e80000000, 0x0000017e81e90000, 0x0000017e87530000]
CodeHeap 'non-nmethods': size=5760Kb used=2488Kb max_used=2545Kb free=3271Kb
 bounds [0x0000017e87530000, 0x0000017e877c0000, 0x0000017e87ad0000]
 total_blobs=17044 nmethods=16021 adapters=933
 compilation: enabled
              stopped_count=0, restarted_count=0
 full_count=0

Compilation events (20 events):
Event: 46.072 Thread 0x0000017ed81ceae0 nmethod 19469 0x0000017e887bb510 code [0x0000017e887bb6c0, 0x0000017e887bbb78]
Event: 46.072 Thread 0x0000017ed81ceae0 19519       4       org.gradle.internal.serialize.kryo.StringDeduplicatingKryoBackedEncoder::writeNullableString (16 bytes)
Event: 46.073 Thread 0x0000017ed81ceae0 nmethod 19519 0x0000017e887bc010 code [0x0000017e887bc1a0, 0x0000017e887bc278]
Event: 46.073 Thread 0x0000017ed81ceae0 19536       4       org.gradle.api.internal.artifacts.ivyservice.ivyresolve.ErrorHandlingModuleComponentRepository$ErrorHandlingModuleComponentRepositoryAccess::checkToHandleDisabledRepository (60 bytes)
Event: 46.074 Thread 0x0000017ed81ceae0 nmethod 19536 0x0000017e887bc390 code [0x0000017e887bc520, 0x0000017e887bc618]
Event: 46.074 Thread 0x0000017ed81ceae0 19560       4       org.gradle.api.internal.artifacts.ivyservice.ivyresolve.CachingModuleComponentRepository$LocateInCacheRepositoryAccess::estimateMetadataFetchingCost (191 bytes)
Event: 46.107 Thread 0x0000017e9a46cf10 19561       3       java.util.HashMap$ValueSpliterator::tryAdvance (138 bytes)
Event: 46.107 Thread 0x0000017e9a46cf10 nmethod 19561 0x0000017e81e6f390 code [0x0000017e81e6f5a0, 0x0000017e81e6fd18]
Event: 46.122 Thread 0x0000017e9a46cf10 19562       3       java.lang.management.ManagementFactory$PlatformMBeanFinder$$Lambda$73/0x0000017e9c074980::test (12 bytes)
Event: 46.123 Thread 0x0000017e9a46cf10 nmethod 19562 0x0000017e81e6ff90 code [0x0000017e81e70160, 0x0000017e81e70578]
Event: 46.137 Thread 0x0000017e9a46cf10 19570       3       org.gradle.api.internal.artifacts.ivyservice.resolveengine.graph.builder.ModuleResolveState::removeSelector (92 bytes)
Event: 46.157 Thread 0x0000017e9a46cf10 nmethod 19570 0x0000017e81e70690 code [0x0000017e81e708e0, 0x0000017e81e71408]
Event: 46.164 Thread 0x0000017e9a46cf10 19571       3       org.gradle.api.internal.artifacts.ivyservice.resolveengine.graph.builder.DependencyGraphBuilder::validateGraph (196 bytes)
Event: 46.165 Thread 0x0000017e9a46cf10 nmethod 19571 0x0000017e81e71790 code [0x0000017e81e71b60, 0x0000017e81e73578]
Event: 46.171 Thread 0x0000017e9a46cf10 19572   !   3       java.io.RandomAccessFile::close (69 bytes)
Event: 46.172 Thread 0x0000017e9a46cf10 nmethod 19572 0x0000017e81e73e10 code [0x0000017e81e74000, 0x0000017e81e74558]
Event: 46.172 Thread 0x0000017e9a46cf10 19573       1       org.gradle.api.attributes.Category$Impl::getName (5 bytes)
Event: 46.172 Thread 0x0000017e9a46cf10 nmethod 19573 0x0000017e887bc710 code [0x0000017e887bc8a0, 0x0000017e887bc978]
Event: 46.189 Thread 0x0000017e9a46cf10 19574       1       com.android.build.gradle.internal.SdkDirectLoadingStrategy$DirectLoadComponents::getPlatform$gradle_core (5 bytes)
Event: 46.189 Thread 0x0000017e9a46cf10 nmethod 19574 0x0000017e887bca10 code [0x0000017e887bcba0, 0x0000017e887bcc78]

GC Heap History (20 events):
Event: 37.845 GC heap before
{Heap before GC invocations=61 (full 0):
 garbage-first heap   total 356352K, used 287379K [0x0000000700000000, 0x0000000800000000)
  region size 2048K, 44 young (90112K), 5 survivors (10240K)
 Metaspace       used 110299K, committed 112256K, reserved 983040K
  class space    used 15429K, committed 16384K, reserved 851968K
}
Event: 37.851 GC heap after
{Heap after GC invocations=62 (full 0):
 garbage-first heap   total 356352K, used 212116K [0x0000000700000000, 0x0000000800000000)
  region size 2048K, 3 young (6144K), 3 survivors (6144K)
 Metaspace       used 110299K, committed 112256K, reserved 983040K
  class space    used 15429K, committed 16384K, reserved 851968K
}
Event: 38.669 GC heap before
{Heap before GC invocations=62 (full 0):
 garbage-first heap   total 356352K, used 291988K [0x0000000700000000, 0x0000000800000000)
  region size 2048K, 42 young (86016K), 3 survivors (6144K)
 Metaspace       used 110482K, committed 112384K, reserved 983040K
  class space    used 15453K, committed 16384K, reserved 851968K
}
Event: 38.676 GC heap after
{Heap after GC invocations=63 (full 0):
 garbage-first heap   total 356352K, used 224321K [0x0000000700000000, 0x0000000800000000)
  region size 2048K, 6 young (12288K), 6 survivors (12288K)
 Metaspace       used 110482K, committed 112384K, reserved 983040K
  class space    used 15453K, committed 16384K, reserved 851968K
}
Event: 38.875 GC heap before
{Heap before GC invocations=63 (full 0):
 garbage-first heap   total 356352K, used 289857K [0x0000000700000000, 0x0000000800000000)
  region size 2048K, 39 young (79872K), 6 survivors (12288K)
 Metaspace       used 110482K, committed 112384K, reserved 983040K
  class space    used 15453K, committed 16384K, reserved 851968K
}
Event: 38.882 GC heap after
{Heap after GC invocations=64 (full 0):
 garbage-first heap   total 356352K, used 226485K [0x0000000700000000, 0x0000000800000000)
  region size 2048K, 2 young (4096K), 2 survivors (4096K)
 Metaspace       used 110482K, committed 112384K, reserved 983040K
  class space    used 15453K, committed 16384K, reserved 851968K
}
Event: 40.259 GC heap before
{Heap before GC invocations=64 (full 0):
 garbage-first heap   total 356352K, used 292021K [0x0000000700000000, 0x0000000800000000)
  region size 2048K, 35 young (71680K), 2 survivors (4096K)
 Metaspace       used 111078K, committed 113216K, reserved 983040K
  class space    used 15561K, committed 16576K, reserved 851968K
}
Event: 40.267 GC heap after
{Heap after GC invocations=65 (full 0):
 garbage-first heap   total 356352K, used 234674K [0x0000000700000000, 0x0000000800000000)
  region size 2048K, 5 young (10240K), 5 survivors (10240K)
 Metaspace       used 111078K, committed 113216K, reserved 983040K
  class space    used 15561K, committed 16576K, reserved 851968K
}
Event: 40.493 GC heap before
{Heap before GC invocations=65 (full 0):
 garbage-first heap   total 356352K, used 292018K [0x0000000700000000, 0x0000000800000000)
  region size 2048K, 34 young (69632K), 5 survivors (10240K)
 Metaspace       used 111107K, committed 113216K, reserved 983040K
  class space    used 15565K, committed 16576K, reserved 851968K
}
Event: 40.500 GC heap after
{Heap after GC invocations=66 (full 0):
 garbage-first heap   total 356352K, used 238212K [0x0000000700000000, 0x0000000800000000)
  region size 2048K, 3 young (6144K), 3 survivors (6144K)
 Metaspace       used 111107K, committed 113216K, reserved 983040K
  class space    used 15565K, committed 16576K, reserved 851968K
}
Event: 40.653 GC heap before
{Heap before GC invocations=66 (full 0):
 garbage-first heap   total 356352K, used 291460K [0x0000000700000000, 0x0000000800000000)
  region size 2048K, 30 young (61440K), 3 survivors (6144K)
 Metaspace       used 111107K, committed 113216K, reserved 983040K
  class space    used 15565K, committed 16576K, reserved 851968K
}
Event: 40.656 GC heap after
{Heap after GC invocations=67 (full 0):
 garbage-first heap   total 356352K, used 238245K [0x0000000700000000, 0x0000000800000000)
  region size 2048K, 3 young (6144K), 3 survivors (6144K)
 Metaspace       used 111107K, committed 113216K, reserved 983040K
  class space    used 15565K, committed 16576K, reserved 851968K
}
Event: 41.486 GC heap before
{Heap before GC invocations=67 (full 0):
 garbage-first heap   total 356352K, used 295589K [0x0000000700000000, 0x0000000800000000)
  region size 2048K, 32 young (65536K), 3 survivors (6144K)
 Metaspace       used 111676K, committed 113856K, reserved 983040K
  class space    used 15653K, committed 16704K, reserved 851968K
}
Event: 41.494 GC heap after
{Heap after GC invocations=68 (full 0):
 garbage-first heap   total 428032K, used 248488K [0x0000000700000000, 0x0000000800000000)
  region size 2048K, 4 young (8192K), 4 survivors (8192K)
 Metaspace       used 111676K, committed 113856K, reserved 983040K
  class space    used 15653K, committed 16704K, reserved 851968K
}
Event: 43.620 GC heap before
{Heap before GC invocations=68 (full 0):
 garbage-first heap   total 428032K, used 354984K [0x0000000700000000, 0x0000000800000000)
  region size 2048K, 56 young (114688K), 4 survivors (8192K)
 Metaspace       used 117081K, committed 119232K, reserved 983040K
  class space    used 16401K, committed 17408K, reserved 851968K
}
Event: 43.630 GC heap after
{Heap after GC invocations=69 (full 0):
 garbage-first heap   total 428032K, used 257608K [0x0000000700000000, 0x0000000800000000)
  region size 2048K, 7 young (14336K), 7 survivors (14336K)
 Metaspace       used 117081K, committed 119232K, reserved 983040K
  class space    used 16401K, committed 17408K, reserved 851968K
}
Event: 44.375 GC heap before
{Heap before GC invocations=69 (full 0):
 garbage-first heap   total 428032K, used 298568K [0x0000000700000000, 0x0000000800000000)
  region size 2048K, 28 young (57344K), 7 survivors (14336K)
 Metaspace       used 118053K, committed 120256K, reserved 983040K
  class space    used 16518K, committed 17600K, reserved 851968K
}
Event: 44.389 GC heap after
{Heap after GC invocations=70 (full 0):
 garbage-first heap   total 428032K, used 267042K [0x0000000700000000, 0x0000000800000000)
  region size 2048K, 7 young (14336K), 7 survivors (14336K)
 Metaspace       used 118053K, committed 120256K, reserved 983040K
  class space    used 16518K, committed 17600K, reserved 851968K
}
Event: 46.138 GC heap before
{Heap before GC invocations=71 (full 0):
 garbage-first heap   total 468992K, used 348962K [0x0000000700000000, 0x0000000800000000)
  region size 2048K, 47 young (96256K), 7 survivors (14336K)
 Metaspace       used 119049K, committed 121344K, reserved 983040K
  class space    used 16657K, committed 17792K, reserved 851968K
}
Event: 46.157 GC heap after
{Heap after GC invocations=72 (full 0):
 garbage-first heap   total 468992K, used 277282K [0x0000000700000000, 0x0000000800000000)
  region size 2048K, 5 young (10240K), 5 survivors (10240K)
 Metaspace       used 119049K, committed 121344K, reserved 983040K
  class space    used 16657K, committed 17792K, reserved 851968K
}

Deoptimization events (20 events):
Event: 45.154 Thread 0x0000017ed60aa3f0 Uncommon trap: trap_request=0xffffff45 fr.pc=0x0000017e883aed1c relative=0x000000000000009c
Event: 45.154 Thread 0x0000017ed60aa3f0 Uncommon trap: reason=unstable_if action=reinterpret pc=0x0000017e883aed1c method=com.esotericsoftware.kryo.io.Output.writeByte(B)V @ 8 c2
Event: 45.154 Thread 0x0000017ed60aa3f0 DEOPT PACKING pc=0x0000017e883aed1c sp=0x0000000bd8bf87a0
Event: 45.154 Thread 0x0000017ed60aa3f0 DEOPT UNPACKING pc=0x0000017e87585ba3 sp=0x0000000bd8bf8728 mode 2
Event: 45.158 Thread 0x0000017ed60aa3f0 Uncommon trap: trap_request=0xffffffde fr.pc=0x0000017e8860af34 relative=0x0000000000001e54
Event: 45.158 Thread 0x0000017ed60aa3f0 Uncommon trap: reason=class_check action=maybe_recompile pc=0x0000017e8860af34 method=org.gradle.api.internal.artifacts.ivyservice.resolveengine.result.DesugaredAttributeContainerSerializer.read(Lorg/gradle/internal/serialize/Decoder;)Lorg/gradle/api/inte
Event: 45.159 Thread 0x0000017ed60aa3f0 DEOPT PACKING pc=0x0000017e8860af34 sp=0x0000000bd8bf8e30
Event: 45.159 Thread 0x0000017ed60aa3f0 DEOPT UNPACKING pc=0x0000017e87585ba3 sp=0x0000000bd8bf8e00 mode 2
Event: 45.240 Thread 0x0000017ed60aa3f0 Uncommon trap: trap_request=0xffffffde fr.pc=0x0000017e8860af34 relative=0x0000000000001e54
Event: 45.240 Thread 0x0000017ed60aa3f0 Uncommon trap: reason=class_check action=maybe_recompile pc=0x0000017e8860af34 method=org.gradle.api.internal.artifacts.ivyservice.resolveengine.result.DesugaredAttributeContainerSerializer.read(Lorg/gradle/internal/serialize/Decoder;)Lorg/gradle/api/inte
Event: 45.240 Thread 0x0000017ed60aa3f0 DEOPT PACKING pc=0x0000017e8860af34 sp=0x0000000bd8bf8de0
Event: 45.240 Thread 0x0000017ed60aa3f0 DEOPT UNPACKING pc=0x0000017e87585ba3 sp=0x0000000bd8bf8db0 mode 2
Event: 45.918 Thread 0x0000017ed60aa3f0 Uncommon trap: trap_request=0xffffff45 fr.pc=0x0000017e887a6944 relative=0x0000000000000564
Event: 45.918 Thread 0x0000017ed60aa3f0 Uncommon trap: reason=unstable_if action=reinterpret pc=0x0000017e887a6944 method=org.gradle.api.internal.artifacts.ivyservice.resolveengine.graph.selectors.SelectorStateResolverResults.componentForIdResolveResult(Lorg/gradle/api/internal/artifacts/ivyser
Event: 45.918 Thread 0x0000017ed60aa3f0 DEOPT PACKING pc=0x0000017e887a6944 sp=0x0000000bd8bf92d0
Event: 45.919 Thread 0x0000017ed60aa3f0 DEOPT UNPACKING pc=0x0000017e87585ba3 sp=0x0000000bd8bf92a0 mode 2
Event: 46.159 Thread 0x0000017e9a447fe0 Uncommon trap: trap_request=0xffffffc6 fr.pc=0x0000017e88545420 relative=0x0000000000000060
Event: 46.159 Thread 0x0000017e9a447fe0 Uncommon trap: reason=bimorphic_or_optimized_type_check action=maybe_recompile pc=0x0000017e88545420 method=java.lang.ThreadLocal.remove()V @ 4 c2
Event: 46.159 Thread 0x0000017e9a447fe0 DEOPT PACKING pc=0x0000017e88545420 sp=0x0000000bd74ff240
Event: 46.159 Thread 0x0000017e9a447fe0 DEOPT UNPACKING pc=0x0000017e87585ba3 sp=0x0000000bd74ff200 mode 2

Classes unloaded (0 events):
No events

Classes redefined (0 events):
No events

Internal exceptions (20 events):
Event: 41.386 Thread 0x0000017ed60aa3f0 Exception <a 'java/lang/IncompatibleClassChangeError'{0x0000000712961528}: Found class java.lang.Object, but interface was expected> (0x0000000712961528) 
thrown [s\open\src\hotspot\share\interpreter\linkResolver.cpp, line 826]
Event: 41.386 Thread 0x0000017ed60aa3f0 Exception <a 'java/lang/IncompatibleClassChangeError'{0x00000007129633b8}: Found class java.lang.Object, but interface was expected> (0x00000007129633b8) 
thrown [s\open\src\hotspot\share\interpreter\linkResolver.cpp, line 826]
Event: 41.516 Thread 0x0000017ed60aa3f0 Implicit null exception at 0x0000017e88536b0d to 0x0000017e88536f68
Event: 41.516 Thread 0x0000017ed60aa3f0 Implicit null exception at 0x0000017e8865ded6 to 0x0000017e8865e8a4
Event: 41.553 Thread 0x0000017ed60aa3f0 Implicit null exception at 0x0000017e8867bf36 to 0x0000017e8867d904
Event: 41.607 Thread 0x0000017ed60aa3f0 Implicit null exception at 0x0000017e88685106 to 0x0000017e88686b2c
Event: 41.922 Thread 0x0000017ed60aa3f0 Exception <a 'java/lang/IncompatibleClassChangeError'{0x000000071886e9d0}: Found class java.lang.Object, but interface was expected> (0x000000071886e9d0) 
thrown [s\open\src\hotspot\share\interpreter\linkResolver.cpp, line 826]
Event: 41.948 Thread 0x0000017ed60aa3f0 Implicit null exception at 0x0000017e8869f591 to 0x0000017e8869fb94
Event: 42.055 Thread 0x0000017ed60aa3f0 Exception <a 'sun/nio/fs/WindowsException'{0x0000000718394420}> (0x0000000718394420) 
thrown [s\open\src\hotspot\share\prims\jni.cpp, line 516]
Event: 42.055 Thread 0x0000017ed60aa3f0 Exception <a 'sun/nio/fs/WindowsException'{0x0000000718395940}> (0x0000000718395940) 
thrown [s\open\src\hotspot\share\prims\jni.cpp, line 516]
Event: 42.056 Thread 0x0000017ed60aa3f0 Exception <a 'sun/nio/fs/WindowsException'{0x0000000718396eb0}> (0x0000000718396eb0) 
thrown [s\open\src\hotspot\share\prims\jni.cpp, line 516]
Event: 42.056 Thread 0x0000017ed60aa3f0 Exception <a 'sun/nio/fs/WindowsException'{0x0000000718398420}> (0x0000000718398420) 
thrown [s\open\src\hotspot\share\prims\jni.cpp, line 516]
Event: 42.244 Thread 0x0000017ed60aa3f0 Exception <a 'java/lang/NullPointerException'{0x000000071779dbc0}> (0x000000071779dbc0) 
thrown [s\open\src\hotspot\share\interpreter\linkResolver.cpp, line 1433]
Event: 42.390 Thread 0x0000017ed60aa3f0 Implicit null exception at 0x0000017e87c1e5f4 to 0x0000017e87c26a70
Event: 42.614 Thread 0x0000017ed60aa3f0 Exception <a 'java/lang/NoSuchMethodError'{0x00000007160971d0}: 'int java.lang.invoke.DirectMethodHandle$Holder.invokeStatic(java.lang.Object, java.lang.Object, java.lang.Object, int, java.lang.Object)'> (0x00000007160971d0) 
thrown [s\open\src\hotspot\share\interpreter\linkResolver.cpp, line 759]
Event: 43.654 Thread 0x0000017ed60aa3f0 Implicit null exception at 0x0000017e88687e01 to 0x0000017e88687fa0
Event: 44.879 Thread 0x0000017ed60aa3f0 Exception <a 'sun/nio/fs/WindowsException'{0x000000071ba59688}> (0x000000071ba59688) 
thrown [s\open\src\hotspot\share\prims\jni.cpp, line 516]
Event: 44.879 Thread 0x0000017ed60aa3f0 Exception <a 'sun/nio/fs/WindowsException'{0x000000071ba5aba8}> (0x000000071ba5aba8) 
thrown [s\open\src\hotspot\share\prims\jni.cpp, line 516]
Event: 44.879 Thread 0x0000017ed60aa3f0 Exception <a 'sun/nio/fs/WindowsException'{0x000000071ba5c118}> (0x000000071ba5c118) 
thrown [s\open\src\hotspot\share\prims\jni.cpp, line 516]
Event: 44.879 Thread 0x0000017ed60aa3f0 Exception <a 'sun/nio/fs/WindowsException'{0x000000071ba5d688}> (0x000000071ba5d688) 
thrown [s\open\src\hotspot\share\prims\jni.cpp, line 516]

VM Operations (20 events):
Event: 43.751 Executing VM operation: HandshakeAllThreads
Event: 43.752 Executing VM operation: HandshakeAllThreads done
Event: 43.793 Executing VM operation: HandshakeAllThreads
Event: 43.794 Executing VM operation: HandshakeAllThreads done
Event: 44.071 Executing VM operation: ICBufferFull
Event: 44.071 Executing VM operation: ICBufferFull done
Event: 44.375 Executing VM operation: CollectForMetadataAllocation
Event: 44.389 Executing VM operation: CollectForMetadataAllocation done
Event: 44.405 Executing VM operation: HandshakeAllThreads
Event: 44.406 Executing VM operation: HandshakeAllThreads done
Event: 44.611 Executing VM operation: G1Concurrent
Event: 44.621 Executing VM operation: G1Concurrent done
Event: 44.718 Executing VM operation: G1Concurrent
Event: 44.719 Executing VM operation: G1Concurrent done
Event: 45.157 Executing VM operation: ICBufferFull
Event: 45.158 Executing VM operation: ICBufferFull done
Event: 45.640 Executing VM operation: ICBufferFull
Event: 45.641 Executing VM operation: ICBufferFull done
Event: 46.138 Executing VM operation: G1CollectForAllocation
Event: 46.158 Executing VM operation: G1CollectForAllocation done

Events (20 events):
Event: 44.429 Thread 0x0000017e9a476040 flushing nmethod 0x0000017e81644c10
Event: 44.430 Thread 0x0000017e9a476040 flushing nmethod 0x0000017e816aa090
Event: 44.430 Thread 0x0000017e9a476040 flushing nmethod 0x0000017e816fc010
Event: 44.430 Thread 0x0000017e9a476040 flushing nmethod 0x0000017e81750590
Event: 44.430 Thread 0x0000017e9a476040 flushing nmethod 0x0000017e81791c90
Event: 44.431 Thread 0x0000017e9a476040 flushing nmethod 0x0000017e817fc390
Event: 44.431 Thread 0x0000017e9a476040 flushing nmethod 0x0000017e81858f10
Event: 44.432 Thread 0x0000017e9a476040 flushing nmethod 0x0000017e81932d10
Event: 44.432 Thread 0x0000017e9a476040 flushing nmethod 0x0000017e81a23410
Event: 44.432 Thread 0x0000017e9a476040 flushing nmethod 0x0000017e81a2a890
Event: 44.433 Thread 0x0000017e9a476040 flushing nmethod 0x0000017e81af7690
Event: 44.433 Thread 0x0000017e9a476040 flushing nmethod 0x0000017e81b2fd90
Event: 44.433 Thread 0x0000017e9a476040 flushing nmethod 0x0000017e81b30b90
Event: 44.433 Thread 0x0000017e9a476040 flushing nmethod 0x0000017e81b76310
Event: 44.434 Thread 0x0000017e9a476040 flushing nmethod 0x0000017e81cc1810
Event: 44.434 Thread 0x0000017e9a476040 flushing nmethod 0x0000017e81d18d10
Event: 44.435 Thread 0x0000017e9a476040 flushing nmethod 0x0000017e81d7da90
Event: 44.435 Thread 0x0000017e9a476040 flushing nmethod 0x0000017e81d7df10
Event: 44.435 Thread 0x0000017e9a476040 flushing nmethod 0x0000017e81e07610
Event: 44.435 Thread 0x0000017e9a476040 flushing nmethod 0x0000017e81e11b10


Dynamic libraries:
0x00007ff61bb70000 - 0x00007ff61bb80000 	C:\Program Files\Java\jdk-17\bin\java.exe
0x00007fff10b60000 - 0x00007fff10dc8000 	C:\WINDOWS\SYSTEM32\ntdll.dll
0x00007fff0fe00000 - 0x00007fff0fec9000 	C:\WINDOWS\System32\KERNEL32.DLL
0x00007fff0df70000 - 0x00007fff0e368000 	C:\WINDOWS\System32\KERNELBASE.dll
0x00007fff0dcb0000 - 0x00007fff0ddfb000 	C:\WINDOWS\System32\ucrtbase.dll
0x00007ffefbd20000 - 0x00007ffefbd3b000 	C:\Program Files\Java\jdk-17\bin\VCRUNTIME140.dll
0x00007ffefbe60000 - 0x00007ffefbe79000 	C:\Program Files\Java\jdk-17\bin\jli.dll
0x00007fff100f0000 - 0x00007fff101a4000 	C:\WINDOWS\System32\ADVAPI32.dll
0x00007fff0fc20000 - 0x00007fff0fcc9000 	C:\WINDOWS\System32\msvcrt.dll
0x00007fff10390000 - 0x00007fff10436000 	C:\WINDOWS\System32\sechost.dll
0x00007fff0ea90000 - 0x00007fff0eba8000 	C:\WINDOWS\System32\RPCRT4.dll
0x00007fff104c0000 - 0x00007fff10687000 	C:\WINDOWS\System32\USER32.dll
0x00007fff0e7a0000 - 0x00007fff0e7c7000 	C:\WINDOWS\System32\win32u.dll
0x00007fff0f000000 - 0x00007fff0f02b000 	C:\WINDOWS\System32\GDI32.dll
0x00007ffef1540000 - 0x00007ffef17d4000 	C:\WINDOWS\WinSxS\amd64_microsoft.windows.common-controls_6595b64144ccf1df_6.0.26100.7019_none_3e06ffa0e335b8a8\COMCTL32.dll
0x00007fff0e7d0000 - 0x00007fff0e8fc000 	C:\WINDOWS\System32\gdi32full.dll
0x00007fff0e370000 - 0x00007fff0e413000 	C:\WINDOWS\System32\msvcp_win.dll
0x00007fff01920000 - 0x00007fff0192b000 	C:\WINDOWS\SYSTEM32\VERSION.dll
0x00007fff0efc0000 - 0x00007fff0eff1000 	C:\WINDOWS\System32\IMM32.DLL
0x00007fff01400000 - 0x00007fff0140c000 	C:\Program Files\Java\jdk-17\bin\vcruntime140_1.dll
0x00007ffee3310000 - 0x00007ffee339e000 	C:\Program Files\Java\jdk-17\bin\msvcp140.dll
0x00007ffe77830000 - 0x00007ffe78410000 	C:\Program Files\Java\jdk-17\bin\server\jvm.dll
0x00007fff104b0000 - 0x00007fff104b8000 	C:\WINDOWS\System32\PSAPI.DLL
0x00007fff040a0000 - 0x00007fff040d5000 	C:\WINDOWS\SYSTEM32\WINMM.dll
0x00007ffeeba80000 - 0x00007ffeeba8a000 	C:\WINDOWS\SYSTEM32\WSOCK32.dll
0x00007fff0ef40000 - 0x00007fff0efb4000 	C:\WINDOWS\System32\WS2_32.dll
0x00007fff0ca70000 - 0x00007fff0ca8b000 	C:\WINDOWS\SYSTEM32\kernel.appcore.dll
0x00007ffefc0d0000 - 0x00007ffefc0da000 	C:\Program Files\Java\jdk-17\bin\jimage.dll
0x00007fff0af40000 - 0x00007fff0b182000 	C:\WINDOWS\SYSTEM32\DBGHELP.DLL
0x00007fff0ebb0000 - 0x00007fff0ef3b000 	C:\WINDOWS\System32\combase.dll
0x00007fff0fce0000 - 0x00007fff0fdb7000 	C:\WINDOWS\System32\OLEAUT32.dll
0x00007ffef1aa0000 - 0x00007ffef1adc000 	C:\WINDOWS\SYSTEM32\dbgcore.DLL
0x00007fff0e6f0000 - 0x00007fff0e795000 	C:\WINDOWS\System32\bcryptPrimitives.dll
0x00007ffefb3d0000 - 0x00007ffefb3de000 	C:\Program Files\Java\jdk-17\bin\instrument.dll
0x00007ffefb890000 - 0x00007ffefb8b5000 	C:\Program Files\Java\jdk-17\bin\java.dll
0x00007ffee3230000 - 0x00007ffee3307000 	C:\Program Files\Java\jdk-17\bin\jsvml.dll
0x00007fff0f030000 - 0x00007fff0f781000 	C:\WINDOWS\System32\SHELL32.dll
0x00007fff0de00000 - 0x00007fff0df6b000 	C:\WINDOWS\System32\wintypes.dll
0x00007fff0b8d0000 - 0x00007fff0c12d000 	C:\WINDOWS\SYSTEM32\windows.storage.dll
0x00007fff10690000 - 0x00007fff10782000 	C:\WINDOWS\System32\SHCORE.dll
0x00007fff10440000 - 0x00007fff104a7000 	C:\WINDOWS\System32\shlwapi.dll
0x00007fff0dbd0000 - 0x00007fff0dbf9000 	C:\WINDOWS\SYSTEM32\profapi.dll
0x00007ffefb7f0000 - 0x00007ffefb808000 	C:\Program Files\Java\jdk-17\bin\zip.dll
0x00007ffefb870000 - 0x00007ffefb889000 	C:\Program Files\Java\jdk-17\bin\net.dll
0x00007fff074e0000 - 0x00007fff07608000 	C:\WINDOWS\SYSTEM32\WINHTTP.dll
0x00007fff0cfe0000 - 0x00007fff0d04b000 	C:\WINDOWS\system32\mswsock.dll
0x00007ffefb810000 - 0x00007ffefb826000 	C:\Program Files\Java\jdk-17\bin\nio.dll
0x00007ffefb7e0000 - 0x00007ffefb7f0000 	C:\Program Files\Java\jdk-17\bin\verify.dll
0x00007ffefb330000 - 0x00007ffefb357000 	C:\Users\VK\.gradle\native\1def1411415f61bf3af743bc5b6707747c0891f09f0c88961ee8f79bc544acac\windows-amd64\native-platform.dll
0x00007ffede090000 - 0x00007ffede107000 	C:\Users\VK\.gradle\native\0.2.8\x86_64-windows-gnu\gradle-fileevents.dll
0x00007ffefbd60000 - 0x00007ffefbd6a000 	C:\Program Files\Java\jdk-17\bin\management.dll
0x00007ffefb860000 - 0x00007ffefb86b000 	C:\Program Files\Java\jdk-17\bin\management_ext.dll
0x00007fff0c4b0000 - 0x00007fff0c4e4000 	C:\WINDOWS\SYSTEM32\IPHLPAPI.DLL
0x00007fff0fcd0000 - 0x00007fff0fcda000 	C:\WINDOWS\System32\NSI.dll
0x00007fff08190000 - 0x00007fff081ae000 	C:\WINDOWS\SYSTEM32\dhcpcsvc6.DLL
0x00007fff08160000 - 0x00007fff08183000 	C:\WINDOWS\SYSTEM32\dhcpcsvc.DLL
0x00007fff0c550000 - 0x00007fff0c67c000 	C:\WINDOWS\SYSTEM32\DNSAPI.dll
0x00007fff0d2a0000 - 0x00007fff0d2bb000 	C:\WINDOWS\SYSTEM32\CRYPTSP.dll
0x00007fff0c9d0000 - 0x00007fff0ca0a000 	C:\WINDOWS\system32\rsaenh.dll
0x00007fff0d090000 - 0x00007fff0d0bb000 	C:\WINDOWS\SYSTEM32\USERENV.dll
0x00007fff0dba0000 - 0x00007fff0dbca000 	C:\WINDOWS\SYSTEM32\bcrypt.dll
0x00007fff0d2c0000 - 0x00007fff0d2cc000 	C:\WINDOWS\SYSTEM32\CRYPTBASE.dll
0x00007fff088c0000 - 0x00007fff088ce000 	C:\Program Files\Java\jdk-17\bin\sunmscapi.dll
0x00007fff0e4e0000 - 0x00007fff0e657000 	C:\WINDOWS\System32\CRYPT32.dll
0x00007fff0d4c0000 - 0x00007fff0d4f0000 	C:\WINDOWS\SYSTEM32\ncrypt.dll
0x00007fff0d470000 - 0x00007fff0d4af000 	C:\WINDOWS\SYSTEM32\NTASN1.dll
0x00007ffe5f0a0000 - 0x00007ffe5f0a8000 	C:\WINDOWS\system32\wshunix.dll

dbghelp: loaded successfully - version: 4.0.5 - missing functions: none
symbol engine: initialized successfully - sym options: 0x614 - pdb path: .;C:\Program Files\Java\jdk-17\bin;C:\WINDOWS\SYSTEM32;C:\WINDOWS\WinSxS\amd64_microsoft.windows.common-controls_6595b64144ccf1df_6.0.26100.7019_none_3e06ffa0e335b8a8;C:\Program Files\Java\jdk-17\bin\server;C:\Users\VK\.gradle\native\1def1411415f61bf3af743bc5b6707747c0891f09f0c88961ee8f79bc544acac\windows-amd64;C:\Users\VK\.gradle\native\0.2.8\x86_64-windows-gnu

VM Arguments:
jvm_args: --add-opens=java.base/java.lang=ALL-UNNAMED --add-opens=java.base/java.lang.invoke=ALL-UNNAMED --add-opens=java.base/java.util=ALL-UNNAMED --add-opens=java.prefs/java.util.prefs=ALL-UNNAMED --add-exports=jdk.compiler/com.sun.tools.javac.api=ALL-UNNAMED --add-exports=jdk.compiler/com.sun.tools.javac.util=ALL-UNNAMED --add-opens=java.base/java.util=ALL-UNNAMED --add-opens=java.prefs/java.util.prefs=ALL-UNNAMED --add-opens=java.base/java.nio.charset=ALL-UNNAMED --add-opens=java.base/java.net=ALL-UNNAMED --add-opens=java.base/java.util.concurrent=ALL-UNNAMED --add-opens=java.base/java.util.concurrent.atomic=ALL-UNNAMED --add-opens=java.xml/javax.xml.namespace=ALL-UNNAMED -XX:MaxMetaspaceSize=1024m -Xmx4096m -Dfile.encoding=windows-1252 -Duser.country=IN -Duser.language=en -Duser.variant -javaagent:C:\Users\VK\.gradle\wrapper\dists\gradle-9.0.0-bin\d6wjpkvcgsg3oed0qlfss3wgl\gradle-9.0.0\lib\agents\gradle-instrumentation-agent-9.0.0.jar 
java_command: org.gradle.launcher.daemon.bootstrap.GradleDaemon 9.0.0
java_class_path (initial): C:\Users\VK\.gradle\wrapper\dists\gradle-9.0.0-bin\d6wjpkvcgsg3oed0qlfss3wgl\gradle-9.0.0\lib\gradle-daemon-main-9.0.0.jar
Launcher Type: SUN_STANDARD

[Global flags]
     intx CICompilerCount                          = 4                                         {product} {ergonomic}
   size_t CompressedClassSpaceSize                 = 872415232                                 {product} {ergonomic}
     uint ConcGCThreads                            = 2                                         {product} {ergonomic}
     uint G1ConcRefinementThreads                  = 8                                         {product} {ergonomic}
   size_t G1HeapRegionSize                         = 2097152                                   {product} {ergonomic}
    uintx GCDrainStackTargetSize                   = 64                                        {product} {ergonomic}
   size_t InitialHeapSize                          = 266338304                                 {product} {ergonomic}
   size_t MarkStackSize                            = 4194304                                   {product} {ergonomic}
   size_t MaxHeapSize                              = 4294967296                                {product} {command line}
   size_t MaxMetaspaceSize                         = 1073741824                                {product} {command line}
   size_t MaxNewSize                               = 2575302656                                {product} {ergonomic}
   size_t MinHeapDeltaBytes                        = 2097152                                   {product} {ergonomic}
   size_t MinHeapSize                              = 8388608                                   {product} {ergonomic}
    uintx NonNMethodCodeHeapSize                   = 5839372                                {pd product} {ergonomic}
    uintx NonProfiledCodeHeapSize                  = 122909434                              {pd product} {ergonomic}
    uintx ProfiledCodeHeapSize                     = 122909434                              {pd product} {ergonomic}
    uintx ReservedCodeCacheSize                    = 251658240                              {pd product} {ergonomic}
     bool SegmentedCodeCache                       = true                                      {product} {ergonomic}
   size_t SoftMaxHeapSize                          = 4294967296                             {manageable} {ergonomic}
     bool UseCompressedClassPointers               = true                           {product lp64_product} {ergonomic}
     bool UseCompressedOops                        = true                           {product lp64_product} {ergonomic}
     bool UseG1GC                                  = true                                      {product} {ergonomic}
     bool UseLargePagesIndividualAllocation        = false                                  {pd product} {ergonomic}

Logging:
Log output configuration:
 #0: stdout all=warning uptime,level,tags
 #1: stderr all=off uptime,level,tags

Environment Variables:
JAVA_HOME=C:\Program Files\Java\jdk-17
PATH=C:\Program Files\Java\jdk-17\bin;C:\Program Files\Common Files\Oracle\Java\javapath;C:\Program Files\Java\jdk-17\bin;C:\Users\VK\AppData\Local\Android\Sdk\emulator;C:\Program Files\Python311\Scripts\;C:\Program Files\Python311\;C:\Program Files (x86)\Common Files\Intel\Shared Libraries\redist\intel64\compiler;C:\Windows\system32;C:\Windows;C:\Windows\System32\Wbem;C:\Windows\System32\WindowsPowerShell\v1.0\;C:\Windows\System32\OpenSSH\;C:\Program Files (x86)\NVIDIA Corporation\PhysX\Common;C:\WINDOWS\system32;C:\WINDOWS;C:\WINDOWS\System32\Wbem;C:\WINDOWS\System32\WindowsPowerShell\v1.0\;C:\WINDOWS\System32\OpenSSH\;C:\Program Files\NVIDIA Corporation\NVIDIA NvDLISR;C:\WINDOWS\system32;C:\WINDOWS;C:\WINDOWS\System32\Wbem;C:\WINDOWS\System32\WindowsPowerShell\v1.0\;C:\WINDOWS\System32\OpenSSH\;C:\Program Files\Cloudflare\Cloudflare WARP\;C:\Program Files\dotnet\;C:\MySQL\MySQL Server 9.1\bin;C:\ffmpeg\ffmpeg\bin;C:\Program Files (x86)\Top Jimmy Software;C:\Program Files\nodejs\;C:\Users\VK\AppData\Local\Android\Sdk\platform-tools;C:\Users\VK\AppData\Local\Android\Sdk\platform-tools;C:\Users\VK\AppData\Local\Android\Sdk\tools;C:\Users\VK\AppData\Local\Android\Sdk\platforms;C:\Users\VK\AppData\Local\Android\Sdk;C:\Users\VK\AppData\Local\Android\Sdk\platforms;C:\Users\VK\AppData\Local\Android\Sdk\platform-tools;C:\Users\VK\AppData\Local\Android\Sdk\build-tools;C:\Users\VK\AppData\Local\Android\Sdk\emulator;D:\Git\cmd;D:\Git\mingw64\bin;D:\Git\usr\bin;C:\Users\VK\AppData\Local\Microsoft\WindowsApps;C:\Users\VK\AppData\Local\Programs\Microsoft VS Code\bin;C:\Python37;C:\Users\VK\AppData\Roaming\npm;C:\Users\VK\AppData\Local\Android\Sdk;C:\Users\VK\AppData\Local\Android\Sdk\platform-tools;C:\Users\VK\AppData\Local\Android\Sdk\emulator;C:\Users\VK\AppData\Local\Android\Sdk\build-tools;C:\Users\VK\AppData\Local\Android\Sdk\platforms;C:\Program Files\Java\jdk-17\bin;D:\cursor\resources\app\bin
USERNAME=VK
LANG=en_US.UTF-8
OS=Windows_NT
PROCESSOR_IDENTIFIER=Intel64 Family 6 Model 140 Stepping 2, GenuineIntel



---------------  S Y S T E M  ---------------

OS:
 Windows 11 , 64 bit Build 26100 (10.0.26100.7019)
OS uptime: 0 days 18:58 hours
Hyper-V role detected

CPU: total 8 (initial active 8) (4 cores per cpu, 2 threads per core) family 6 model 140 stepping 2 microcode 0x16, cx8, cmov, fxsr, ht, mmx, 3dnowpref, sse, sse2, sse3, ssse3, sse4.1, sse4.2, popcnt, lzcnt, tsc, tscinvbit, avx, avx2, aes, erms, clmul, bmi1, bmi2, adx, avx512f, avx512dq, avx512cd, avx512bw, avx512vl, sha, fma, vzeroupper, avx512_vpopcntdq, avx512_vpclmulqdq, avx512_vaes, avx512_vnni, clflush, clflushopt, clwb, avx512_vbmi2, avx512_vbmi, hv

Memory: 4k page, system-wide physical 16167M (848M free)
TotalPageFile size 28454M (AvailPageFile size 22M)
current process WorkingSet (physical memory assigned to process): 849M, peak: 855M
current process commit charge ("private bytes"): 901M, peak: 908M

vm_info: Java HotSpot(TM) 64-Bit Server VM (17.0.12+8-LTS-286) for windows-amd64 JRE (17.0.12+8-LTS-286), built on Jun  5 2024 06:46:59 by "mach5one" with MS VC++ 17.6 (VS2022)

END.
