#
# There is insufficient memory for the Java Runtime Environment to continue.
# Native memory allocation (malloc) failed to allocate 1176336 bytes for Chunk::new
# Possible reasons:
#   The system is out of physical RAM or swap space
#   The process is running with CompressedOops enabled, and the Java Heap may be blocking the growth of the native heap
# Possible solutions:
#   Reduce memory load on the system
#   Increase physical memory or swap space
#   Check if swap backing store is full
#   Decrease Java heap size (-Xmx/-Xms)
#   Decrease number of Java threads
#   Decrease Java thread stack sizes (-Xss)
#   Set larger code cache with -XX:ReservedCodeCacheSize=
#   JVM is running with Zero Based Compressed Oops mode in which the Java heap is
#     placed in the first 32GB address space. The Java Heap base address is the
#     maximum limit for the native heap growth. Please use -XX:HeapBaseMinAddress
#     to set the Java Heap base and to place the Java Heap above 32GB virtual address.
# This output file may be truncated or incomplete.
#
#  Out of Memory Error (arena.cpp:189), pid=34056, tid=26548
#
# JRE version: Java(TM) SE Runtime Environment (17.0.12+8) (build 17.0.12+8-LTS-286)
# Java VM: Java HotSpot(TM) 64-Bit Server VM (17.0.12+8-LTS-286, mixed mode, sharing, tiered, compressed oops, compressed class ptrs, g1 gc, windows-amd64)
# No core dump will be written. Minidumps are not enabled by default on client versions of Windows
#

---------------  S U M M A R Y ------------

Command Line: --add-opens=java.base/java.lang=ALL-UNNAMED --add-opens=java.base/java.lang.invoke=ALL-UNNAMED --add-opens=java.base/java.util=ALL-UNNAMED --add-opens=java.prefs/java.util.prefs=ALL-UNNAMED --add-exports=jdk.compiler/com.sun.tools.javac.api=ALL-UNNAMED --add-exports=jdk.compiler/com.sun.tools.javac.util=ALL-UNNAMED --add-opens=java.base/java.util=ALL-UNNAMED --add-opens=java.prefs/java.util.prefs=ALL-UNNAMED --add-opens=java.base/java.nio.charset=ALL-UNNAMED --add-opens=java.base/java.net=ALL-UNNAMED --add-opens=java.base/java.util.concurrent=ALL-UNNAMED --add-opens=java.base/java.util.concurrent.atomic=ALL-UNNAMED --add-opens=java.xml/javax.xml.namespace=ALL-UNNAMED -XX:MaxMetaspaceSize=1024m -Xmx4096m -Dfile.encoding=windows-1252 -Duser.country=IN -Duser.language=en -Duser.variant -javaagent:C:\Users\VK\.gradle\wrapper\dists\gradle-9.0.0-bin\d6wjpkvcgsg3oed0qlfss3wgl\gradle-9.0.0\lib\agents\gradle-instrumentation-agent-9.0.0.jar org.gradle.launcher.daemon.bootstrap.GradleDaemon 9.0.0

Host: 11th Gen Intel(R) Core(TM) i5-11320H @ 3.20GHz, 8 cores, 15G,  Windows 11 , 64 bit Build 26100 (10.0.26100.7019)
Time: Tue Nov  4 16:26:11 2025 India Standard Time elapsed time: 31.253418 seconds (0d 0h 0m 31s)

---------------  T H R E A D  ---------------

Current thread (0x00000295617f5770):  JavaThread "C2 CompilerThread0" daemon [_thread_in_native, id=26548, stack(0x000000c715e00000,0x000000c715f00000)]


Current CompileTask:
C2:  31253 13001       4       com.android.build.gradle.internal.cxx.settings.ParseMacroStringKt::tokenizeMacroString (409 bytes)

Stack: [0x000000c715e00000,0x000000c715f00000]
Native frames: (J=compiled Java code, j=interpreted, Vv=VM code, C=native code)
V  [jvm.dll+0x67a04a]
V  [jvm.dll+0x7da4ed]
V  [jvm.dll+0x7dbe33]
V  [jvm.dll+0x7dc4a3]
V  [jvm.dll+0x24508f]
V  [jvm.dll+0xab773]
V  [jvm.dll+0xabd3c]
V  [jvm.dll+0x361b9f]
V  [jvm.dll+0x32c431]
V  [jvm.dll+0x32b8ca]
V  [jvm.dll+0x21683f]
V  [jvm.dll+0x215c6f]
V  [jvm.dll+0x1a2960]
V  [jvm.dll+0x22610b]
V  [jvm.dll+0x2242ab]
V  [jvm.dll+0x79075c]
V  [jvm.dll+0x78abea]
V  [jvm.dll+0x678f35]
C  [ucrtbase.dll+0x37b0]
C  [KERNEL32.DLL+0x2e8d7]
C  [ntdll.dll+0x8c53c]


---------------  P R O C E S S  ---------------

Threads class SMR info:
_java_thread_list=0x0000029568384380, length=143, elements={
0x000002953e06c1d0, 0x00000295616c1030, 0x00000295616c2670, 0x00000295616d8d20,
0x00000295616db600, 0x00000295616dea50, 0x00000295617f0fe0, 0x00000295617f5770,
0x00000295617fe190, 0x00000295617fe6b0, 0x00000295619182f0, 0x0000029561a3d290,
0x00000295675ad4a0, 0x00000295679d1190, 0x0000029567a050b0, 0x0000029567866dc0,
0x0000029567807c10, 0x000002956794a730, 0x0000029567949800, 0x000002956794a220,
0x00000295679488d0, 0x000002956794ac40, 0x000002956794b150, 0x0000029567949d10,
0x000002956794c080, 0x000002956794b660, 0x000002956794bb70, 0x0000029567948de0,
0x00000295679492f0, 0x0000029569468b20, 0x0000029569469540, 0x0000029569466cc0,
0x00000295694671d0, 0x0000029569469030, 0x0000029569465d90, 0x00000295694667b0,
0x00000295694676e0, 0x0000029569467bf0, 0x0000029569468100, 0x000002956a293a80,
0x000002956a2944a0, 0x000002956a2949b0, 0x000002956a295df0, 0x000002956a293f90,
0x000002956a296300, 0x000002956a294ec0, 0x000002956a2953d0, 0x000002956a296810,
0x000002956a2958e0, 0x000002956a293060, 0x000002956a296d20, 0x000002956a293570,
0x000002956a298b80, 0x000002956a2995a0, 0x000002956a297740, 0x000002956a297c50,
0x000002956a29a9e0, 0x000002956a298160, 0x000002956a298670, 0x000002956a299090,
0x000002956a299ab0, 0x000002956a297230, 0x000002956a299fc0, 0x000002956a29a4d0,
0x000002956660b7c0, 0x000002956660d620, 0x000002956660c6f0, 0x000002956660db30,
0x000002956660bcd0, 0x000002956660e040, 0x000002956660a890, 0x000002956660ea60,
0x000002956660cc00, 0x000002956660c1e0, 0x000002956660ef70, 0x000002956660f480,
0x00000295666108c0, 0x000002956660d110, 0x00000295666117f0, 0x000002956660f990,
0x000002956660fea0, 0x0000029566611d00, 0x00000295666103b0, 0x0000029566610dd0,
0x0000029566612210, 0x00000295666112e0, 0x000002956c4f92d0, 0x000002956c4f7980,
0x000002956c4f88b0, 0x000002956c4f6540, 0x000002956c4f6a50, 0x000002956c4f6030,
0x000002956c4f7e90, 0x000002956c4f83a0, 0x000002956c4f8dc0, 0x000002956c4f7470,
0x000002956c4f97e0, 0x000002956c4f6f60, 0x000002956c4fcf90, 0x000002956c4fa710,
0x000002956c4fac20, 0x000002956c4fa200, 0x000002956c4fc060, 0x000002956c4fd4a0,
0x000002956c4fb130, 0x000002956c4fbb50, 0x000002956c4fb640, 0x000002956c4f9cf0,
0x000002956c4fc570, 0x000002956c4fd9b0, 0x0000029568ce7790, 0x0000029568ce6860,
0x0000029568ce4f10, 0x0000029568ce3fe0, 0x0000029568ce5420, 0x0000029568ce7280,
0x0000029568ce5930, 0x0000029568ce6d70, 0x0000029568ce5e40, 0x0000029568ce6350,
0x0000029568ce44f0, 0x0000029568ce7ca0, 0x0000029568ce81b0, 0x0000029568ce4a00,
0x0000029568ce90e0, 0x0000029568cea010, 0x0000029568ce9b00, 0x0000029568ceb450,
0x0000029568cea520, 0x0000029568ce95f0, 0x0000029568ceaf40, 0x0000029568ceb960,
0x0000029568ce86c0, 0x0000029568ce8bd0, 0x00000295661ab060, 0x00000295661aba80,
0x00000295661ae300, 0x00000295661acec0, 0x00000295661aed20, 0x00000295661ae810,
0x00000295661ac9b0, 0x00000295661b1ab0, 0x000002956a3db540
}

Java Threads: ( => current thread )
  0x000002953e06c1d0 JavaThread "main" [_thread_blocked, id=35712, stack(0x000000c715100000,0x000000c715200000)]
  0x00000295616c1030 JavaThread "Reference Handler" daemon [_thread_blocked, id=12884, stack(0x000000c715800000,0x000000c715900000)]
  0x00000295616c2670 JavaThread "Finalizer" daemon [_thread_blocked, id=7204, stack(0x000000c715900000,0x000000c715a00000)]
  0x00000295616d8d20 JavaThread "Signal Dispatcher" daemon [_thread_blocked, id=27856, stack(0x000000c715a00000,0x000000c715b00000)]
  0x00000295616db600 JavaThread "Attach Listener" daemon [_thread_blocked, id=31556, stack(0x000000c715b00000,0x000000c715c00000)]
  0x00000295616dea50 JavaThread "Service Thread" daemon [_thread_blocked, id=1976, stack(0x000000c715c00000,0x000000c715d00000)]
  0x00000295617f0fe0 JavaThread "Monitor Deflation Thread" daemon [_thread_blocked, id=1480, stack(0x000000c715d00000,0x000000c715e00000)]
=>0x00000295617f5770 JavaThread "C2 CompilerThread0" daemon [_thread_in_native, id=26548, stack(0x000000c715e00000,0x000000c715f00000)]
  0x00000295617fe190 JavaThread "C1 CompilerThread0" daemon [_thread_blocked, id=30880, stack(0x000000c715f00000,0x000000c716000000)]
  0x00000295617fe6b0 JavaThread "Sweeper thread" daemon [_thread_blocked, id=5040, stack(0x000000c716000000,0x000000c716100000)]
  0x00000295619182f0 JavaThread "Common-Cleaner" daemon [_thread_blocked, id=28128, stack(0x000000c716100000,0x000000c716200000)]
  0x0000029561a3d290 JavaThread "Notification Thread" daemon [_thread_blocked, id=19088, stack(0x000000c716200000,0x000000c716300000)]
  0x00000295675ad4a0 JavaThread "Daemon health stats" [_thread_blocked, id=31840, stack(0x000000c716b00000,0x000000c716c00000)]
  0x00000295679d1190 JavaThread "Incoming local TCP Connector on port 61068" [_thread_in_native, id=15632, stack(0x000000c716c00000,0x000000c716d00000)]
  0x0000029567a050b0 JavaThread "Daemon periodic checks" [_thread_blocked, id=6548, stack(0x000000c716d00000,0x000000c716e00000)]
  0x0000029567866dc0 JavaThread "Daemon" [_thread_blocked, id=32264, stack(0x000000c716e00000,0x000000c716f00000)]
  0x0000029567807c10 JavaThread "Handler for socket connection from /127.0.0.1:61068 to /127.0.0.1:61069" [_thread_in_native, id=27760, stack(0x000000c716f00000,0x000000c717000000)]
  0x000002956794a730 JavaThread "Cancel handler" [_thread_blocked, id=22176, stack(0x000000c717000000,0x000000c717100000)]
  0x0000029567949800 JavaThread "Daemon worker" [_thread_in_Java, id=18416, stack(0x000000c717100000,0x000000c717200000)]
  0x000002956794a220 JavaThread "Asynchronous log dispatcher for DefaultDaemonConnection: socket connection from /127.0.0.1:61068 to /127.0.0.1:61069" [_thread_blocked, id=30356, stack(0x000000c717200000,0x000000c717300000)]
  0x00000295679488d0 JavaThread "Stdin handler" [_thread_blocked, id=33612, stack(0x000000c717300000,0x000000c717400000)]
  0x000002956794ac40 JavaThread "Daemon client event forwarder" [_thread_blocked, id=30776, stack(0x000000c717400000,0x000000c717500000)]
  0x000002956794b150 JavaThread "Cache worker for journal cache (C:\Users\VK\.gradle\caches\journal-1)" [_thread_blocked, id=31928, stack(0x000000c717500000,0x000000c717600000)]
  0x0000029567949d10 JavaThread "File lock request listener" [_thread_in_native, id=34088, stack(0x000000c717600000,0x000000c717700000)]
  0x000002956794c080 JavaThread "Cache worker for file hash cache (C:\Users\VK\.gradle\caches\9.0.0\fileHashes)" [_thread_blocked, id=26252, stack(0x000000c717700000,0x000000c717800000)]
  0x000002956794b660 JavaThread "Cache worker for file hash cache (D:\Sanchari\android\.gradle\9.0.0\fileHashes)" [_thread_blocked, id=1804, stack(0x000000c717a00000,0x000000c717b00000)]
  0x000002956794bb70 JavaThread "Cache worker for Build Output Cleanup Cache (D:\Sanchari\android\.gradle\buildOutputCleanup)" [_thread_blocked, id=16300, stack(0x000000c717b00000,0x000000c717c00000)]
  0x0000029567948de0 JavaThread "File watcher server" daemon [_thread_in_native, id=30564, stack(0x000000c717c00000,0x000000c717d00000)]
  0x00000295679492f0 JavaThread "File watcher consumer" daemon [_thread_blocked, id=28332, stack(0x000000c717d00000,0x000000c717e00000)]
  0x0000029569468b20 JavaThread "Cache worker for checksums cache (D:\Sanchari\android\.gradle\9.0.0\checksums)" [_thread_blocked, id=33648, stack(0x000000c717e00000,0x000000c717f00000)]
  0x0000029569469540 JavaThread "Cache worker for file content cache (C:\Users\VK\.gradle\caches\9.0.0\fileContent)" [_thread_blocked, id=12624, stack(0x000000c717900000,0x000000c717a00000)]
  0x0000029569466cc0 JavaThread "Cache worker for cache directory md-supplier (C:\Users\VK\.gradle\caches\9.0.0\md-supplier)" [_thread_blocked, id=27280, stack(0x000000c718200000,0x000000c718300000)]
  0x00000295694671d0 JavaThread "Cache worker for cache directory md-rule (C:\Users\VK\.gradle\caches\9.0.0\md-rule)" [_thread_blocked, id=1832, stack(0x000000c718300000,0x000000c718400000)]
  0x0000029569469030 JavaThread "jar transforms" [_thread_blocked, id=35484, stack(0x000000c718400000,0x000000c718500000)]
  0x0000029569465d90 JavaThread "Cache worker for Build Output Cleanup Cache (D:\Sanchari\node_modules\@react-native\gradle-plugin\.gradle\buildOutputCleanup)" [_thread_blocked, id=31756, stack(0x000000c718600000,0x000000c718700000)]
  0x00000295694667b0 JavaThread "Unconstrained build operations" [_thread_blocked, id=24616, stack(0x000000c718500000,0x000000c718600000)]
  0x00000295694676e0 JavaThread "Unconstrained build operations Thread 2" [_thread_blocked, id=26640, stack(0x000000c718700000,0x000000c718800000)]
  0x0000029569467bf0 JavaThread "Unconstrained build operations Thread 3" [_thread_blocked, id=29100, stack(0x000000c718800000,0x000000c718900000)]
  0x0000029569468100 JavaThread "Unconstrained build operations Thread 4" [_thread_blocked, id=32592, stack(0x000000c718900000,0x000000c718a00000)]
  0x000002956a293a80 JavaThread "Unconstrained build operations Thread 5" [_thread_blocked, id=28616, stack(0x000000c718a00000,0x000000c718b00000)]
  0x000002956a2944a0 JavaThread "Unconstrained build operations Thread 6" [_thread_blocked, id=18148, stack(0x000000c718b00000,0x000000c718c00000)]
  0x000002956a2949b0 JavaThread "Unconstrained build operations Thread 7" [_thread_blocked, id=10780, stack(0x000000c718d00000,0x000000c718e00000)]
  0x000002956a295df0 JavaThread "Unconstrained build operations Thread 8" [_thread_blocked, id=28276, stack(0x000000c718e00000,0x000000c718f00000)]
  0x000002956a293f90 JavaThread "Unconstrained build operations Thread 9" [_thread_blocked, id=5024, stack(0x000000c718f00000,0x000000c719000000)]
  0x000002956a296300 JavaThread "Unconstrained build operations Thread 10" [_thread_blocked, id=23132, stack(0x000000c719000000,0x000000c719100000)]
  0x000002956a294ec0 JavaThread "Unconstrained build operations Thread 11" [_thread_blocked, id=22136, stack(0x000000c719100000,0x000000c719200000)]
  0x000002956a2953d0 JavaThread "Unconstrained build operations Thread 12" [_thread_blocked, id=16868, stack(0x000000c719200000,0x000000c719300000)]
  0x000002956a296810 JavaThread "Unconstrained build operations Thread 13" [_thread_blocked, id=8376, stack(0x000000c719300000,0x000000c719400000)]
  0x000002956a2958e0 JavaThread "Unconstrained build operations Thread 14" [_thread_blocked, id=32208, stack(0x000000c719400000,0x000000c719500000)]
  0x000002956a293060 JavaThread "Unconstrained build operations Thread 15" [_thread_blocked, id=3124, stack(0x000000c719500000,0x000000c719600000)]
  0x000002956a296d20 JavaThread "Unconstrained build operations Thread 16" [_thread_blocked, id=12384, stack(0x000000c719600000,0x000000c719700000)]
  0x000002956a293570 JavaThread "Unconstrained build operations Thread 17" [_thread_blocked, id=25052, stack(0x000000c719700000,0x000000c719800000)]
  0x000002956a298b80 JavaThread "Unconstrained build operations Thread 18" [_thread_blocked, id=28280, stack(0x000000c719800000,0x000000c719900000)]
  0x000002956a2995a0 JavaThread "Unconstrained build operations Thread 19" [_thread_blocked, id=24140, stack(0x000000c719900000,0x000000c719a00000)]
  0x000002956a297740 JavaThread "Unconstrained build operations Thread 20" [_thread_blocked, id=34464, stack(0x000000c719a00000,0x000000c719b00000)]
  0x000002956a297c50 JavaThread "Unconstrained build operations Thread 21" [_thread_blocked, id=17984, stack(0x000000c719b00000,0x000000c719c00000)]
  0x000002956a29a9e0 JavaThread "Unconstrained build operations Thread 22" [_thread_blocked, id=2920, stack(0x000000c719c00000,0x000000c719d00000)]
  0x000002956a298160 JavaThread "Unconstrained build operations Thread 23" [_thread_blocked, id=32224, stack(0x000000c719d00000,0x000000c719e00000)]
  0x000002956a298670 JavaThread "Unconstrained build operations Thread 24" [_thread_blocked, id=34096, stack(0x000000c719e00000,0x000000c719f00000)]
  0x000002956a299090 JavaThread "Unconstrained build operations Thread 25" [_thread_blocked, id=1320, stack(0x000000c719f00000,0x000000c71a000000)]
  0x000002956a299ab0 JavaThread "Unconstrained build operations Thread 26" [_thread_blocked, id=31672, stack(0x000000c71a000000,0x000000c71a100000)]
  0x000002956a297230 JavaThread "Unconstrained build operations Thread 27" [_thread_blocked, id=27544, stack(0x000000c71a100000,0x000000c71a200000)]
  0x000002956a299fc0 JavaThread "build event listener" [_thread_blocked, id=6744, stack(0x000000c71a200000,0x000000c71a300000)]
  0x000002956a29a4d0 JavaThread "Memory manager" [_thread_blocked, id=32196, stack(0x000000c718100000,0x000000c718200000)]
  0x000002956660b7c0 JavaThread "ForkJoinPool.commonPool-worker-1" daemon [_thread_blocked, id=5848, stack(0x000000c71a400000,0x000000c71a500000)]
  0x000002956660d620 JavaThread "ForkJoinPool.commonPool-worker-2" daemon [_thread_blocked, id=27228, stack(0x000000c71a500000,0x000000c71a600000)]
  0x000002956660c6f0 JavaThread "ForkJoinPool.commonPool-worker-3" daemon [_thread_blocked, id=27036, stack(0x000000c71a600000,0x000000c71a700000)]
  0x000002956660db30 JavaThread "ForkJoinPool.commonPool-worker-4" daemon [_thread_blocked, id=27804, stack(0x000000c71a700000,0x000000c71a800000)]
  0x000002956660bcd0 JavaThread "ForkJoinPool.commonPool-worker-5" daemon [_thread_blocked, id=29968, stack(0x000000c71a800000,0x000000c71a900000)]
  0x000002956660e040 JavaThread "ForkJoinPool.commonPool-worker-6" daemon [_thread_blocked, id=35168, stack(0x000000c71a900000,0x000000c71aa00000)]
  0x000002956660a890 JavaThread "ForkJoinPool.commonPool-worker-7" daemon [_thread_blocked, id=18600, stack(0x000000c71aa00000,0x000000c71ab00000)]
  0x000002956660ea60 JavaThread "included builds" [_thread_blocked, id=7520, stack(0x000000c71ab00000,0x000000c71ac00000)]
  0x000002956660cc00 JavaThread "Execution worker" [_thread_blocked, id=33528, stack(0x000000c71ac00000,0x000000c71ad00000)]
  0x000002956660c1e0 JavaThread "Execution worker Thread 2" [_thread_blocked, id=34172, stack(0x000000c71ad00000,0x000000c71ae00000)]
  0x000002956660ef70 JavaThread "Execution worker Thread 3" [_thread_blocked, id=28584, stack(0x000000c71ae00000,0x000000c71af00000)]
  0x000002956660f480 JavaThread "Execution worker Thread 4" [_thread_blocked, id=28656, stack(0x000000c71af00000,0x000000c71b000000)]
  0x00000295666108c0 JavaThread "Execution worker Thread 5" [_thread_blocked, id=24324, stack(0x000000c71b000000,0x000000c71b100000)]
  0x000002956660d110 JavaThread "Execution worker Thread 6" [_thread_blocked, id=27120, stack(0x000000c71b100000,0x000000c71b200000)]
  0x00000295666117f0 JavaThread "Execution worker Thread 7" [_thread_blocked, id=11524, stack(0x000000c71b200000,0x000000c71b300000)]
  0x000002956660f990 JavaThread "Cache worker for execution history cache (D:\Sanchari\node_modules\@react-native\gradle-plugin\.gradle\9.0.0\executionHistory)" [_thread_blocked, id=13744, stack(0x000000c71b300000,0x000000c71b400000)]
  0x000002956660fea0 JavaThread "Unconstrained build operations Thread 28" [_thread_blocked, id=8676, stack(0x000000c718c00000,0x000000c718d00000)]
  0x0000029566611d00 JavaThread "Unconstrained build operations Thread 29" [_thread_blocked, id=33240, stack(0x000000c71a300000,0x000000c71a400000)]
  0x00000295666103b0 JavaThread "Unconstrained build operations Thread 30" [_thread_blocked, id=28188, stack(0x000000c71b400000,0x000000c71b500000)]
  0x0000029566610dd0 JavaThread "Unconstrained build operations Thread 31" [_thread_blocked, id=17204, stack(0x000000c71b500000,0x000000c71b600000)]
  0x0000029566612210 JavaThread "Unconstrained build operations Thread 32" [_thread_blocked, id=32388, stack(0x000000c71b600000,0x000000c71b700000)]
  0x00000295666112e0 JavaThread "Unconstrained build operations Thread 33" [_thread_blocked, id=32084, stack(0x000000c71b700000,0x000000c71b800000)]
  0x000002956c4f92d0 JavaThread "Unconstrained build operations Thread 34" [_thread_blocked, id=21800, stack(0x000000c71b800000,0x000000c71b900000)]
  0x000002956c4f7980 JavaThread "Unconstrained build operations Thread 35" [_thread_blocked, id=30456, stack(0x000000c71b900000,0x000000c71ba00000)]
  0x000002956c4f88b0 JavaThread "Unconstrained build operations Thread 36" [_thread_blocked, id=35392, stack(0x000000c71ba00000,0x000000c71bb00000)]
  0x000002956c4f6540 JavaThread "Unconstrained build operations Thread 37" [_thread_blocked, id=28984, stack(0x000000c71bb00000,0x000000c71bc00000)]
  0x000002956c4f6a50 JavaThread "Unconstrained build operations Thread 38" [_thread_blocked, id=33628, stack(0x000000c71bc00000,0x000000c71bd00000)]
  0x000002956c4f6030 JavaThread "Unconstrained build operations Thread 39" [_thread_blocked, id=19324, stack(0x000000c71bd00000,0x000000c71be00000)]
  0x000002956c4f7e90 JavaThread "Unconstrained build operations Thread 40" [_thread_blocked, id=27300, stack(0x000000c71be00000,0x000000c71bf00000)]
  0x000002956c4f83a0 JavaThread "Unconstrained build operations Thread 41" [_thread_blocked, id=10300, stack(0x000000c71bf00000,0x000000c71c000000)]
  0x000002956c4f8dc0 JavaThread "Unconstrained build operations Thread 42" [_thread_blocked, id=12580, stack(0x000000c71c000000,0x000000c71c100000)]
  0x000002956c4f7470 JavaThread "Unconstrained build operations Thread 43" [_thread_blocked, id=21624, stack(0x000000c71c100000,0x000000c71c200000)]
  0x000002956c4f97e0 JavaThread "Unconstrained build operations Thread 44" [_thread_blocked, id=17896, stack(0x000000c71c200000,0x000000c71c300000)]
  0x000002956c4f6f60 JavaThread "Unconstrained build operations Thread 45" [_thread_blocked, id=2036, stack(0x000000c71c300000,0x000000c71c400000)]
  0x000002956c4fcf90 JavaThread "Unconstrained build operations Thread 46" [_thread_blocked, id=9668, stack(0x000000c71c400000,0x000000c71c500000)]
  0x000002956c4fa710 JavaThread "Unconstrained build operations Thread 47" [_thread_blocked, id=24924, stack(0x000000c71c500000,0x000000c71c600000)]
  0x000002956c4fac20 JavaThread "Unconstrained build operations Thread 48" [_thread_blocked, id=4592, stack(0x000000c71c600000,0x000000c71c700000)]
  0x000002956c4fa200 JavaThread "Unconstrained build operations Thread 49" [_thread_blocked, id=33412, stack(0x000000c71c700000,0x000000c71c800000)]
  0x000002956c4fc060 JavaThread "Unconstrained build operations Thread 50" [_thread_blocked, id=35404, stack(0x000000c71c800000,0x000000c71c900000)]
  0x000002956c4fd4a0 JavaThread "Unconstrained build operations Thread 51" [_thread_blocked, id=27908, stack(0x000000c71c900000,0x000000c71ca00000)]
  0x000002956c4fb130 JavaThread "Unconstrained build operations Thread 52" [_thread_blocked, id=30116, stack(0x000000c71ca00000,0x000000c71cb00000)]
  0x000002956c4fbb50 JavaThread "Unconstrained build operations Thread 53" [_thread_blocked, id=17684, stack(0x000000c71cb00000,0x000000c71cc00000)]
  0x000002956c4fb640 JavaThread "Unconstrained build operations Thread 54" [_thread_blocked, id=20768, stack(0x000000c71cc00000,0x000000c71cd00000)]
  0x000002956c4f9cf0 JavaThread "Unconstrained build operations Thread 55" [_thread_blocked, id=1888, stack(0x000000c71cd00000,0x000000c71ce00000)]
  0x000002956c4fc570 JavaThread "Unconstrained build operations Thread 56" [_thread_blocked, id=1396, stack(0x000000c71ce00000,0x000000c71cf00000)]
  0x000002956c4fd9b0 JavaThread "Unconstrained build operations Thread 57" [_thread_blocked, id=31624, stack(0x000000c71cf00000,0x000000c71d000000)]
  0x0000029568ce7790 JavaThread "Unconstrained build operations Thread 58" [_thread_blocked, id=16852, stack(0x000000c71d000000,0x000000c71d100000)]
  0x0000029568ce6860 JavaThread "Unconstrained build operations Thread 59" [_thread_blocked, id=10112, stack(0x000000c71d100000,0x000000c71d200000)]
  0x0000029568ce4f10 JavaThread "Unconstrained build operations Thread 60" [_thread_blocked, id=13976, stack(0x000000c71d200000,0x000000c71d300000)]
  0x0000029568ce3fe0 JavaThread "Unconstrained build operations Thread 61" [_thread_blocked, id=35500, stack(0x000000c71d300000,0x000000c71d400000)]
  0x0000029568ce5420 JavaThread "Unconstrained build operations Thread 62" [_thread_blocked, id=30196, stack(0x000000c71d400000,0x000000c71d500000)]
  0x0000029568ce7280 JavaThread "Unconstrained build operations Thread 63" [_thread_blocked, id=28740, stack(0x000000c71d500000,0x000000c71d600000)]
  0x0000029568ce5930 JavaThread "Unconstrained build operations Thread 64" [_thread_blocked, id=31512, stack(0x000000c71d600000,0x000000c71d700000)]
  0x0000029568ce6d70 JavaThread "Unconstrained build operations Thread 65" [_thread_blocked, id=19004, stack(0x000000c71d700000,0x000000c71d800000)]
  0x0000029568ce5e40 JavaThread "Unconstrained build operations Thread 66" [_thread_blocked, id=34756, stack(0x000000c71d800000,0x000000c71d900000)]
  0x0000029568ce6350 JavaThread "Unconstrained build operations Thread 67" [_thread_blocked, id=2660, stack(0x000000c71d900000,0x000000c71da00000)]
  0x0000029568ce44f0 JavaThread "Unconstrained build operations Thread 68" [_thread_blocked, id=10664, stack(0x000000c71da00000,0x000000c71db00000)]
  0x0000029568ce7ca0 JavaThread "Unconstrained build operations Thread 69" [_thread_blocked, id=19848, stack(0x000000c71db00000,0x000000c71dc00000)]
  0x0000029568ce81b0 JavaThread "Unconstrained build operations Thread 70" [_thread_blocked, id=3796, stack(0x000000c71dc00000,0x000000c71dd00000)]
  0x0000029568ce4a00 JavaThread "Unconstrained build operations Thread 71" [_thread_blocked, id=16476, stack(0x000000c71dd00000,0x000000c71de00000)]
  0x0000029568ce90e0 JavaThread "Unconstrained build operations Thread 72" [_thread_blocked, id=6052, stack(0x000000c71de00000,0x000000c71df00000)]
  0x0000029568cea010 JavaThread "Unconstrained build operations Thread 73" [_thread_blocked, id=12976, stack(0x000000c71df00000,0x000000c71e000000)]
  0x0000029568ce9b00 JavaThread "Unconstrained build operations Thread 74" [_thread_blocked, id=1808, stack(0x000000c71e000000,0x000000c71e100000)]
  0x0000029568ceb450 JavaThread "Unconstrained build operations Thread 75" [_thread_blocked, id=8732, stack(0x000000c71e100000,0x000000c71e200000)]
  0x0000029568cea520 JavaThread "Unconstrained build operations Thread 76" [_thread_blocked, id=11820, stack(0x000000c71e200000,0x000000c71e300000)]
  0x0000029568ce95f0 JavaThread "Unconstrained build operations Thread 77" [_thread_blocked, id=21276, stack(0x000000c71e300000,0x000000c71e400000)]
  0x0000029568ceaf40 JavaThread "jar transforms Thread 2" [_thread_blocked, id=2640, stack(0x000000c71e400000,0x000000c71e500000)]
  0x0000029568ceb960 JavaThread "jar transforms Thread 3" [_thread_blocked, id=2352, stack(0x000000c71e500000,0x000000c71e600000)]
  0x0000029568ce86c0 JavaThread "Unconstrained build operations Thread 78" [_thread_blocked, id=30876, stack(0x000000c71e700000,0x000000c71e800000)]
  0x0000029568ce8bd0 JavaThread "Unconstrained build operations Thread 79" [_thread_blocked, id=14636, stack(0x000000c71e800000,0x000000c71e900000)]
  0x00000295661ab060 JavaThread "Unconstrained build operations Thread 80" [_thread_blocked, id=19060, stack(0x000000c71e900000,0x000000c71ea00000)]
  0x00000295661aba80 JavaThread "jar transforms Thread 4" [_thread_blocked, id=5392, stack(0x000000c71ea00000,0x000000c71eb00000)]
  0x00000295661ae300 JavaThread "jar transforms Thread 5" [_thread_blocked, id=23472, stack(0x000000c71e600000,0x000000c71e700000)]
  0x00000295661acec0 JavaThread "jar transforms Thread 6" [_thread_blocked, id=35656, stack(0x000000c71eb00000,0x000000c71ec00000)]
  0x00000295661aed20 JavaThread "build event listener" [_thread_blocked, id=23048, stack(0x000000c71ed00000,0x000000c71ee00000)]
  0x00000295661ae810 JavaThread "Problems report writer" [_thread_blocked, id=17424, stack(0x000000c71ee00000,0x000000c71ef00000)]
  0x00000295661ac9b0 JavaThread "jar transforms Thread 7" [_thread_blocked, id=30780, stack(0x000000c71f000000,0x000000c71f100000)]
  0x00000295661b1ab0 JavaThread "jar transforms Thread 8" [_thread_blocked, id=32692, stack(0x000000c71f100000,0x000000c71f200000)]
  0x000002956a3db540 JavaThread "C2 CompilerThread1" daemon [_thread_in_native, id=33996, stack(0x000000c71ec00000,0x000000c71ed00000)]

Other Threads:
  0x00000295616bbe60 VMThread "VM Thread" [stack: 0x000000c715700000,0x000000c715800000] [id=31328]
  0x0000029561ac4bc0 WatcherThread [stack: 0x000000c716300000,0x000000c716400000] [id=34836]
  0x000002953e0db5f0 GCTaskThread "GC Thread#0" [stack: 0x000000c715200000,0x000000c715300000] [id=10148]
  0x00000295663fe330 GCTaskThread "GC Thread#1" [stack: 0x000000c716600000,0x000000c716700000] [id=30556]
  0x00000295662bcf40 GCTaskThread "GC Thread#2" [stack: 0x000000c716700000,0x000000c716800000] [id=5084]
  0x00000295663807a0 GCTaskThread "GC Thread#3" [stack: 0x000000c716800000,0x000000c716900000] [id=8136]
  0x000002956661f4c0 GCTaskThread "GC Thread#4" [stack: 0x000000c716900000,0x000000c716a00000] [id=31412]
  0x000002956661f780 GCTaskThread "GC Thread#5" [stack: 0x000000c716a00000,0x000000c716b00000] [id=12688]
  0x0000029567122730 GCTaskThread "GC Thread#6" [stack: 0x000000c716400000,0x000000c716500000] [id=10880]
  0x00000295696ff800 GCTaskThread "GC Thread#7" [stack: 0x000000c716500000,0x000000c716600000] [id=18836]
  0x000002953e0e85a0 ConcurrentGCThread "G1 Main Marker" [stack: 0x000000c715300000,0x000000c715400000] [id=30340]
  0x000002953e0e9880 ConcurrentGCThread "G1 Conc#0" [stack: 0x000000c715400000,0x000000c715500000] [id=30628]
  0x000002956657ae80 ConcurrentGCThread "G1 Conc#1" [stack: 0x000000c717800000,0x000000c717900000] [id=22820]
  0x0000029561577510 ConcurrentGCThread "G1 Refine#0" [stack: 0x000000c715500000,0x000000c715600000] [id=34008]
  0x0000029567e45ba0 ConcurrentGCThread "G1 Refine#1" [stack: 0x000000c717f00000,0x000000c718000000] [id=6216]
  0x000002956946b1c0 ConcurrentGCThread "G1 Refine#2" [stack: 0x000000c718000000,0x000000c718100000] [id=32648]
  0x0000029561577cf0 ConcurrentGCThread "G1 Service" [stack: 0x000000c715600000,0x000000c715700000] [id=13176]

Threads with active compile tasks:
C2 CompilerThread0    31362 13001       4       com.android.build.gradle.internal.cxx.settings.ParseMacroStringKt::tokenizeMacroString (409 bytes)
C2 CompilerThread1    31363 13079       4       java.io.WinNTFileSystem::normalize (143 bytes)

VM state: not at safepoint (normal execution)

VM Mutex/Monitor currently owned by a thread: None

Heap address: 0x0000000700000000, size: 4096 MB, Compressed Oops mode: Zero based, Oop shift amount: 3

CDS archive(s) mapped at: [0x0000029500000000-0x0000029500bd0000-0x0000029500bd0000), size 12386304, SharedBaseAddress: 0x0000029500000000, ArchiveRelocationMode: 1.
Compressed class space mapped at: 0x0000029501000000-0x0000029535000000, reserved size: 872415232
Narrow klass base: 0x0000029500000000, Narrow klass shift: 0, Narrow klass range: 0x100000000

GC Precious Log:
 CPUs: 8 total, 8 available
 Memory: 16167M
 Large Page Support: Disabled
 NUMA Support: Disabled
 Compressed Oops: Enabled (Zero based)
 Heap Region Size: 2M
 Heap Min Capacity: 8M
 Heap Initial Capacity: 254M
 Heap Max Capacity: 4G
 Pre-touch: Disabled
 Parallel Workers: 8
 Concurrent Workers: 2
 Concurrent Refinement Workers: 8
 Periodic GC: Disabled

Heap:
 garbage-first heap   total 292864K, used 144662K [0x0000000700000000, 0x0000000800000000)
  region size 2048K, 15 young (30720K), 3 survivors (6144K)
 Metaspace       used 97621K, committed 98880K, reserved 983040K
  class space    used 13756K, committed 14400K, reserved 851968K

Heap Regions: E=young(eden), S=young(survivor), O=old, HS=humongous(starts), HC=humongous(continues), CS=collection set, F=free, OA=open archive, CA=closed archive, TAMS=top-at-mark-start (previous, next)
|   0|0x0000000700000000, 0x0000000700200000, 0x0000000700200000|100%|HS|  |TAMS 0x0000000700200000, 0x0000000700000000| Complete 
|   1|0x0000000700200000, 0x0000000700400000, 0x0000000700400000|100%|HC|  |TAMS 0x0000000700400000, 0x0000000700200000| Complete 
|   2|0x0000000700400000, 0x0000000700600000, 0x0000000700600000|100%| O|  |TAMS 0x0000000700600000, 0x0000000700400000| Untracked 
|   3|0x0000000700600000, 0x0000000700800000, 0x0000000700800000|100%| O|  |TAMS 0x0000000700800000, 0x0000000700600000| Untracked 
|   4|0x0000000700800000, 0x0000000700a00000, 0x0000000700a00000|100%| O|  |TAMS 0x0000000700a00000, 0x0000000700800000| Untracked 
|   5|0x0000000700a00000, 0x0000000700c00000, 0x0000000700c00000|100%| O|  |TAMS 0x0000000700c00000, 0x0000000700a00000| Untracked 
|   6|0x0000000700c00000, 0x0000000700e00000, 0x0000000700e00000|100%| O|  |TAMS 0x0000000700e00000, 0x0000000700c00000| Untracked 
|   7|0x0000000700e00000, 0x0000000701000000, 0x0000000701000000|100%| O|  |TAMS 0x0000000701000000, 0x0000000700e00000| Untracked 
|   8|0x0000000701000000, 0x0000000701200000, 0x0000000701200000|100%| O|  |TAMS 0x0000000701200000, 0x0000000701000000| Untracked 
|   9|0x0000000701200000, 0x0000000701400000, 0x0000000701400000|100%| O|  |TAMS 0x0000000701400000, 0x0000000701200000| Untracked 
|  10|0x0000000701400000, 0x0000000701600000, 0x0000000701600000|100%| O|  |TAMS 0x0000000701600000, 0x0000000701400000| Untracked 
|  11|0x0000000701600000, 0x0000000701800000, 0x0000000701800000|100%| O|  |TAMS 0x0000000701800000, 0x0000000701600000| Untracked 
|  12|0x0000000701800000, 0x0000000701a00000, 0x0000000701a00000|100%| O|  |TAMS 0x0000000701a00000, 0x0000000701800000| Untracked 
|  13|0x0000000701a00000, 0x0000000701c00000, 0x0000000701c00000|100%| O|  |TAMS 0x0000000701c00000, 0x0000000701a00000| Untracked 
|  14|0x0000000701c00000, 0x0000000701e00000, 0x0000000701e00000|100%| O|  |TAMS 0x0000000701e00000, 0x0000000701c00000| Untracked 
|  15|0x0000000701e00000, 0x0000000702000000, 0x0000000702000000|100%| O|  |TAMS 0x0000000702000000, 0x0000000701e00000| Untracked 
|  16|0x0000000702000000, 0x0000000702200000, 0x0000000702200000|100%| O|  |TAMS 0x0000000702200000, 0x0000000702000000| Untracked 
|  17|0x0000000702200000, 0x0000000702400000, 0x0000000702400000|100%| O|  |TAMS 0x0000000702400000, 0x0000000702200000| Untracked 
|  18|0x0000000702400000, 0x0000000702600000, 0x0000000702600000|100%| O|  |TAMS 0x0000000702600000, 0x0000000702400000| Untracked 
|  19|0x0000000702600000, 0x0000000702800000, 0x0000000702800000|100%| O|  |TAMS 0x0000000702800000, 0x0000000702600000| Untracked 
|  20|0x0000000702800000, 0x0000000702a00000, 0x0000000702a00000|100%| O|  |TAMS 0x0000000702a00000, 0x0000000702800000| Untracked 
|  21|0x0000000702a00000, 0x0000000702c00000, 0x0000000702c00000|100%|HS|  |TAMS 0x0000000702c00000, 0x0000000702a00000| Complete 
|  22|0x0000000702c00000, 0x0000000702e00000, 0x0000000702e00000|100%|HC|  |TAMS 0x0000000702e00000, 0x0000000702c00000| Complete 
|  23|0x0000000702e00000, 0x0000000703000000, 0x0000000703000000|100%| O|  |TAMS 0x0000000703000000, 0x0000000702e00000| Untracked 
|  24|0x0000000703000000, 0x0000000703200000, 0x0000000703200000|100%|HS|  |TAMS 0x0000000703200000, 0x0000000703000000| Complete 
|  25|0x0000000703200000, 0x0000000703400000, 0x0000000703400000|100%|HC|  |TAMS 0x0000000703400000, 0x0000000703200000| Complete 
|  26|0x0000000703400000, 0x0000000703600000, 0x0000000703600000|100%| O|  |TAMS 0x0000000703400000, 0x0000000703400000| Untracked 
|  27|0x0000000703600000, 0x0000000703800000, 0x0000000703800000|100%| O|  |TAMS 0x0000000703800000, 0x0000000703600000| Untracked 
|  28|0x0000000703800000, 0x0000000703a00000, 0x0000000703a00000|100%| O|  |TAMS 0x0000000703a00000, 0x0000000703800000| Untracked 
|  29|0x0000000703a00000, 0x0000000703c00000, 0x0000000703c00000|100%| O|  |TAMS 0x0000000703c00000, 0x0000000703a00000| Untracked 
|  30|0x0000000703c00000, 0x0000000703e00000, 0x0000000703e00000|100%| O|  |TAMS 0x0000000703e00000, 0x0000000703c00000| Untracked 
|  31|0x0000000703e00000, 0x0000000704000000, 0x0000000704000000|100%| O|  |TAMS 0x0000000704000000, 0x0000000703e00000| Untracked 
|  32|0x0000000704000000, 0x0000000704200000, 0x0000000704200000|100%| O|  |TAMS 0x0000000704000000, 0x0000000704000000| Untracked 
|  33|0x0000000704200000, 0x0000000704400000, 0x0000000704400000|100%| O|  |TAMS 0x0000000704400000, 0x0000000704200000| Untracked 
|  34|0x0000000704400000, 0x0000000704600000, 0x0000000704600000|100%| O|  |TAMS 0x0000000704600000, 0x0000000704400000| Untracked 
|  35|0x0000000704600000, 0x0000000704800000, 0x0000000704800000|100%| O|  |TAMS 0x0000000704600000, 0x0000000704600000| Untracked 
|  36|0x0000000704800000, 0x0000000704a00000, 0x0000000704a00000|100%| O|  |TAMS 0x0000000704a00000, 0x0000000704800000| Untracked 
|  37|0x0000000704a00000, 0x0000000704c00000, 0x0000000704c00000|100%| O|  |TAMS 0x0000000704c00000, 0x0000000704a00000| Untracked 
|  38|0x0000000704c00000, 0x0000000704e00000, 0x0000000704e00000|100%| O|  |TAMS 0x0000000704e00000, 0x0000000704c00000| Untracked 
|  39|0x0000000704e00000, 0x0000000705000000, 0x0000000705000000|100%| O|  |TAMS 0x0000000705000000, 0x0000000704e00000| Untracked 
|  40|0x0000000705000000, 0x0000000705200000, 0x0000000705200000|100%| O|  |TAMS 0x0000000705044600, 0x0000000705000000| Untracked 
|  41|0x0000000705200000, 0x0000000705400000, 0x0000000705400000|100%| O|  |TAMS 0x0000000705200000, 0x0000000705200000| Untracked 
|  42|0x0000000705400000, 0x0000000705600000, 0x0000000705600000|100%| O|  |TAMS 0x0000000705400000, 0x0000000705400000| Untracked 
|  43|0x0000000705600000, 0x0000000705800000, 0x0000000705800000|100%| O|  |TAMS 0x0000000705600000, 0x0000000705600000| Untracked 
|  44|0x0000000705800000, 0x0000000705a00000, 0x0000000705a00000|100%|HS|  |TAMS 0x0000000705800000, 0x0000000705800000| Complete 
|  45|0x0000000705a00000, 0x0000000705c00000, 0x0000000705c00000|100%|HC|  |TAMS 0x0000000705a00000, 0x0000000705a00000| Complete 
|  46|0x0000000705c00000, 0x0000000705e00000, 0x0000000705e00000|100%| O|  |TAMS 0x0000000705c00000, 0x0000000705c00000| Untracked 
|  47|0x0000000705e00000, 0x0000000706000000, 0x0000000706000000|100%| O|  |TAMS 0x0000000705e00000, 0x0000000705e00000| Untracked 
|  48|0x0000000706000000, 0x0000000706200000, 0x0000000706200000|100%| O|  |TAMS 0x0000000706000000, 0x0000000706000000| Untracked 
|  49|0x0000000706200000, 0x0000000706400000, 0x0000000706400000|100%| O|  |TAMS 0x0000000706200000, 0x0000000706200000| Untracked 
|  50|0x0000000706400000, 0x0000000706600000, 0x0000000706600000|100%| O|  |TAMS 0x0000000706400000, 0x0000000706400000| Untracked 
|  51|0x0000000706600000, 0x0000000706800000, 0x0000000706800000|100%| O|  |TAMS 0x0000000706600000, 0x0000000706600000| Untracked 
|  52|0x0000000706800000, 0x0000000706a00000, 0x0000000706a00000|100%| O|  |TAMS 0x0000000706800000, 0x0000000706800000| Untracked 
|  53|0x0000000706a00000, 0x0000000706c00000, 0x0000000706c00000|100%| O|  |TAMS 0x0000000706a00000, 0x0000000706a00000| Untracked 
|  54|0x0000000706c00000, 0x0000000706e00000, 0x0000000706e00000|100%| O|  |TAMS 0x0000000706c00000, 0x0000000706c00000| Untracked 
|  55|0x0000000706e00000, 0x0000000707000000, 0x0000000707000000|100%| O|  |TAMS 0x0000000706e00000, 0x0000000706e00000| Untracked 
|  56|0x0000000707000000, 0x0000000707200000, 0x0000000707200000|100%| O|  |TAMS 0x0000000707000000, 0x0000000707000000| Untracked 
|  57|0x0000000707200000, 0x0000000707309e00, 0x0000000707400000| 51%| O|  |TAMS 0x0000000707200000, 0x0000000707200000| Untracked 
|  58|0x0000000707400000, 0x0000000707400000, 0x0000000707600000|  0%| F|  |TAMS 0x0000000707400000, 0x0000000707400000| Untracked 
|  59|0x0000000707600000, 0x0000000707600000, 0x0000000707800000|  0%| F|  |TAMS 0x0000000707600000, 0x0000000707600000| Untracked 
|  60|0x0000000707800000, 0x0000000707800000, 0x0000000707a00000|  0%| F|  |TAMS 0x0000000707800000, 0x0000000707800000| Untracked 
|  61|0x0000000707a00000, 0x0000000707a00000, 0x0000000707c00000|  0%| F|  |TAMS 0x0000000707a00000, 0x0000000707a00000| Untracked 
|  62|0x0000000707c00000, 0x0000000707c00000, 0x0000000707e00000|  0%| F|  |TAMS 0x0000000707c00000, 0x0000000707c00000| Untracked 
|  63|0x0000000707e00000, 0x0000000707e00000, 0x0000000708000000|  0%| F|  |TAMS 0x0000000707e00000, 0x0000000707e00000| Untracked 
|  64|0x0000000708000000, 0x0000000708000000, 0x0000000708200000|  0%| F|  |TAMS 0x0000000708000000, 0x0000000708000000| Untracked 
|  65|0x0000000708200000, 0x0000000708200000, 0x0000000708400000|  0%| F|  |TAMS 0x0000000708200000, 0x0000000708200000| Untracked 
|  66|0x0000000708400000, 0x0000000708400000, 0x0000000708600000|  0%| F|  |TAMS 0x0000000708400000, 0x0000000708400000| Untracked 
|  67|0x0000000708600000, 0x0000000708600000, 0x0000000708800000|  0%| F|  |TAMS 0x0000000708600000, 0x0000000708600000| Untracked 
|  68|0x0000000708800000, 0x0000000708800000, 0x0000000708a00000|  0%| F|  |TAMS 0x0000000708800000, 0x0000000708800000| Untracked 
|  69|0x0000000708a00000, 0x0000000708a00000, 0x0000000708c00000|  0%| F|  |TAMS 0x0000000708a00000, 0x0000000708a00000| Untracked 
|  70|0x0000000708c00000, 0x0000000708c00000, 0x0000000708e00000|  0%| F|  |TAMS 0x0000000708c00000, 0x0000000708c00000| Untracked 
|  71|0x0000000708e00000, 0x0000000708e00000, 0x0000000709000000|  0%| F|  |TAMS 0x0000000708e00000, 0x0000000708e00000| Untracked 
|  72|0x0000000709000000, 0x0000000709000000, 0x0000000709200000|  0%| F|  |TAMS 0x0000000709000000, 0x0000000709000000| Untracked 
|  73|0x0000000709200000, 0x0000000709200000, 0x0000000709400000|  0%| F|  |TAMS 0x0000000709200000, 0x0000000709200000| Untracked 
|  74|0x0000000709400000, 0x0000000709400000, 0x0000000709600000|  0%| F|  |TAMS 0x0000000709400000, 0x0000000709400000| Untracked 
|  75|0x0000000709600000, 0x0000000709600000, 0x0000000709800000|  0%| F|  |TAMS 0x0000000709600000, 0x0000000709600000| Untracked 
|  76|0x0000000709800000, 0x0000000709800000, 0x0000000709a00000|  0%| F|  |TAMS 0x0000000709800000, 0x0000000709800000| Untracked 
|  77|0x0000000709a00000, 0x0000000709a00000, 0x0000000709c00000|  0%| F|  |TAMS 0x0000000709a00000, 0x0000000709a00000| Untracked 
|  78|0x0000000709c00000, 0x0000000709c00000, 0x0000000709e00000|  0%| F|  |TAMS 0x0000000709c00000, 0x0000000709c00000| Untracked 
|  79|0x0000000709e00000, 0x0000000709e00000, 0x000000070a000000|  0%| F|  |TAMS 0x0000000709e00000, 0x0000000709e00000| Untracked 
|  80|0x000000070a000000, 0x000000070a000000, 0x000000070a200000|  0%| F|  |TAMS 0x000000070a000000, 0x000000070a000000| Untracked 
|  81|0x000000070a200000, 0x000000070a200000, 0x000000070a400000|  0%| F|  |TAMS 0x000000070a200000, 0x000000070a200000| Untracked 
|  82|0x000000070a400000, 0x000000070a400000, 0x000000070a600000|  0%| F|  |TAMS 0x000000070a400000, 0x000000070a400000| Untracked 
|  83|0x000000070a600000, 0x000000070a600000, 0x000000070a800000|  0%| F|  |TAMS 0x000000070a600000, 0x000000070a600000| Untracked 
|  84|0x000000070a800000, 0x000000070a800000, 0x000000070aa00000|  0%| F|  |TAMS 0x000000070a800000, 0x000000070a800000| Untracked 
|  85|0x000000070aa00000, 0x000000070aa00000, 0x000000070ac00000|  0%| F|  |TAMS 0x000000070aa00000, 0x000000070aa00000| Untracked 
|  86|0x000000070ac00000, 0x000000070ac00000, 0x000000070ae00000|  0%| F|  |TAMS 0x000000070ac00000, 0x000000070ac00000| Untracked 
|  87|0x000000070ae00000, 0x000000070ae3bde0, 0x000000070b000000| 11%| S|CS|TAMS 0x000000070ae00000, 0x000000070ae00000| Complete 
|  88|0x000000070b000000, 0x000000070b200000, 0x000000070b200000|100%| S|CS|TAMS 0x000000070b000000, 0x000000070b000000| Complete 
|  89|0x000000070b200000, 0x000000070b400000, 0x000000070b400000|100%| S|CS|TAMS 0x000000070b200000, 0x000000070b200000| Complete 
|  90|0x000000070b400000, 0x000000070b400000, 0x000000070b600000|  0%| F|  |TAMS 0x000000070b400000, 0x000000070b400000| Untracked 
|  91|0x000000070b600000, 0x000000070b600000, 0x000000070b800000|  0%| F|  |TAMS 0x000000070b600000, 0x000000070b600000| Untracked 
|  92|0x000000070b800000, 0x000000070b800000, 0x000000070ba00000|  0%| F|  |TAMS 0x000000070b800000, 0x000000070b800000| Untracked 
|  93|0x000000070ba00000, 0x000000070ba00000, 0x000000070bc00000|  0%| F|  |TAMS 0x000000070ba00000, 0x000000070ba00000| Untracked 
|  94|0x000000070bc00000, 0x000000070bc00000, 0x000000070be00000|  0%| F|  |TAMS 0x000000070bc00000, 0x000000070bc00000| Untracked 
|  95|0x000000070be00000, 0x000000070be00000, 0x000000070c000000|  0%| F|  |TAMS 0x000000070be00000, 0x000000070be00000| Untracked 
|  96|0x000000070c000000, 0x000000070c000000, 0x000000070c200000|  0%| F|  |TAMS 0x000000070c000000, 0x000000070c000000| Untracked 
|  97|0x000000070c200000, 0x000000070c200000, 0x000000070c400000|  0%| F|  |TAMS 0x000000070c200000, 0x000000070c200000| Untracked 
|  98|0x000000070c400000, 0x000000070c400000, 0x000000070c600000|  0%| F|  |TAMS 0x000000070c400000, 0x000000070c400000| Untracked 
|  99|0x000000070c600000, 0x000000070c600000, 0x000000070c800000|  0%| F|  |TAMS 0x000000070c600000, 0x000000070c600000| Untracked 
| 100|0x000000070c800000, 0x000000070c800000, 0x000000070ca00000|  0%| F|  |TAMS 0x000000070c800000, 0x000000070c800000| Untracked 
| 101|0x000000070ca00000, 0x000000070ca00000, 0x000000070cc00000|  0%| F|  |TAMS 0x000000070ca00000, 0x000000070ca00000| Untracked 
| 102|0x000000070cc00000, 0x000000070cc00000, 0x000000070ce00000|  0%| F|  |TAMS 0x000000070cc00000, 0x000000070cc00000| Untracked 
| 103|0x000000070ce00000, 0x000000070ce00000, 0x000000070d000000|  0%| F|  |TAMS 0x000000070ce00000, 0x000000070ce00000| Untracked 
| 104|0x000000070d000000, 0x000000070d000000, 0x000000070d200000|  0%| F|  |TAMS 0x000000070d000000, 0x000000070d000000| Untracked 
| 105|0x000000070d200000, 0x000000070d200000, 0x000000070d400000|  0%| F|  |TAMS 0x000000070d200000, 0x000000070d200000| Untracked 
| 106|0x000000070d400000, 0x000000070d400000, 0x000000070d600000|  0%| F|  |TAMS 0x000000070d400000, 0x000000070d400000| Untracked 
| 107|0x000000070d600000, 0x000000070d600000, 0x000000070d800000|  0%| F|  |TAMS 0x000000070d600000, 0x000000070d600000| Untracked 
| 108|0x000000070d800000, 0x000000070d800000, 0x000000070da00000|  0%| F|  |TAMS 0x000000070d800000, 0x000000070d800000| Untracked 
| 109|0x000000070da00000, 0x000000070da00000, 0x000000070dc00000|  0%| F|  |TAMS 0x000000070da00000, 0x000000070da00000| Untracked 
| 110|0x000000070dc00000, 0x000000070dc00000, 0x000000070de00000|  0%| F|  |TAMS 0x000000070dc00000, 0x000000070dc00000| Untracked 
| 111|0x000000070de00000, 0x000000070de00000, 0x000000070e000000|  0%| F|  |TAMS 0x000000070de00000, 0x000000070de00000| Untracked 
| 112|0x000000070e000000, 0x000000070e000000, 0x000000070e200000|  0%| F|  |TAMS 0x000000070e000000, 0x000000070e000000| Untracked 
| 113|0x000000070e200000, 0x000000070e200000, 0x000000070e400000|  0%| F|  |TAMS 0x000000070e200000, 0x000000070e200000| Untracked 
| 114|0x000000070e400000, 0x000000070e400000, 0x000000070e600000|  0%| F|  |TAMS 0x000000070e400000, 0x000000070e400000| Untracked 
| 115|0x000000070e600000, 0x000000070e600000, 0x000000070e800000|  0%| F|  |TAMS 0x000000070e600000, 0x000000070e600000| Untracked 
| 116|0x000000070e800000, 0x000000070e800000, 0x000000070ea00000|  0%| F|  |TAMS 0x000000070e800000, 0x000000070e800000| Untracked 
| 117|0x000000070ea00000, 0x000000070ea00000, 0x000000070ec00000|  0%| F|  |TAMS 0x000000070ea00000, 0x000000070ea00000| Untracked 
| 118|0x000000070ec00000, 0x000000070ec00000, 0x000000070ee00000|  0%| F|  |TAMS 0x000000070ec00000, 0x000000070ec00000| Untracked 
| 119|0x000000070ee00000, 0x000000070ee00000, 0x000000070f000000|  0%| F|  |TAMS 0x000000070ee00000, 0x000000070ee00000| Untracked 
| 120|0x000000070f000000, 0x000000070f000000, 0x000000070f200000|  0%| F|  |TAMS 0x000000070f000000, 0x000000070f000000| Untracked 
| 121|0x000000070f200000, 0x000000070f200000, 0x000000070f400000|  0%| F|  |TAMS 0x000000070f200000, 0x000000070f200000| Untracked 
| 122|0x000000070f400000, 0x000000070f400000, 0x000000070f600000|  0%| F|  |TAMS 0x000000070f400000, 0x000000070f400000| Untracked 
| 123|0x000000070f600000, 0x000000070f600000, 0x000000070f800000|  0%| F|  |TAMS 0x000000070f600000, 0x000000070f600000| Untracked 
| 124|0x000000070f800000, 0x000000070f800000, 0x000000070fa00000|  0%| F|  |TAMS 0x000000070f800000, 0x000000070f800000| Untracked 
| 125|0x000000070fa00000, 0x000000070fa00000, 0x000000070fc00000|  0%| F|  |TAMS 0x000000070fa00000, 0x000000070fa00000| Untracked 
| 126|0x000000070fc00000, 0x000000070fc00000, 0x000000070fe00000|  0%| F|  |TAMS 0x000000070fc00000, 0x000000070fc00000| Untracked 
| 127|0x000000070fe00000, 0x000000070fe00000, 0x0000000710000000|  0%| F|  |TAMS 0x000000070fe00000, 0x000000070fe00000| Untracked 
| 128|0x0000000710000000, 0x0000000710000000, 0x0000000710200000|  0%| F|  |TAMS 0x0000000710000000, 0x0000000710000000| Untracked 
| 129|0x0000000710200000, 0x0000000710200000, 0x0000000710400000|  0%| F|  |TAMS 0x0000000710200000, 0x0000000710200000| Untracked 
| 130|0x0000000710400000, 0x0000000710400000, 0x0000000710600000|  0%| F|  |TAMS 0x0000000710400000, 0x0000000710400000| Untracked 
| 131|0x0000000710600000, 0x0000000710700800, 0x0000000710800000| 50%| E|  |TAMS 0x0000000710600000, 0x0000000710600000| Complete 
| 132|0x0000000710800000, 0x0000000710a00000, 0x0000000710a00000|100%| E|CS|TAMS 0x0000000710800000, 0x0000000710800000| Complete 
| 133|0x0000000710a00000, 0x0000000710c00000, 0x0000000710c00000|100%| E|CS|TAMS 0x0000000710a00000, 0x0000000710a00000| Complete 
| 134|0x0000000710c00000, 0x0000000710e00000, 0x0000000710e00000|100%| E|CS|TAMS 0x0000000710c00000, 0x0000000710c00000| Complete 
| 135|0x0000000710e00000, 0x0000000711000000, 0x0000000711000000|100%| E|CS|TAMS 0x0000000710e00000, 0x0000000710e00000| Complete 
| 136|0x0000000711000000, 0x0000000711200000, 0x0000000711200000|100%| E|CS|TAMS 0x0000000711000000, 0x0000000711000000| Complete 
| 137|0x0000000711200000, 0x0000000711400000, 0x0000000711400000|100%| E|CS|TAMS 0x0000000711200000, 0x0000000711200000| Complete 
| 138|0x0000000711400000, 0x0000000711600000, 0x0000000711600000|100%| E|CS|TAMS 0x0000000711400000, 0x0000000711400000| Complete 
| 139|0x0000000711600000, 0x0000000711800000, 0x0000000711800000|100%| E|CS|TAMS 0x0000000711600000, 0x0000000711600000| Complete 
| 140|0x0000000711800000, 0x0000000711a00000, 0x0000000711a00000|100%| E|CS|TAMS 0x0000000711800000, 0x0000000711800000| Complete 
| 141|0x0000000711a00000, 0x0000000711c00000, 0x0000000711c00000|100%| E|CS|TAMS 0x0000000711a00000, 0x0000000711a00000| Complete 
| 142|0x0000000711c00000, 0x0000000711e00000, 0x0000000711e00000|100%| E|CS|TAMS 0x0000000711c00000, 0x0000000711c00000| Complete 

Card table byte_map: [0x0000029555c50000,0x0000029556450000] _byte_map_base: 0x0000029552450000

Marking Bits (Prev, Next): (CMBitMap*) 0x000002953e0dbb20, (CMBitMap*) 0x000002953e0dbb60
 Prev Bits: [0x0000029556c50000, 0x000002955ac50000)
 Next Bits: [0x000002955ac50000, 0x000002955ec50000)

Polling page: 0x000002953c7e0000

Metaspace:

Usage:
  Non-class:     81.92 MB used.
      Class:     13.44 MB used.
       Both:     95.35 MB used.

Virtual space:
  Non-class space:      128.00 MB reserved,      82.50 MB ( 64%) committed,  2 nodes.
      Class space:      832.00 MB reserved,      14.06 MB (  2%) committed,  1 nodes.
             Both:      960.00 MB reserved,      96.56 MB ( 10%) committed. 

Chunk freelists:
   Non-Class:  12.89 MB
       Class:  1.92 MB
        Both:  14.81 MB

MaxMetaspaceSize: 1.00 GB
CompressedClassSpaceSize: 832.00 MB
Initial GC threshold: 21.00 MB
Current GC threshold: 118.25 MB
CDS: on
MetaspaceReclaimPolicy: balanced
 - commit_granule_bytes: 65536.
 - commit_granule_words: 8192.
 - virtual_space_node_default_size: 8388608.
 - enlarge_chunks_in_place: 1.
 - new_chunks_are_fully_committed: 0.
 - uncommit_free_chunks: 1.
 - use_allocation_guard: 0.
 - handle_deallocations: 1.


Internal statistics:

num_allocs_failed_limit: 6.
num_arena_births: 1714.
num_arena_deaths: 0.
num_vsnodes_births: 3.
num_vsnodes_deaths: 0.
num_space_committed: 1545.
num_space_uncommitted: 0.
num_chunks_returned_to_freelist: 6.
num_chunks_taken_from_freelist: 6172.
num_chunk_merges: 6.
num_chunk_splits: 3985.
num_chunks_enlarged: 2488.
num_inconsistent_stats: 0.

CodeHeap 'non-profiled nmethods': size=120000Kb used=8105Kb max_used=8105Kb free=111894Kb
 bounds [0x000002954d4c0000, 0x000002954dcb0000, 0x00000295549f0000]
CodeHeap 'profiled nmethods': size=120000Kb used=23190Kb max_used=23190Kb free=96809Kb
 bounds [0x00000295459f0000, 0x00000295470a0000, 0x000002954cf20000]
CodeHeap 'non-nmethods': size=5760Kb used=1758Kb max_used=1808Kb free=4001Kb
 bounds [0x000002954cf20000, 0x000002954d190000, 0x000002954d4c0000]
 total_blobs=12387 nmethods=11543 adapters=756
 compilation: enabled
              stopped_count=0, restarted_count=0
 full_count=0

Compilation events (20 events):
Event: 29.192 Thread 0x00000295617fe190 13096       3       com.android.build.gradle.internal.cxx.settings.CxxAbiModelSettingsRewriterKt::toFile (9 bytes)
Event: 29.192 Thread 0x00000295617fe190 nmethod 13096 0x0000029547083110 code [0x00000295470832c0, 0x0000029547083448]
Event: 29.192 Thread 0x00000295617fe190 13097       3       java.lang.Boolean::equals (29 bytes)
Event: 29.192 Thread 0x00000295617fe190 nmethod 13097 0x0000029547083510 code [0x00000295470836c0, 0x0000029547083ab8]
Event: 29.194 Thread 0x00000295617fe190 13099       1       com.google.gson.internal.$Gson$Types$ParameterizedTypeImpl::getRawType (5 bytes)
Event: 29.194 Thread 0x00000295617fe190 nmethod 13099 0x000002954dca9810 code [0x000002954dca99a0, 0x000002954dca9a78]
Event: 29.195 Thread 0x00000295617fe190 13100       3       com.google.gson.internal.bind.TypeAdapters$3::read (6 bytes)
Event: 29.195 Thread 0x00000295617fe190 nmethod 13100 0x0000029547083b90 code [0x0000029547083d40, 0x0000029547083e88]
Event: 29.195 Thread 0x00000295617fe190 13101       3       com.google.gson.internal.bind.TypeAdapters$3::read (44 bytes)
Event: 29.195 Thread 0x00000295617fe190 nmethod 13101 0x0000029547083f10 code [0x0000029547084140, 0x0000029547084868]
Event: 29.201 Thread 0x00000295617fe190 13102       1       com.google.gson.stream.JsonReader::setLenient (6 bytes)
Event: 29.201 Thread 0x00000295617fe190 nmethod 13102 0x000002954dca9b10 code [0x000002954dca9ca0, 0x000002954dca9d78]
Event: 29.201 Thread 0x00000295617fe190 13103       3       java.lang.reflect.Field::getGenericType (20 bytes)
Event: 29.203 Thread 0x00000295617fe190 nmethod 13103 0x0000029547084a90 code [0x0000029547084d80, 0x00000295470862a8]
Event: 29.203 Thread 0x00000295617fe190 13104       3       com.google.gson.internal.bind.ReflectiveTypeAdapterFactory::getFieldNames (124 bytes)
Event: 29.204 Thread 0x00000295617fe190 nmethod 13104 0x0000029547086910 code [0x0000029547086c80, 0x0000029547088518]
Event: 29.204 Thread 0x00000295617fe190 13105       3       com.google.gson.internal.LinkedTreeMap::replaceInParent (75 bytes)
Event: 29.204 Thread 0x00000295617fe190 nmethod 13105 0x0000029547088e10 code [0x0000029547088fe0, 0x00000295470893f8]
Event: 29.207 Thread 0x00000295617fe190 13106       3       com.google.gson.internal.LinkedTreeMap$Node::hashCode (38 bytes)
Event: 29.207 Thread 0x00000295617fe190 nmethod 13106 0x0000029547089510 code [0x00000295470896c0, 0x0000029547089a38]

GC Heap History (20 events):
Event: 21.632 GC heap before
{Heap before GC invocations=44 (full 0):
 garbage-first heap   total 133120K, used 101750K [0x0000000700000000, 0x0000000800000000)
  region size 2048K, 13 young (26624K), 1 survivors (2048K)
 Metaspace       used 71594K, committed 72640K, reserved 917504K
  class space    used 10279K, committed 10816K, reserved 851968K
}
Event: 21.635 GC heap after
{Heap after GC invocations=45 (full 0):
 garbage-first heap   total 159744K, used 81166K [0x0000000700000000, 0x0000000800000000)
  region size 2048K, 2 young (4096K), 2 survivors (4096K)
 Metaspace       used 71594K, committed 72640K, reserved 917504K
  class space    used 10279K, committed 10816K, reserved 851968K
}
Event: 21.924 GC heap before
{Heap before GC invocations=46 (full 0):
 garbage-first heap   total 159744K, used 122126K [0x0000000700000000, 0x0000000800000000)
  region size 2048K, 23 young (47104K), 2 survivors (4096K)
 Metaspace       used 71643K, committed 72704K, reserved 917504K
  class space    used 10279K, committed 10816K, reserved 851968K
}
Event: 21.927 GC heap after
{Heap after GC invocations=47 (full 0):
 garbage-first heap   total 159744K, used 82193K [0x0000000700000000, 0x0000000800000000)
  region size 2048K, 2 young (4096K), 2 survivors (4096K)
 Metaspace       used 71643K, committed 72704K, reserved 917504K
  class space    used 10279K, committed 10816K, reserved 851968K
}
Event: 21.935 GC heap before
{Heap before GC invocations=47 (full 0):
 garbage-first heap   total 159744K, used 84241K [0x0000000700000000, 0x0000000800000000)
  region size 2048K, 3 young (6144K), 2 survivors (4096K)
 Metaspace       used 71643K, committed 72704K, reserved 917504K
  class space    used 10279K, committed 10816K, reserved 851968K
}
Event: 21.938 GC heap after
{Heap after GC invocations=48 (full 0):
 garbage-first heap   total 159744K, used 81416K [0x0000000700000000, 0x0000000800000000)
  region size 2048K, 1 young (2048K), 1 survivors (2048K)
 Metaspace       used 71643K, committed 72704K, reserved 917504K
  class space    used 10279K, committed 10816K, reserved 851968K
}
Event: 22.177 GC heap before
{Heap before GC invocations=48 (full 0):
 garbage-first heap   total 159744K, used 126472K [0x0000000700000000, 0x0000000800000000)
  region size 2048K, 23 young (47104K), 1 survivors (2048K)
 Metaspace       used 71647K, committed 72704K, reserved 917504K
  class space    used 10279K, committed 10816K, reserved 851968K
}
Event: 22.179 GC heap after
{Heap after GC invocations=49 (full 0):
 garbage-first heap   total 159744K, used 83234K [0x0000000700000000, 0x0000000800000000)
  region size 2048K, 2 young (4096K), 2 survivors (4096K)
 Metaspace       used 71647K, committed 72704K, reserved 917504K
  class space    used 10279K, committed 10816K, reserved 851968K
}
Event: 22.433 GC heap before
{Heap before GC invocations=49 (full 0):
 garbage-first heap   total 159744K, used 124194K [0x0000000700000000, 0x0000000800000000)
  region size 2048K, 23 young (47104K), 2 survivors (4096K)
 Metaspace       used 71665K, committed 72704K, reserved 917504K
  class space    used 10280K, committed 10816K, reserved 851968K
}
Event: 22.436 GC heap after
{Heap after GC invocations=50 (full 0):
 garbage-first heap   total 159744K, used 86726K [0x0000000700000000, 0x0000000800000000)
  region size 2048K, 3 young (6144K), 3 survivors (6144K)
 Metaspace       used 71665K, committed 72704K, reserved 917504K
  class space    used 10280K, committed 10816K, reserved 851968K
}
Event: 23.086 GC heap before
{Heap before GC invocations=50 (full 0):
 garbage-first heap   total 159744K, used 125638K [0x0000000700000000, 0x0000000800000000)
  region size 2048K, 23 young (47104K), 3 survivors (6144K)
 Metaspace       used 73505K, committed 74688K, reserved 917504K
  class space    used 10508K, committed 11072K, reserved 851968K
}
Event: 23.092 GC heap after
{Heap after GC invocations=51 (full 0):
 garbage-first heap   total 292864K, used 95829K [0x0000000700000000, 0x0000000800000000)
  region size 2048K, 3 young (6144K), 3 survivors (6144K)
 Metaspace       used 73505K, committed 74688K, reserved 917504K
  class space    used 10508K, committed 11072K, reserved 851968K
}
Event: 24.275 GC heap before
{Heap before GC invocations=51 (full 0):
 garbage-first heap   total 292864K, used 187989K [0x0000000700000000, 0x0000000800000000)
  region size 2048K, 49 young (100352K), 3 survivors (6144K)
 Metaspace       used 80029K, committed 81152K, reserved 983040K
  class space    used 11294K, committed 11840K, reserved 851968K
}
Event: 24.282 GC heap after
{Heap after GC invocations=52 (full 0):
 garbage-first heap   total 292864K, used 103202K [0x0000000700000000, 0x0000000800000000)
  region size 2048K, 7 young (14336K), 7 survivors (14336K)
 Metaspace       used 80029K, committed 81152K, reserved 983040K
  class space    used 11294K, committed 11840K, reserved 851968K
}
Event: 25.867 GC heap before
{Heap before GC invocations=52 (full 0):
 garbage-first heap   total 292864K, used 201506K [0x0000000700000000, 0x0000000800000000)
  region size 2048K, 53 young (108544K), 7 survivors (14336K)
 Metaspace       used 86494K, committed 87616K, reserved 983040K
  class space    used 12177K, committed 12736K, reserved 851968K
}
Event: 25.874 GC heap after
{Heap after GC invocations=53 (full 0):
 garbage-first heap   total 292864K, used 110602K [0x0000000700000000, 0x0000000800000000)
  region size 2048K, 6 young (12288K), 6 survivors (12288K)
 Metaspace       used 86494K, committed 87616K, reserved 983040K
  class space    used 12177K, committed 12736K, reserved 851968K
}
Event: 27.486 GC heap before
{Heap before GC invocations=53 (full 0):
 garbage-first heap   total 292864K, used 206858K [0x0000000700000000, 0x0000000800000000)
  region size 2048K, 53 young (108544K), 6 survivors (12288K)
 Metaspace       used 90354K, committed 91520K, reserved 983040K
  class space    used 12648K, committed 13184K, reserved 851968K
}
Event: 27.494 GC heap after
{Heap after GC invocations=54 (full 0):
 garbage-first heap   total 292864K, used 118391K [0x0000000700000000, 0x0000000800000000)
  region size 2048K, 6 young (12288K), 6 survivors (12288K)
 Metaspace       used 90354K, committed 91520K, reserved 983040K
  class space    used 12648K, committed 13184K, reserved 851968K
}
Event: 28.953 GC heap before
{Heap before GC invocations=54 (full 0):
 garbage-first heap   total 292864K, used 214647K [0x0000000700000000, 0x0000000800000000)
  region size 2048K, 53 young (108544K), 6 survivors (12288K)
 Metaspace       used 96521K, committed 97792K, reserved 983040K
  class space    used 13642K, committed 14272K, reserved 851968K
}
Event: 28.962 GC heap after
{Heap after GC invocations=55 (full 0):
 garbage-first heap   total 292864K, used 122134K [0x0000000700000000, 0x0000000800000000)
  region size 2048K, 3 young (6144K), 3 survivors (6144K)
 Metaspace       used 96521K, committed 97792K, reserved 983040K
  class space    used 13642K, committed 14272K, reserved 851968K
}

Deoptimization events (20 events):
Event: 28.773 Thread 0x0000029567949800 Uncommon trap: trap_request=0xffffff45 fr.pc=0x000002954d948cc0 relative=0x0000000000000c60
Event: 28.773 Thread 0x0000029567949800 Uncommon trap: reason=unstable_if action=reinterpret pc=0x000002954d948cc0 method=java.util.Properties$LineReader.readLine()I @ 25 c2
Event: 28.773 Thread 0x0000029567949800 DEOPT PACKING pc=0x000002954d948cc0 sp=0x000000c7171f4a30
Event: 28.773 Thread 0x0000029567949800 DEOPT UNPACKING pc=0x000002954cf75ba3 sp=0x000000c7171f49d8 mode 2
Event: 28.795 Thread 0x0000029567949800 Uncommon trap: trap_request=0xffffff45 fr.pc=0x000002954d95d454 relative=0x0000000000000474
Event: 28.795 Thread 0x0000029567949800 Uncommon trap: reason=unstable_if action=reinterpret pc=0x000002954d95d454 method=java.io.WinNTFileSystem.prefixLength(Ljava/lang/String;)I @ 11 c2
Event: 28.795 Thread 0x0000029567949800 DEOPT PACKING pc=0x000002954d95d454 sp=0x000000c7171f5520
Event: 28.795 Thread 0x0000029567949800 DEOPT UNPACKING pc=0x000002954cf75ba3 sp=0x000000c7171f5460 mode 2
Event: 28.899 Thread 0x0000029567949800 Uncommon trap: trap_request=0xffffff45 fr.pc=0x000002954dc683f4 relative=0x00000000000000d4
Event: 28.899 Thread 0x0000029567949800 Uncommon trap: reason=unstable_if action=reinterpret pc=0x000002954dc683f4 method=com.google.gson.stream.JsonReader.peek()Lcom/google/gson/stream/JsonToken; @ 15 c2
Event: 28.899 Thread 0x0000029567949800 DEOPT PACKING pc=0x000002954dc683f4 sp=0x000000c7171f4f30
Event: 28.899 Thread 0x0000029567949800 DEOPT UNPACKING pc=0x000002954cf75ba3 sp=0x000000c7171f4eb8 mode 2
Event: 28.982 Thread 0x0000029567949800 Uncommon trap: trap_request=0xffffff45 fr.pc=0x000002954d75c610 relative=0x0000000000000570
Event: 28.982 Thread 0x0000029567949800 Uncommon trap: reason=unstable_if action=reinterpret pc=0x000002954d75c610 method=java.io.WinNTFileSystem.isLetter(C)Z @ 21 c2
Event: 28.983 Thread 0x0000029567949800 DEOPT PACKING pc=0x000002954d75c610 sp=0x000000c7171f54e0
Event: 28.983 Thread 0x0000029567949800 DEOPT UNPACKING pc=0x000002954cf75ba3 sp=0x000000c7171f5348 mode 2
Event: 28.986 Thread 0x0000029567949800 Uncommon trap: trap_request=0xffffff45 fr.pc=0x000002954d969da0 relative=0x0000000000001080
Event: 28.986 Thread 0x0000029567949800 Uncommon trap: reason=unstable_if action=reinterpret pc=0x000002954d969da0 method=java.io.WinNTFileSystem.isLetter(C)Z @ 9 c2
Event: 28.986 Thread 0x0000029567949800 DEOPT PACKING pc=0x000002954d969da0 sp=0x000000c7171f5410
Event: 28.986 Thread 0x0000029567949800 DEOPT UNPACKING pc=0x000002954cf75ba3 sp=0x000000c7171f52f0 mode 2

Classes unloaded (0 events):
No events

Classes redefined (0 events):
No events

Internal exceptions (20 events):
Event: 26.526 Thread 0x0000029567949800 Exception <a 'java/lang/ClassNotFoundException'{0x000000070eb216c8}: com/android/build/gradle/internal/api/DefaultAndroidSourceSetBeanInfo> (0x000000070eb216c8) 
thrown [s\open\src\hotspot\share\classfile\systemDictionary.cpp, line 256]
Event: 26.527 Thread 0x0000029567949800 Exception <a 'java/lang/ClassNotFoundException'{0x000000070eb31bc8}: com/android/build/gradle/internal/api/DefaultAndroidSourceSetCustomizer> (0x000000070eb31bc8) 
thrown [s\open\src\hotspot\share\classfile\systemDictionary.cpp, line 256]
Event: 26.530 Thread 0x0000029567949800 Exception <a 'java/lang/ClassNotFoundException'{0x000000070eb9b148}: com/android/build/gradle/internal/api/DefaultAndroidSourceSet_DecoratedCustomizer> (0x000000070eb9b148) 
thrown [s\open\src\hotspot\share\classfile\systemDictionary.cpp, line 256]
Event: 26.546 Thread 0x0000029567949800 Exception <a 'java/lang/ClassNotFoundException'{0x000000070e835728}: com/android/build/gradle/internal/api/DefaultAndroidSourceDirectorySetBeanInfo> (0x000000070e835728) 
thrown [s\open\src\hotspot\share\classfile\systemDictionary.cpp, line 256]
Event: 26.547 Thread 0x0000029567949800 Exception <a 'java/lang/ClassNotFoundException'{0x000000070e845d40}: com/android/build/gradle/internal/api/DefaultAndroidSourceDirectorySetCustomizer> (0x000000070e845d40) 
thrown [s\open\src\hotspot\share\classfile\systemDictionary.cpp, line 256]
Event: 26.558 Thread 0x0000029567949800 Exception <a 'java/lang/ClassNotFoundException'{0x000000070e8af548}: groovy/lang/GString$1BeanInfo> (0x000000070e8af548) 
thrown [s\open\src\hotspot\share\classfile\systemDictionary.cpp, line 256]
Event: 26.560 Thread 0x0000029567949800 Exception <a 'java/lang/ClassNotFoundException'{0x000000070e8d4c58}: groovy/lang/GStringBeanInfo> (0x000000070e8d4c58) 
thrown [s\open\src\hotspot\share\classfile\systemDictionary.cpp, line 256]
Event: 26.563 Thread 0x0000029567949800 Exception <a 'java/lang/ClassNotFoundException'{0x000000070e8fa5e0}: groovy/lang/GStringCustomizer> (0x000000070e8fa5e0) 
thrown [s\open\src\hotspot\share\classfile\systemDictionary.cpp, line 256]
Event: 26.569 Thread 0x0000029567949800 Exception <a 'java/lang/ClassNotFoundException'{0x000000070e929b18}: groovy/lang/GString$1Customizer> (0x000000070e929b18) 
thrown [s\open\src\hotspot\share\classfile\systemDictionary.cpp, line 256]
Event: 26.586 Thread 0x0000029567949800 Exception <a 'java/lang/ClassNotFoundException'{0x000000070e6fa7b8}: org/codehaus/groovy/runtime/GStringImplBeanInfo> (0x000000070e6fa7b8) 
thrown [s\open\src\hotspot\share\classfile\systemDictionary.cpp, line 256]
Event: 26.592 Thread 0x0000029567949800 Exception <a 'java/lang/ClassNotFoundException'{0x000000070e46d760}: org/codehaus/groovy/runtime/GStringImplCustomizer> (0x000000070e46d760) 
thrown [s\open\src\hotspot\share\classfile\systemDictionary.cpp, line 256]
Event: 26.905 Thread 0x0000029567949800 Exception <a 'java/lang/ClassNotFoundException'{0x000000070d10eaf8}: com/google/common/collect/SingletonImmutableSetBeanInfo> (0x000000070d10eaf8) 
thrown [s\open\src\hotspot\share\classfile\systemDictionary.cpp, line 256]
Event: 26.905 Thread 0x0000029567949800 Exception <a 'java/lang/ClassNotFoundException'{0x000000070d11c0a8}: com/google/common/collect/ImmutableSetBeanInfo> (0x000000070d11c0a8) 
thrown [s\open\src\hotspot\share\classfile\systemDictionary.cpp, line 256]
Event: 26.906 Thread 0x0000029567949800 Exception <a 'java/lang/ClassNotFoundException'{0x000000070d1296c8}: com/google/common/collect/ImmutableCollectionBeanInfo> (0x000000070d1296c8) 
thrown [s\open\src\hotspot\share\classfile\systemDictionary.cpp, line 256]
Event: 26.906 Thread 0x0000029567949800 Exception <a 'java/lang/ClassNotFoundException'{0x000000070d136cd0}: com/google/common/collect/ImmutableCollectionCustomizer> (0x000000070d136cd0) 
thrown [s\open\src\hotspot\share\classfile\systemDictionary.cpp, line 256]
Event: 26.918 Thread 0x0000029567949800 Exception <a 'java/lang/ClassNotFoundException'{0x000000070d1923b8}: com/google/common/collect/ImmutableSetCustomizer> (0x000000070d1923b8) 
thrown [s\open\src\hotspot\share\classfile\systemDictionary.cpp, line 256]
Event: 26.919 Thread 0x0000029567949800 Exception <a 'java/lang/ClassNotFoundException'{0x000000070d1b8140}: com/google/common/collect/SingletonImmutableSetCustomizer> (0x000000070d1b8140) 
thrown [s\open\src\hotspot\share\classfile\systemDictionary.cpp, line 256]
Event: 26.941 Thread 0x0000029567949800 Exception <a 'java/lang/ClassNotFoundException'{0x000000070ce35348}: org/gradle/configuration/internal/DefaultListenerBuildOperationDecorator$BuildOperationEmittingClosureBeanInfo> (0x000000070ce35348) 
thrown [s\open\src\hotspot\share\classfile\systemDictionary.cpp, line 256]
Event: 26.942 Thread 0x0000029567949800 Exception <a 'java/lang/ClassNotFoundException'{0x000000070ce50d60}: org/gradle/configuration/internal/DefaultListenerBuildOperationDecorator$BuildOperationEmittingClosureCustomizer> (0x000000070ce50d60) 
thrown [s\open\src\hotspot\share\classfile\systemDictionary.cpp, line 256]
Event: 28.840 Thread 0x0000029567949800 Exception <a 'sun/nio/fs/WindowsException'{0x000000070c4253b0}> (0x000000070c4253b0) 
thrown [s\open\src\hotspot\share\prims\jni.cpp, line 516]

VM Operations (20 events):
Event: 26.758 Executing VM operation: HandshakeAllThreads
Event: 26.758 Executing VM operation: HandshakeAllThreads done
Event: 26.792 Executing VM operation: HandshakeAllThreads
Event: 26.792 Executing VM operation: HandshakeAllThreads done
Event: 26.916 Executing VM operation: ICBufferFull
Event: 26.916 Executing VM operation: ICBufferFull done
Event: 27.486 Executing VM operation: G1CollectForAllocation
Event: 27.494 Executing VM operation: G1CollectForAllocation done
Event: 27.507 Executing VM operation: HandshakeAllThreads
Event: 27.507 Executing VM operation: HandshakeAllThreads done
Event: 28.515 Executing VM operation: Cleanup
Event: 28.515 Executing VM operation: Cleanup done
Event: 28.891 Executing VM operation: HandshakeAllThreads
Event: 28.891 Executing VM operation: HandshakeAllThreads done
Event: 28.896 Executing VM operation: HandshakeAllThreads
Event: 28.897 Executing VM operation: HandshakeAllThreads done
Event: 28.953 Executing VM operation: G1CollectForAllocation
Event: 28.962 Executing VM operation: G1CollectForAllocation done
Event: 29.966 Executing VM operation: Cleanup
Event: 29.966 Executing VM operation: Cleanup done

Events (20 events):
Event: 26.795 loading class jdk/internal/jimage/ImageReader$Resource done
Event: 26.899 loading class java/util/WeakHashMap$KeyIterator
Event: 26.899 loading class java/util/WeakHashMap$HashIterator
Event: 26.899 loading class java/util/WeakHashMap$HashIterator done
Event: 26.899 loading class java/util/WeakHashMap$KeyIterator done
Event: 27.228 Thread 0x000002956945fc90 Thread exited: 0x000002956945fc90
Event: 27.228 Thread 0x00000295694611d0 Thread exited: 0x00000295694611d0
Event: 27.894 Thread 0x000002956a3db540 Thread added: 0x000002956a3db540
Event: 27.941 loading class java/util/regex/Pattern$Caret
Event: 27.941 loading class java/util/regex/Pattern$Caret done
Event: 28.178 Thread 0x000002956a3db540 Thread exited: 0x000002956a3db540
Event: 28.652 Thread 0x000002956a3db540 Thread added: 0x000002956a3db540
Event: 28.819 loading class java/net/Proxy
Event: 28.819 loading class java/net/Proxy done
Event: 28.820 loading class java/net/Proxy$Type
Event: 28.820 loading class java/net/Proxy$Type done
Event: 28.894 loading class java/io/FileReader
Event: 28.894 loading class java/io/FileReader done
Event: 28.949 loading class jdk/internal/reflect/UnsafeQualifiedIntegerFieldAccessorImpl
Event: 28.949 loading class jdk/internal/reflect/UnsafeQualifiedIntegerFieldAccessorImpl done


Dynamic libraries:
0x00007ff61bb70000 - 0x00007ff61bb80000 	C:\Program Files\Java\jdk-17\bin\java.exe
0x00007fff10b60000 - 0x00007fff10dc8000 	C:\WINDOWS\SYSTEM32\ntdll.dll
0x00007fff0fe00000 - 0x00007fff0fec9000 	C:\WINDOWS\System32\KERNEL32.DLL
0x00007fff0df70000 - 0x00007fff0e368000 	C:\WINDOWS\System32\KERNELBASE.dll
0x00007fff0dcb0000 - 0x00007fff0ddfb000 	C:\WINDOWS\System32\ucrtbase.dll
0x00007ffefbe60000 - 0x00007ffefbe79000 	C:\Program Files\Java\jdk-17\bin\jli.dll
0x00007ffefbd20000 - 0x00007ffefbd3b000 	C:\Program Files\Java\jdk-17\bin\VCRUNTIME140.dll
0x00007fff100f0000 - 0x00007fff101a4000 	C:\WINDOWS\System32\ADVAPI32.dll
0x00007fff0fc20000 - 0x00007fff0fcc9000 	C:\WINDOWS\System32\msvcrt.dll
0x00007fff10390000 - 0x00007fff10436000 	C:\WINDOWS\System32\sechost.dll
0x00007fff0ea90000 - 0x00007fff0eba8000 	C:\WINDOWS\System32\RPCRT4.dll
0x00007fff104c0000 - 0x00007fff10687000 	C:\WINDOWS\System32\USER32.dll
0x00007fff0e7a0000 - 0x00007fff0e7c7000 	C:\WINDOWS\System32\win32u.dll
0x00007fff0f000000 - 0x00007fff0f02b000 	C:\WINDOWS\System32\GDI32.dll
0x00007fff0e7d0000 - 0x00007fff0e8fc000 	C:\WINDOWS\System32\gdi32full.dll
0x00007ffef1540000 - 0x00007ffef17d4000 	C:\WINDOWS\WinSxS\amd64_microsoft.windows.common-controls_6595b64144ccf1df_6.0.26100.7019_none_3e06ffa0e335b8a8\COMCTL32.dll
0x00007fff0e370000 - 0x00007fff0e413000 	C:\WINDOWS\System32\msvcp_win.dll
0x00007fff01920000 - 0x00007fff0192b000 	C:\WINDOWS\SYSTEM32\VERSION.dll
0x00007fff0efc0000 - 0x00007fff0eff1000 	C:\WINDOWS\System32\IMM32.DLL
0x00007fff01400000 - 0x00007fff0140c000 	C:\Program Files\Java\jdk-17\bin\vcruntime140_1.dll
0x00007ffee3310000 - 0x00007ffee339e000 	C:\Program Files\Java\jdk-17\bin\msvcp140.dll
0x00007ffe77830000 - 0x00007ffe78410000 	C:\Program Files\Java\jdk-17\bin\server\jvm.dll
0x00007fff104b0000 - 0x00007fff104b8000 	C:\WINDOWS\System32\PSAPI.DLL
0x00007fff040a0000 - 0x00007fff040d5000 	C:\WINDOWS\SYSTEM32\WINMM.dll
0x00007ffeeba80000 - 0x00007ffeeba8a000 	C:\WINDOWS\SYSTEM32\WSOCK32.dll
0x00007fff0ef40000 - 0x00007fff0efb4000 	C:\WINDOWS\System32\WS2_32.dll
0x00007fff0ca70000 - 0x00007fff0ca8b000 	C:\WINDOWS\SYSTEM32\kernel.appcore.dll
0x00007ffefc0d0000 - 0x00007ffefc0da000 	C:\Program Files\Java\jdk-17\bin\jimage.dll
0x00007fff0af40000 - 0x00007fff0b182000 	C:\WINDOWS\SYSTEM32\DBGHELP.DLL
0x00007fff0ebb0000 - 0x00007fff0ef3b000 	C:\WINDOWS\System32\combase.dll
0x00007fff0fce0000 - 0x00007fff0fdb7000 	C:\WINDOWS\System32\OLEAUT32.dll
0x00007ffef1aa0000 - 0x00007ffef1adc000 	C:\WINDOWS\SYSTEM32\dbgcore.DLL
0x00007fff0e6f0000 - 0x00007fff0e795000 	C:\WINDOWS\System32\bcryptPrimitives.dll
0x00007ffefb3d0000 - 0x00007ffefb3de000 	C:\Program Files\Java\jdk-17\bin\instrument.dll
0x00007ffefb890000 - 0x00007ffefb8b5000 	C:\Program Files\Java\jdk-17\bin\java.dll
0x00007ffee3230000 - 0x00007ffee3307000 	C:\Program Files\Java\jdk-17\bin\jsvml.dll
0x00007fff0f030000 - 0x00007fff0f781000 	C:\WINDOWS\System32\SHELL32.dll
0x00007fff0de00000 - 0x00007fff0df6b000 	C:\WINDOWS\System32\wintypes.dll
0x00007fff0b8d0000 - 0x00007fff0c12d000 	C:\WINDOWS\SYSTEM32\windows.storage.dll
0x00007fff10690000 - 0x00007fff10782000 	C:\WINDOWS\System32\SHCORE.dll
0x00007fff10440000 - 0x00007fff104a7000 	C:\WINDOWS\System32\shlwapi.dll
0x00007fff0dbd0000 - 0x00007fff0dbf9000 	C:\WINDOWS\SYSTEM32\profapi.dll
0x00007ffefb7f0000 - 0x00007ffefb808000 	C:\Program Files\Java\jdk-17\bin\zip.dll
0x00007ffefb870000 - 0x00007ffefb889000 	C:\Program Files\Java\jdk-17\bin\net.dll
0x00007fff074e0000 - 0x00007fff07608000 	C:\WINDOWS\SYSTEM32\WINHTTP.dll
0x00007fff0cfe0000 - 0x00007fff0d04b000 	C:\WINDOWS\system32\mswsock.dll
0x00007ffefb810000 - 0x00007ffefb826000 	C:\Program Files\Java\jdk-17\bin\nio.dll
0x00007ffefb7e0000 - 0x00007ffefb7f0000 	C:\Program Files\Java\jdk-17\bin\verify.dll
0x00007ffefb330000 - 0x00007ffefb357000 	C:\Users\VK\.gradle\native\1def1411415f61bf3af743bc5b6707747c0891f09f0c88961ee8f79bc544acac\windows-amd64\native-platform.dll
0x00007ffede090000 - 0x00007ffede107000 	C:\Users\VK\.gradle\native\0.2.8\x86_64-windows-gnu\gradle-fileevents.dll
0x00007ffefbd60000 - 0x00007ffefbd6a000 	C:\Program Files\Java\jdk-17\bin\management.dll
0x00007ffefb860000 - 0x00007ffefb86b000 	C:\Program Files\Java\jdk-17\bin\management_ext.dll
0x00007fff0c4b0000 - 0x00007fff0c4e4000 	C:\WINDOWS\SYSTEM32\IPHLPAPI.DLL
0x00007fff0fcd0000 - 0x00007fff0fcda000 	C:\WINDOWS\System32\NSI.dll
0x00007fff08190000 - 0x00007fff081ae000 	C:\WINDOWS\SYSTEM32\dhcpcsvc6.DLL
0x00007fff08160000 - 0x00007fff08183000 	C:\WINDOWS\SYSTEM32\dhcpcsvc.DLL
0x00007fff0c550000 - 0x00007fff0c67c000 	C:\WINDOWS\SYSTEM32\DNSAPI.dll
0x00007fff0d2a0000 - 0x00007fff0d2bb000 	C:\WINDOWS\SYSTEM32\CRYPTSP.dll
0x00007fff0c9d0000 - 0x00007fff0ca0a000 	C:\WINDOWS\system32\rsaenh.dll
0x00007fff0d090000 - 0x00007fff0d0bb000 	C:\WINDOWS\SYSTEM32\USERENV.dll
0x00007fff0dba0000 - 0x00007fff0dbca000 	C:\WINDOWS\SYSTEM32\bcrypt.dll
0x00007fff0d2c0000 - 0x00007fff0d2cc000 	C:\WINDOWS\SYSTEM32\CRYPTBASE.dll
0x00007fff088c0000 - 0x00007fff088ce000 	C:\Program Files\Java\jdk-17\bin\sunmscapi.dll
0x00007fff0e4e0000 - 0x00007fff0e657000 	C:\WINDOWS\System32\CRYPT32.dll
0x00007fff0d4c0000 - 0x00007fff0d4f0000 	C:\WINDOWS\SYSTEM32\ncrypt.dll
0x00007fff0d470000 - 0x00007fff0d4af000 	C:\WINDOWS\SYSTEM32\NTASN1.dll
0x00007ffe5f0a0000 - 0x00007ffe5f0a8000 	C:\WINDOWS\system32\wshunix.dll

dbghelp: loaded successfully - version: 4.0.5 - missing functions: none
symbol engine: initialized successfully - sym options: 0x614 - pdb path: .;C:\Program Files\Java\jdk-17\bin;C:\WINDOWS\SYSTEM32;C:\WINDOWS\WinSxS\amd64_microsoft.windows.common-controls_6595b64144ccf1df_6.0.26100.7019_none_3e06ffa0e335b8a8;C:\Program Files\Java\jdk-17\bin\server;C:\Users\VK\.gradle\native\1def1411415f61bf3af743bc5b6707747c0891f09f0c88961ee8f79bc544acac\windows-amd64;C:\Users\VK\.gradle\native\0.2.8\x86_64-windows-gnu

VM Arguments:
jvm_args: --add-opens=java.base/java.lang=ALL-UNNAMED --add-opens=java.base/java.lang.invoke=ALL-UNNAMED --add-opens=java.base/java.util=ALL-UNNAMED --add-opens=java.prefs/java.util.prefs=ALL-UNNAMED --add-exports=jdk.compiler/com.sun.tools.javac.api=ALL-UNNAMED --add-exports=jdk.compiler/com.sun.tools.javac.util=ALL-UNNAMED --add-opens=java.base/java.util=ALL-UNNAMED --add-opens=java.prefs/java.util.prefs=ALL-UNNAMED --add-opens=java.base/java.nio.charset=ALL-UNNAMED --add-opens=java.base/java.net=ALL-UNNAMED --add-opens=java.base/java.util.concurrent=ALL-UNNAMED --add-opens=java.base/java.util.concurrent.atomic=ALL-UNNAMED --add-opens=java.xml/javax.xml.namespace=ALL-UNNAMED -XX:MaxMetaspaceSize=1024m -Xmx4096m -Dfile.encoding=windows-1252 -Duser.country=IN -Duser.language=en -Duser.variant -javaagent:C:\Users\VK\.gradle\wrapper\dists\gradle-9.0.0-bin\d6wjpkvcgsg3oed0qlfss3wgl\gradle-9.0.0\lib\agents\gradle-instrumentation-agent-9.0.0.jar 
java_command: org.gradle.launcher.daemon.bootstrap.GradleDaemon 9.0.0
java_class_path (initial): C:\Users\VK\.gradle\wrapper\dists\gradle-9.0.0-bin\d6wjpkvcgsg3oed0qlfss3wgl\gradle-9.0.0\lib\gradle-daemon-main-9.0.0.jar
Launcher Type: SUN_STANDARD

[Global flags]
     intx CICompilerCount                          = 4                                         {product} {ergonomic}
   size_t CompressedClassSpaceSize                 = 872415232                                 {product} {ergonomic}
     uint ConcGCThreads                            = 2                                         {product} {ergonomic}
     uint G1ConcRefinementThreads                  = 8                                         {product} {ergonomic}
   size_t G1HeapRegionSize                         = 2097152                                   {product} {ergonomic}
    uintx GCDrainStackTargetSize                   = 64                                        {product} {ergonomic}
   size_t InitialHeapSize                          = 266338304                                 {product} {ergonomic}
   size_t MarkStackSize                            = 4194304                                   {product} {ergonomic}
   size_t MaxHeapSize                              = 4294967296                                {product} {command line}
   size_t MaxMetaspaceSize                         = 1073741824                                {product} {command line}
   size_t MaxNewSize                               = 2575302656                                {product} {ergonomic}
   size_t MinHeapDeltaBytes                        = 2097152                                   {product} {ergonomic}
   size_t MinHeapSize                              = 8388608                                   {product} {ergonomic}
    uintx NonNMethodCodeHeapSize                   = 5839372                                {pd product} {ergonomic}
    uintx NonProfiledCodeHeapSize                  = 122909434                              {pd product} {ergonomic}
    uintx ProfiledCodeHeapSize                     = 122909434                              {pd product} {ergonomic}
    uintx ReservedCodeCacheSize                    = 251658240                              {pd product} {ergonomic}
     bool SegmentedCodeCache                       = true                                      {product} {ergonomic}
   size_t SoftMaxHeapSize                          = 4294967296                             {manageable} {ergonomic}
     bool UseCompressedClassPointers               = true                           {product lp64_product} {ergonomic}
     bool UseCompressedOops                        = true                           {product lp64_product} {ergonomic}
     bool UseG1GC                                  = true                                      {product} {ergonomic}
     bool UseLargePagesIndividualAllocation        = false                                  {pd product} {ergonomic}

Logging:
Log output configuration:
 #0: stdout all=warning uptime,level,tags
 #1: stderr all=off uptime,level,tags

Environment Variables:
JAVA_HOME=C:\Program Files\Java\jdk-17
PATH=C:\Program Files\Java\jdk-17\bin;C:\Program Files\Common Files\Oracle\Java\javapath;C:\Program Files\Java\jdk-17\bin;C:\Users\VK\AppData\Local\Android\Sdk\emulator;C:\Program Files\Python311\Scripts\;C:\Program Files\Python311\;C:\Program Files (x86)\Common Files\Intel\Shared Libraries\redist\intel64\compiler;C:\Windows\system32;C:\Windows;C:\Windows\System32\Wbem;C:\Windows\System32\WindowsPowerShell\v1.0\;C:\Windows\System32\OpenSSH\;C:\Program Files (x86)\NVIDIA Corporation\PhysX\Common;C:\WINDOWS\system32;C:\WINDOWS;C:\WINDOWS\System32\Wbem;C:\WINDOWS\System32\WindowsPowerShell\v1.0\;C:\WINDOWS\System32\OpenSSH\;C:\Program Files\NVIDIA Corporation\NVIDIA NvDLISR;C:\WINDOWS\system32;C:\WINDOWS;C:\WINDOWS\System32\Wbem;C:\WINDOWS\System32\WindowsPowerShell\v1.0\;C:\WINDOWS\System32\OpenSSH\;C:\Program Files\Cloudflare\Cloudflare WARP\;C:\Program Files\dotnet\;C:\MySQL\MySQL Server 9.1\bin;C:\ffmpeg\ffmpeg\bin;C:\Program Files (x86)\Top Jimmy Software;C:\Program Files\nodejs\;C:\Users\VK\AppData\Local\Android\Sdk\platform-tools;C:\Users\VK\AppData\Local\Android\Sdk\platform-tools;C:\Users\VK\AppData\Local\Android\Sdk\tools;C:\Users\VK\AppData\Local\Android\Sdk\platforms;C:\Users\VK\AppData\Local\Android\Sdk;C:\Users\VK\AppData\Local\Android\Sdk\platforms;C:\Users\VK\AppData\Local\Android\Sdk\platform-tools;C:\Users\VK\AppData\Local\Android\Sdk\build-tools;C:\Users\VK\AppData\Local\Android\Sdk\emulator;D:\Git\cmd;D:\Git\mingw64\bin;D:\Git\usr\bin;C:\Users\VK\AppData\Local\Microsoft\WindowsApps;C:\Users\VK\AppData\Local\Programs\Microsoft VS Code\bin;C:\Python37;C:\Users\VK\AppData\Roaming\npm;C:\Users\VK\AppData\Local\Android\Sdk;C:\Users\VK\AppData\Local\Android\Sdk\platform-tools;C:\Users\VK\AppData\Local\Android\Sdk\emulator;C:\Users\VK\AppData\Local\Android\Sdk\build-tools;C:\Users\VK\AppData\Local\Android\Sdk\platforms;C:\Program Files\Java\jdk-17\bin;D:\cursor\resources\app\bin
USERNAME=VK
LANG=en_US.UTF-8
OS=Windows_NT
PROCESSOR_IDENTIFIER=Intel64 Family 6 Model 140 Stepping 2, GenuineIntel



---------------  S Y S T E M  ---------------

OS:
 Windows 11 , 64 bit Build 26100 (10.0.26100.7019)
OS uptime: 0 days 19:05 hours
Hyper-V role detected

CPU: total 8 (initial active 8) (4 cores per cpu, 2 threads per core) family 6 model 140 stepping 2 microcode 0x16, cx8, cmov, fxsr, ht, mmx, 3dnowpref, sse, sse2, sse3, ssse3, sse4.1, sse4.2, popcnt, lzcnt, tsc, tscinvbit, avx, avx2, aes, erms, clmul, bmi1, bmi2, adx, avx512f, avx512dq, avx512cd, avx512bw, avx512vl, sha, fma, vzeroupper, avx512_vpopcntdq, avx512_vpclmulqdq, avx512_vaes, avx512_vnni, clflush, clflushopt, clwb, avx512_vbmi2, avx512_vbmi, hv

Memory: 4k page, system-wide physical 16167M (1394M free)
TotalPageFile size 28454M (AvailPageFile size 16M)
current process WorkingSet (physical memory assigned to process): 561M, peak: 563M
current process commit charge ("private bytes"): 625M, peak: 627M

vm_info: Java HotSpot(TM) 64-Bit Server VM (17.0.12+8-LTS-286) for windows-amd64 JRE (17.0.12+8-LTS-286), built on Jun  5 2024 06:46:59 by "mach5one" with MS VC++ 17.6 (VS2022)

END.
